<?xml version="1.0" encoding="UTF-8"?>
<coverage generated="1585522706649" clover="3.2.0">
  <project timestamp="1585522706649" name="All files">
    <metrics statements="452" coveredstatements="388" conditionals="523" coveredconditionals="366" methods="95" coveredmethods="77" elements="1070" coveredelements="831" complexity="0" loc="452" ncloc="452" packages="7" files="24" classes="24"/>
    <package name="calendar-provider">
      <metrics statements="78" coveredstatements="66" conditionals="10" coveredconditionals="7" methods="19" coveredmethods="11"/>
      <file name="calendar-provider.ts" path="C:\Users\Maycon\Documents\GitHub\calendar\packages\calendar-provider\calendar-provider.ts">
        <metrics statements="78" coveredstatements="66" conditionals="10" coveredconditionals="7" methods="19" coveredmethods="11"/>
        <line num="23" count="1" type="stmt"/>
        <line num="28" count="19" type="stmt"/>
        <line num="30" count="19" type="stmt"/>
        <line num="31" count="19" type="cond" truecount="1" falsecount="1"/>
        <line num="32" count="38" type="cond" truecount="2" falsecount="0"/>
        <line num="33" count="38" type="cond" truecount="1" falsecount="1"/>
        <line num="34" count="38" type="cond" truecount="1" falsecount="1"/>
        <line num="37" count="19" type="stmt"/>
        <line num="38" count="19" type="stmt"/>
        <line num="39" count="19" type="stmt"/>
        <line num="40" count="19" type="stmt"/>
        <line num="43" count="1" type="stmt"/>
        <line num="44" count="0" type="stmt"/>
        <line num="47" count="1" type="stmt"/>
        <line num="48" count="0" type="stmt"/>
        <line num="51" count="19" type="stmt"/>
        <line num="52" count="1" type="stmt"/>
        <line num="53" count="1" type="stmt"/>
        <line num="56" count="19" type="stmt"/>
        <line num="57" count="13" type="stmt"/>
        <line num="58" count="13" type="stmt"/>
        <line num="61" count="19" type="stmt"/>
        <line num="62" count="1" type="stmt"/>
        <line num="63" count="1" type="stmt"/>
        <line num="66" count="19" type="stmt"/>
        <line num="67" count="0" type="stmt"/>
        <line num="68" count="0" type="stmt"/>
        <line num="71" count="19" type="stmt"/>
        <line num="72" count="1" type="stmt"/>
        <line num="73" count="1" type="stmt"/>
        <line num="74" count="1" type="stmt"/>
        <line num="77" count="19" type="stmt"/>
        <line num="78" count="0" type="stmt"/>
        <line num="79" count="0" type="stmt"/>
        <line num="80" count="0" type="stmt"/>
        <line num="83" count="1" type="stmt"/>
        <line num="84" count="0" type="stmt"/>
        <line num="85" count="0" type="stmt"/>
        <line num="88" count="19" type="stmt"/>
        <line num="89" count="0" type="stmt"/>
        <line num="90" count="0" type="stmt"/>
        <line num="93" count="1" type="stmt"/>
        <line num="94" count="0" type="stmt"/>
        <line num="97" count="46" type="stmt"/>
        <line num="99" count="53" type="stmt"/>
        <line num="101" count="1" type="stmt"/>
        <line num="102" count="46" type="stmt"/>
        <line num="104" count="46" type="stmt"/>
        <line num="105" count="46" type="stmt"/>
        <line num="107" count="46" type="stmt"/>
        <line num="108" count="46" type="stmt"/>
        <line num="109" count="46" type="cond" truecount="2" falsecount="0"/>
        <line num="110" count="25" type="stmt"/>
        <line num="111" count="25" type="stmt"/>
        <line num="114" count="46" type="stmt"/>
        <line num="115" count="1932" type="stmt"/>
        <line num="121" count="1932" type="stmt"/>
        <line num="124" count="46" type="stmt"/>
        <line num="127" count="1" type="stmt"/>
        <line num="128" count="7" type="stmt"/>
        <line num="129" count="7" type="stmt"/>
        <line num="130" count="7" type="stmt"/>
        <line num="131" count="7" type="stmt"/>
        <line num="133" count="7" type="stmt"/>
        <line num="134" count="84" type="stmt"/>
        <line num="139" count="84" type="stmt"/>
        <line num="142" count="7" type="stmt"/>
        <line num="145" count="1" type="stmt"/>
        <line num="146" count="8" type="stmt"/>
        <line num="147" count="8" type="stmt"/>
        <line num="148" count="8" type="stmt"/>
        <line num="149" count="8" type="stmt"/>
        <line num="150" count="8" type="stmt"/>
        <line num="152" count="8" type="stmt"/>
        <line num="153" count="128" type="stmt"/>
        <line num="158" count="128" type="stmt"/>
        <line num="161" count="8" type="stmt"/>
        <line num="163" count="1" type="stmt"/>
      </file>
    </package>
    <package name="react-calendar">
      <metrics statements="89" coveredstatements="67" conditionals="80" coveredconditionals="41" methods="16" coveredmethods="14"/>
      <file name="context.ts" path="C:\Users\Maycon\Documents\GitHub\calendar\packages\react-calendar\context.ts">
        <metrics statements="2" coveredstatements="2" conditionals="0" coveredconditionals="0" methods="0" coveredmethods="0"/>
        <line num="1" count="1" type="stmt"/>
        <line num="4" count="1" type="stmt"/>
      </file>
      <file name="dispatcher-factory.ts" path="C:\Users\Maycon\Documents\GitHub\calendar\packages\react-calendar\dispatcher-factory.ts">
        <metrics statements="64" coveredstatements="42" conditionals="68" coveredconditionals="32" methods="11" coveredmethods="9"/>
        <line num="4" count="1" type="stmt"/>
        <line num="5" count="1" type="stmt"/>
        <line num="6" count="1" type="stmt"/>
        <line num="7" count="1" type="stmt"/>
        <line num="8" count="1" type="stmt"/>
        <line num="29" count="1" type="stmt"/>
        <line num="31" count="19" type="stmt"/>
        <line num="32" count="19" type="stmt"/>
        <line num="33" count="19" type="stmt"/>
        <line num="34" count="19" type="stmt"/>
        <line num="35" count="19" type="stmt"/>
        <line num="36" count="19" type="stmt"/>
        <line num="37" count="19" type="stmt"/>
        <line num="38" count="19" type="stmt"/>
        <line num="39" count="19" type="stmt"/>
        <line num="40" count="19" type="stmt"/>
        <line num="46" count="12" type="cond" truecount="2" falsecount="0"/>
        <line num="50" count="1" type="stmt"/>
        <line num="54" count="6" type="cond" truecount="4" falsecount="2"/>
        <line num="55" count="6" type="cond" truecount="3" falsecount="1"/>
        <line num="57" count="6" type="cond" truecount="2" falsecount="0"/>
        <line num="58" count="5" type="stmt"/>
        <line num="63" count="8" type="cond" truecount="3" falsecount="1"/>
        <line num="64" count="8" type="cond" truecount="4" falsecount="2"/>
        <line num="66" count="8" type="stmt"/>
        <line num="68" count="4" type="stmt"/>
        <line num="69" count="4" type="stmt"/>
        <line num="72" count="4" type="stmt"/>
        <line num="73" count="4" type="stmt"/>
        <line num="74" count="4" type="stmt"/>
        <line num="75" count="4" type="cond" truecount="2" falsecount="0"/>
        <line num="76" count="3" type="stmt"/>
        <line num="79" count="4" type="cond" truecount="5" falsecount="0"/>
        <line num="80" count="2" type="stmt"/>
        <line num="81" count="2" type="stmt"/>
        <line num="88" count="15" type="cond" truecount="4" falsecount="2"/>
        <line num="89" count="15" type="stmt"/>
        <line num="95" count="15" type="stmt"/>
        <line num="99" count="0" type="cond" truecount="0" falsecount="6"/>
        <line num="101" count="0" type="cond" truecount="0" falsecount="2"/>
        <line num="102" count="0" type="stmt"/>
        <line num="104" count="0" type="cond" truecount="0" falsecount="4"/>
        <line num="105" count="0" type="stmt"/>
        <line num="106" count="0" type="stmt"/>
        <line num="108" count="0" type="stmt"/>
        <line num="110" count="0" type="stmt"/>
        <line num="115" count="9" type="cond" truecount="1" falsecount="1"/>
        <line num="116" count="0" type="cond" truecount="0" falsecount="9"/>
        <line num="117" count="0" type="stmt"/>
        <line num="118" count="0" type="stmt"/>
        <line num="119" count="0" type="stmt"/>
        <line num="121" count="0" type="cond" truecount="0" falsecount="2"/>
        <line num="122" count="0" type="stmt"/>
        <line num="123" count="0" type="stmt"/>
        <line num="126" count="0" type="cond" truecount="0" falsecount="2"/>
        <line num="127" count="0" type="stmt"/>
        <line num="128" count="0" type="stmt"/>
        <line num="131" count="0" type="cond" truecount="0" falsecount="2"/>
        <line num="132" count="0" type="stmt"/>
        <line num="133" count="0" type="stmt"/>
        <line num="137" count="0" type="stmt"/>
        <line num="141" count="9" type="stmt"/>
        <line num="144" count="19" type="stmt"/>
        <line num="158" count="107" type="stmt"/>
      </file>
      <file name="react-calendar.tsx" path="C:\Users\Maycon\Documents\GitHub\calendar\packages\react-calendar\react-calendar.tsx">
        <metrics statements="23" coveredstatements="23" conditionals="12" coveredconditionals="9" methods="5" coveredmethods="5"/>
        <line num="1" count="1" type="stmt"/>
        <line num="2" count="1" type="stmt"/>
        <line num="3" count="1" type="stmt"/>
        <line num="4" count="1" type="stmt"/>
        <line num="5" count="1" type="stmt"/>
        <line num="6" count="1" type="stmt"/>
        <line num="7" count="1" type="stmt"/>
        <line num="8" count="1" type="stmt"/>
        <line num="9" count="1" type="stmt"/>
        <line num="12" count="1" type="stmt"/>
        <line num="14" count="57" type="stmt"/>
        <line num="15" count="57" type="stmt"/>
        <line num="18" count="57" type="stmt"/>
        <line num="19" count="57" type="stmt"/>
        <line num="20" count="57" type="stmt"/>
        <line num="21" count="57" type="stmt"/>
        <line num="29" count="57" type="stmt"/>
        <line num="36" count="107" type="stmt"/>
        <line num="37" count="41" type="cond" truecount="5" falsecount="1"/>
        <line num="38" count="41" type="stmt"/>
        <line num="41" count="57" type="cond" truecount="1" falsecount="1"/>
        <line num="43" count="57" type="stmt"/>
        <line num="45" count="57" type="stmt"/>
      </file>
    </package>
    <package name="react-calendar.__tests__">
      <metrics statements="1" coveredstatements="1" conditionals="0" coveredconditionals="0" methods="0" coveredmethods="0"/>
      <file name="classNames.ts" path="C:\Users\Maycon\Documents\GitHub\calendar\packages\react-calendar\__tests__\classNames.ts">
        <metrics statements="1" coveredstatements="1" conditionals="0" coveredconditionals="0" methods="0" coveredmethods="0"/>
        <line num="1" count="1" type="stmt"/>
      </file>
    </package>
    <package name="react-calendar.components">
      <metrics statements="48" coveredstatements="46" conditionals="68" coveredconditionals="60" methods="15" coveredmethods="13"/>
      <file name="header.tsx" path="C:\Users\Maycon\Documents\GitHub\calendar\packages\react-calendar\components\header.tsx">
        <metrics statements="48" coveredstatements="46" conditionals="68" coveredconditionals="60" methods="15" coveredmethods="13"/>
        <line num="1" count="1" type="stmt"/>
        <line num="2" count="1" type="stmt"/>
        <line num="3" count="1" type="stmt"/>
        <line num="4" count="1" type="stmt"/>
        <line num="5" count="1" type="stmt"/>
        <line num="17" count="57" type="stmt"/>
        <line num="19" count="57" type="stmt"/>
        <line num="20" count="57" type="stmt"/>
        <line num="21" count="57" type="stmt"/>
        <line num="24" count="57" type="stmt"/>
        <line num="38" count="57" type="stmt"/>
        <line num="40" count="57" type="stmt"/>
        <line num="41" count="57" type="stmt"/>
        <line num="42" count="57" type="stmt"/>
        <line num="45" count="57" type="stmt"/>
        <line num="59" count="57" type="stmt"/>
        <line num="61" count="57" type="stmt"/>
        <line num="62" count="57" type="stmt"/>
        <line num="63" count="57" type="stmt"/>
        <line num="66" count="57" type="stmt"/>
        <line num="82" count="46" type="stmt"/>
        <line num="83" count="46" type="stmt"/>
        <line num="84" count="46" type="stmt"/>
        <line num="88" count="46" type="stmt"/>
        <line num="91" count="46" type="stmt"/>
        <line num="93" count="1" type="stmt"/>
        <line num="94" count="6" type="stmt"/>
        <line num="97" count="13" type="stmt"/>
        <line num="103" count="7" type="stmt"/>
        <line num="104" count="7" type="stmt"/>
        <line num="105" count="7" type="stmt"/>
        <line num="107" count="7" type="stmt"/>
        <line num="109" count="1" type="stmt"/>
        <line num="110" count="3" type="stmt"/>
        <line num="111" count="0" type="stmt"/>
        <line num="117" count="4" type="stmt"/>
        <line num="118" count="4" type="stmt"/>
        <line num="119" count="4" type="stmt"/>
        <line num="121" count="4" type="stmt"/>
        <line num="122" count="4" type="stmt"/>
        <line num="124" count="1" type="stmt"/>
        <line num="126" count="0" type="stmt"/>
        <line num="131" count="1" type="stmt"/>
        <line num="133" count="57" type="stmt"/>
        <line num="136" count="57" type="stmt"/>
        <line num="137" count="57" type="stmt"/>
        <line num="138" count="57" type="stmt"/>
        <line num="141" count="57" type="stmt"/>
      </file>
    </package>
    <package name="react-calendar.components.body">
      <metrics statements="132" coveredstatements="112" conditionals="280" coveredconditionals="199" methods="16" coveredmethods="11"/>
      <file name="body.tsx" path="C:\Users\Maycon\Documents\GitHub\calendar\packages\react-calendar\components\body\body.tsx">
        <metrics statements="104" coveredstatements="84" conditionals="185" coveredconditionals="129" methods="15" coveredmethods="10"/>
        <line num="1" count="1" type="stmt"/>
        <line num="2" count="1" type="stmt"/>
        <line num="3" count="1" type="stmt"/>
        <line num="4" count="1" type="stmt"/>
        <line num="5" count="1" type="stmt"/>
        <line num="6" count="1" type="stmt"/>
        <line num="7" count="1" type="stmt"/>
        <line num="8" count="1" type="stmt"/>
        <line num="9" count="1" type="stmt"/>
        <line num="12" count="46" type="stmt"/>
        <line num="13" count="46" type="stmt"/>
        <line num="14" count="46" type="stmt"/>
        <line num="15" count="46" type="stmt"/>
        <line num="18" count="46" type="stmt"/>
        <line num="19" count="46" type="stmt"/>
        <line num="20" count="46" type="stmt"/>
        <line num="21" count="46" type="stmt"/>
        <line num="22" count="46" type="stmt"/>
        <line num="23" count="46" type="stmt"/>
        <line num="24" count="46" type="stmt"/>
        <line num="27" count="46" type="stmt"/>
        <line num="28" count="46" type="stmt"/>
        <line num="30" count="46" type="stmt"/>
        <line num="32" count="1932" type="stmt"/>
        <line num="33" count="1932" type="stmt"/>
        <line num="34" count="1932" type="stmt"/>
        <line num="35" count="1932" type="cond" truecount="2" falsecount="0"/>
        <line num="36" count="1932" type="stmt"/>
        <line num="38" count="1932" type="cond" truecount="2" falsecount="0"/>
        <line num="47" count="1932" type="stmt"/>
        <line num="48" count="17" type="cond" truecount="1" falsecount="1"/>
        <line num="49" count="0" type="stmt"/>
        <line num="50" count="0" type="cond" truecount="0" falsecount="2"/>
        <line num="51" count="0" type="stmt"/>
        <line num="53" count="17" type="cond" truecount="4" falsecount="0"/>
        <line num="54" count="15" type="stmt"/>
        <line num="58" count="1932" type="stmt"/>
        <line num="59" count="1" type="cond" truecount="4" falsecount="1"/>
        <line num="60" count="1" type="stmt"/>
        <line num="64" count="1932" type="stmt"/>
        <line num="65" count="0" type="cond" truecount="0" falsecount="2"/>
        <line num="66" count="0" type="stmt"/>
        <line num="70" count="1932" type="stmt"/>
        <line num="98" count="7" type="stmt"/>
        <line num="99" count="7" type="stmt"/>
        <line num="100" count="7" type="stmt"/>
        <line num="102" count="7" type="stmt"/>
        <line num="106" count="7" type="stmt"/>
        <line num="107" count="7" type="stmt"/>
        <line num="108" count="7" type="stmt"/>
        <line num="109" count="7" type="stmt"/>
        <line num="110" count="7" type="stmt"/>
        <line num="113" count="7" type="stmt"/>
        <line num="114" count="7" type="stmt"/>
        <line num="116" count="7" type="stmt"/>
        <line num="118" count="84" type="stmt"/>
        <line num="119" count="84" type="stmt"/>
        <line num="120" count="84" type="stmt"/>
        <line num="121" count="84" type="stmt"/>
        <line num="123" count="84" type="stmt"/>
        <line num="124" count="0" type="stmt"/>
        <line num="125" count="0" type="stmt"/>
        <line num="126" count="0" type="stmt"/>
        <line num="129" count="84" type="stmt"/>
        <line num="130" count="0" type="stmt"/>
        <line num="131" count="0" type="stmt"/>
        <line num="132" count="0" type="stmt"/>
        <line num="133" count="0" type="stmt"/>
        <line num="136" count="84" type="stmt"/>
        <line num="159" count="4" type="stmt"/>
        <line num="160" count="4" type="stmt"/>
        <line num="161" count="4" type="stmt"/>
        <line num="163" count="4" type="stmt"/>
        <line num="167" count="4" type="stmt"/>
        <line num="168" count="4" type="stmt"/>
        <line num="169" count="4" type="stmt"/>
        <line num="170" count="4" type="stmt"/>
        <line num="173" count="4" type="stmt"/>
        <line num="174" count="4" type="stmt"/>
        <line num="176" count="4" type="stmt"/>
        <line num="178" count="64" type="stmt"/>
        <line num="179" count="64" type="stmt"/>
        <line num="181" count="64" type="stmt"/>
        <line num="182" count="0" type="stmt"/>
        <line num="183" count="0" type="stmt"/>
        <line num="184" count="0" type="stmt"/>
        <line num="185" count="0" type="stmt"/>
        <line num="188" count="64" type="stmt"/>
        <line num="189" count="0" type="stmt"/>
        <line num="190" count="0" type="stmt"/>
        <line num="191" count="0" type="stmt"/>
        <line num="192" count="0" type="stmt"/>
        <line num="195" count="64" type="stmt"/>
        <line num="216" count="1" type="stmt"/>
        <line num="218" count="57" type="stmt"/>
        <line num="221" count="57" type="stmt"/>
        <line num="222" count="57" type="stmt"/>
        <line num="223" count="57" type="stmt"/>
        <line num="224" count="57" type="stmt"/>
        <line num="225" count="57" type="stmt"/>
        <line num="226" count="57" type="stmt"/>
        <line num="227" count="57" type="stmt"/>
        <line num="230" count="57" type="stmt"/>
        <line num="249" count="322" type="stmt"/>
      </file>
      <file name="index.ts" path="C:\Users\Maycon\Documents\GitHub\calendar\packages\react-calendar\components\body\index.ts">
        <metrics statements="1" coveredstatements="1" conditionals="0" coveredconditionals="0" methods="0" coveredmethods="0"/>
        <line num="1" count="1" type="stmt"/>
      </file>
      <file name="pick-range-classnames.ts" path="C:\Users\Maycon\Documents\GitHub\calendar\packages\react-calendar\components\body\pick-range-classnames.ts">
        <metrics statements="27" coveredstatements="27" conditionals="95" coveredconditionals="70" methods="1" coveredmethods="1"/>
        <line num="2" count="1" type="stmt"/>
        <line num="3" count="1" type="stmt"/>
        <line num="4" count="1" type="stmt"/>
        <line num="5" count="1" type="stmt"/>
        <line num="16" count="1" type="stmt"/>
        <line num="18" count="462" type="stmt"/>
        <line num="19" count="462" type="stmt"/>
        <line num="20" count="462" type="stmt"/>
        <line num="21" count="462" type="stmt"/>
        <line num="22" count="462" type="stmt"/>
        <line num="23" count="462" type="stmt"/>
        <line num="26" count="462" type="stmt"/>
        <line num="27" count="462" type="cond" truecount="2" falsecount="0"/>
        <line num="28" count="462" type="stmt"/>
        <line num="30" count="462" type="cond" truecount="2" falsecount="0"/>
        <line num="31" count="462" type="cond" truecount="2" falsecount="0"/>
        <line num="32" count="462" type="cond" truecount="3" falsecount="0"/>
        <line num="35" count="462" type="cond" truecount="2" falsecount="0"/>
        <line num="36" count="462" type="cond" truecount="2" falsecount="0"/>
        <line num="39" count="462" type="cond" truecount="3" falsecount="0"/>
        <line num="40" count="462" type="cond" truecount="2" falsecount="1"/>
        <line num="43" count="462" type="cond" truecount="2" falsecount="0"/>
        <line num="44" count="462" type="cond" truecount="4" falsecount="0"/>
        <line num="47" count="462" type="cond" truecount="2" falsecount="0"/>
        <line num="48" count="462" type="cond" truecount="8" falsecount="2"/>
        <line num="49" count="462" type="cond" truecount="8" falsecount="2"/>
        <line num="51" count="462" type="stmt"/>
      </file>
    </package>
    <package name="react-calendar.hooks">
      <metrics statements="45" coveredstatements="40" conditionals="36" coveredconditionals="20" methods="12" coveredmethods="12"/>
      <file name="use-bind-consumer.ts" path="C:\Users\Maycon\Documents\GitHub\calendar\packages\react-calendar\hooks\use-bind-consumer.ts">
        <metrics statements="16" coveredstatements="11" conditionals="26" coveredconditionals="12" methods="4" coveredmethods="4"/>
        <line num="1" count="1" type="stmt"/>
        <line num="9" count="1" type="stmt"/>
        <line num="10" count="57" type="stmt"/>
        <line num="11" count="57" type="stmt"/>
        <line num="13" count="57" type="stmt"/>
        <line num="14" count="57" type="cond" truecount="5" falsecount="1"/>
        <line num="16" count="57" type="stmt"/>
        <line num="17" count="19" type="cond" truecount="1" falsecount="1"/>
        <line num="18" count="0" type="cond" truecount="0" falsecount="6"/>
        <line num="22" count="57" type="cond" truecount="1" falsecount="1"/>
        <line num="24" count="57" type="cond" truecount="2" falsecount="2"/>
        <line num="25" count="0" type="stmt"/>
        <line num="26" count="0" type="cond" truecount="0" falsecount="2"/>
        <line num="27" count="0" type="stmt"/>
        <line num="28" count="0" type="stmt"/>
        <line num="34" count="57" type="stmt"/>
      </file>
      <file name="use-dispatcher.ts" path="C:\Users\Maycon\Documents\GitHub\calendar\packages\react-calendar\hooks\use-dispatcher.ts">
        <metrics statements="9" coveredstatements="9" conditionals="4" coveredconditionals="2" methods="2" coveredmethods="2"/>
        <line num="1" count="1" type="stmt"/>
        <line num="3" count="1" type="stmt"/>
        <line num="5" count="1" type="stmt"/>
        <line num="7" count="57" type="stmt"/>
        <line num="8" count="57" type="stmt"/>
        <line num="9" count="57" type="stmt"/>
        <line num="13" count="57" type="stmt"/>
        <line num="15" count="57" type="cond" truecount="2" falsecount="2"/>
        <line num="17" count="57" type="stmt"/>
      </file>
      <file name="use-force-update.ts" path="C:\Users\Maycon\Documents\GitHub\calendar\packages\react-calendar\hooks\use-force-update.ts">
        <metrics statements="4" coveredstatements="4" conditionals="0" coveredconditionals="0" methods="2" coveredmethods="2"/>
        <line num="1" count="1" type="stmt"/>
        <line num="3" count="1" type="stmt"/>
        <line num="4" count="57" type="stmt"/>
        <line num="5" count="57" type="stmt"/>
      </file>
      <file name="use-props.ts" path="C:\Users\Maycon\Documents\GitHub\calendar\packages\react-calendar\hooks\use-props.ts">
        <metrics statements="9" coveredstatements="9" conditionals="4" coveredconditionals="4" methods="2" coveredmethods="2"/>
        <line num="1" count="1" type="stmt"/>
        <line num="2" count="1" type="stmt"/>
        <line num="13" count="1" type="stmt"/>
        <line num="24" count="1" type="stmt"/>
        <line num="27" count="388" type="stmt"/>
        <line num="31" count="388" type="stmt"/>
        <line num="32" count="1940" type="cond" truecount="4" falsecount="0"/>
        <line num="33" count="84" type="stmt"/>
        <line num="37" count="388" type="stmt"/>
      </file>
      <file name="use-will-mount.ts" path="C:\Users\Maycon\Documents\GitHub\calendar\packages\react-calendar\hooks\use-will-mount.ts">
        <metrics statements="7" coveredstatements="7" conditionals="2" coveredconditionals="2" methods="2" coveredmethods="2"/>
        <line num="1" count="1" type="stmt"/>
        <line num="3" count="1" type="stmt"/>
        <line num="5" count="1" type="stmt"/>
        <line num="6" count="57" type="stmt"/>
        <line num="8" count="57" type="cond" truecount="2" falsecount="0"/>
        <line num="9" count="19" type="stmt"/>
        <line num="10" count="19" type="stmt"/>
      </file>
    </package>
    <package name="react-calendar.utils">
      <metrics statements="59" coveredstatements="56" conditionals="49" coveredconditionals="39" methods="17" coveredmethods="16"/>
      <file name="classname-resolve.ts" path="C:\Users\Maycon\Documents\GitHub\calendar\packages\react-calendar\utils\classname-resolve.ts">
        <metrics statements="2" coveredstatements="2" conditionals="0" coveredconditionals="0" methods="1" coveredmethods="1"/>
        <line num="1" count="25302" type="stmt"/>
        <line num="2" count="2790" type="stmt"/>
      </file>
      <file name="compare-dates.ts" path="C:\Users\Maycon\Documents\GitHub\calendar\packages\react-calendar\utils\compare-dates.ts">
        <metrics statements="3" coveredstatements="3" conditionals="4" coveredconditionals="3" methods="2" coveredmethods="2"/>
        <line num="1" count="7728" type="stmt"/>
        <line num="2" count="3864" type="cond" truecount="3" falsecount="1"/>
        <line num="3" count="1932" type="stmt"/>
      </file>
      <file name="date-between-range.ts" path="C:\Users\Maycon\Documents\GitHub\calendar\packages\react-calendar\utils\date-between-range.ts">
        <metrics statements="10" coveredstatements="10" conditionals="27" coveredconditionals="24" methods="1" coveredmethods="1"/>
        <line num="1" count="1" type="stmt"/>
        <line num="2" count="378" type="cond" truecount="5" falsecount="0"/>
        <line num="4" count="126" type="cond" truecount="3" falsecount="1"/>
        <line num="5" count="126" type="cond" truecount="3" falsecount="1"/>
        <line num="6" count="126" type="cond" truecount="3" falsecount="1"/>
        <line num="8" count="126" type="cond" truecount="4" falsecount="0"/>
        <line num="9" count="6" type="stmt"/>
        <line num="12" count="120" type="cond" truecount="6" falsecount="0"/>
        <line num="13" count="12" type="stmt"/>
        <line num="16" count="108" type="stmt"/>
      </file>
      <file name="date-diff.ts" path="C:\Users\Maycon\Documents\GitHub\calendar\packages\react-calendar\utils\date-diff.ts">
        <metrics statements="4" coveredstatements="4" conditionals="0" coveredconditionals="0" methods="1" coveredmethods="1"/>
        <line num="1" count="1" type="stmt"/>
        <line num="2" count="344" type="stmt"/>
        <line num="3" count="344" type="stmt"/>
        <line num="4" count="344" type="stmt"/>
      </file>
      <file name="date-includes.ts" path="C:\Users\Maycon\Documents\GitHub\calendar\packages\react-calendar\utils\date-includes.ts">
        <metrics statements="6" coveredstatements="6" conditionals="2" coveredconditionals="2" methods="1" coveredmethods="1"/>
        <line num="1" count="1" type="stmt"/>
        <line num="2" count="2080" type="stmt"/>
        <line num="3" count="4160" type="stmt"/>
        <line num="4" count="791" type="cond" truecount="2" falsecount="0"/>
        <line num="5" count="19" type="stmt"/>
        <line num="9" count="2061" type="stmt"/>
      </file>
      <file name="date-sort.ts" path="C:\Users\Maycon\Documents\GitHub\calendar\packages\react-calendar\utils\date-sort.ts">
        <metrics statements="3" coveredstatements="3" conditionals="0" coveredconditionals="0" methods="2" coveredmethods="2"/>
        <line num="1" count="1371" type="stmt"/>
        <line num="2" count="469" type="stmt"/>
        <line num="3" count="469" type="stmt"/>
      </file>
      <file name="exclude-equal-dates.ts" path="C:\Users\Maycon\Documents\GitHub\calendar\packages\react-calendar\utils\exclude-equal-dates.ts">
        <metrics statements="6" coveredstatements="6" conditionals="0" coveredconditionals="0" methods="4" coveredmethods="4"/>
        <line num="1" count="4872" type="stmt"/>
        <line num="2" count="1218" type="stmt"/>
        <line num="3" count="1218" type="stmt"/>
        <line num="4" count="1176" type="stmt"/>
        <line num="5" count="1176" type="stmt"/>
        <line num="6" count="1176" type="stmt"/>
      </file>
      <file name="get-dates-range.ts" path="C:\Users\Maycon\Documents\GitHub\calendar\packages\react-calendar\utils\get-dates-range.ts">
        <metrics statements="10" coveredstatements="10" conditionals="0" coveredconditionals="0" methods="1" coveredmethods="1"/>
        <line num="1" count="1" type="stmt"/>
        <line num="3" count="1" type="stmt"/>
        <line num="4" count="4" type="stmt"/>
        <line num="5" count="4" type="stmt"/>
        <line num="6" count="4" type="stmt"/>
        <line num="7" count="4" type="stmt"/>
        <line num="9" count="4" type="stmt"/>
        <line num="10" count="14" type="stmt"/>
        <line num="11" count="14" type="stmt"/>
        <line num="14" count="4" type="stmt"/>
      </file>
      <file name="onclick-handler.ts" path="C:\Users\Maycon\Documents\GitHub\calendar\packages\react-calendar\utils\onclick-handler.ts">
        <metrics statements="9" coveredstatements="6" conditionals="10" coveredconditionals="5" methods="3" coveredmethods="2"/>
        <line num="3" count="1" type="stmt"/>
        <line num="4" count="6115" type="stmt"/>
        <line num="5" count="43" type="cond" truecount="3" falsecount="1"/>
        <line num="6" count="0" type="stmt"/>
        <line num="8" count="0" type="cond" truecount="0" falsecount="2"/>
        <line num="10" count="43" type="cond" truecount="1" falsecount="1"/>
        <line num="11" count="0" type="stmt"/>
        <line num="12" count="43" type="cond" truecount="1" falsecount="1"/>
        <line num="13" count="43" type="stmt"/>
      </file>
      <file name="selected-dates.ts" path="C:\Users\Maycon\Documents\GitHub\calendar\packages\react-calendar\utils\selected-dates.ts">
        <metrics statements="6" coveredstatements="6" conditionals="6" coveredconditionals="5" methods="1" coveredmethods="1"/>
        <line num="1" count="1" type="stmt"/>
        <line num="2" count="71" type="cond" truecount="2" falsecount="0"/>
        <line num="3" count="20" type="cond" truecount="1" falsecount="1"/>
        <line num="4" count="51" type="cond" truecount="2" falsecount="0"/>
        <line num="5" count="1" type="stmt"/>
        <line num="8" count="50" type="stmt"/>
      </file>
    </package>
  </project>
</coverage>
