{"C:\\Users\\Maycon\\Documents\\GitHub\\calendar\\packages\\calendar-provider\\calendar-provider.ts": {"path":"C:\\Users\\Maycon\\Documents\\GitHub\\calendar\\packages\\calendar-provider\\calendar-provider.ts","statementMap":{"0":{"start":{"line":23,"column":0},"end":{"line":23,"column":null}},"1":{"start":{"line":30,"column":2},"end":{"line":30,"column":15}},"2":{"start":{"line":28,"column":9},"end":{"line":28,"column":null}},"3":{"start":{"line":51,"column":9},"end":{"line":54,"column":null}},"4":{"start":{"line":52,"column":4},"end":{"line":52,"column":null}},"5":{"start":{"line":53,"column":4},"end":{"line":53,"column":null}},"6":{"start":{"line":56,"column":9},"end":{"line":59,"column":null}},"7":{"start":{"line":57,"column":4},"end":{"line":57,"column":null}},"8":{"start":{"line":58,"column":4},"end":{"line":58,"column":null}},"9":{"start":{"line":61,"column":9},"end":{"line":64,"column":null}},"10":{"start":{"line":62,"column":4},"end":{"line":62,"column":null}},"11":{"start":{"line":63,"column":4},"end":{"line":63,"column":null}},"12":{"start":{"line":66,"column":9},"end":{"line":69,"column":null}},"13":{"start":{"line":67,"column":4},"end":{"line":67,"column":null}},"14":{"start":{"line":68,"column":4},"end":{"line":68,"column":null}},"15":{"start":{"line":71,"column":9},"end":{"line":75,"column":null}},"16":{"start":{"line":72,"column":17},"end":{"line":72,"column":92}},"17":{"start":{"line":73,"column":4},"end":{"line":73,"column":null}},"18":{"start":{"line":74,"column":4},"end":{"line":74,"column":null}},"19":{"start":{"line":77,"column":9},"end":{"line":81,"column":null}},"20":{"start":{"line":78,"column":17},"end":{"line":78,"column":92}},"21":{"start":{"line":79,"column":4},"end":{"line":79,"column":null}},"22":{"start":{"line":80,"column":4},"end":{"line":80,"column":null}},"23":{"start":{"line":88,"column":9},"end":{"line":91,"column":null}},"24":{"start":{"line":89,"column":4},"end":{"line":89,"column":null}},"25":{"start":{"line":90,"column":4},"end":{"line":90,"column":null}},"26":{"start":{"line":31,"column":10},"end":{"line":31,"column":null}},"27":{"start":{"line":32,"column":6},"end":{"line":32,"column":23}},"28":{"start":{"line":33,"column":6},"end":{"line":33,"column":23}},"29":{"start":{"line":34,"column":6},"end":{"line":34,"column":22}},"30":{"start":{"line":37,"column":4},"end":{"line":37,"column":null}},"31":{"start":{"line":38,"column":4},"end":{"line":38,"column":null}},"32":{"start":{"line":39,"column":4},"end":{"line":39,"column":null}},"33":{"start":{"line":40,"column":4},"end":{"line":40,"column":null}},"34":{"start":{"line":43,"column":2},"end":{"line":45,"column":null}},"35":{"start":{"line":44,"column":4},"end":{"line":44,"column":null}},"36":{"start":{"line":47,"column":2},"end":{"line":49,"column":null}},"37":{"start":{"line":48,"column":4},"end":{"line":48,"column":null}},"38":{"start":{"line":83,"column":9},"end":{"line":86,"column":null}},"39":{"start":{"line":84,"column":4},"end":{"line":84,"column":null}},"40":{"start":{"line":85,"column":4},"end":{"line":85,"column":null}},"41":{"start":{"line":93,"column":2},"end":{"line":95,"column":null}},"42":{"start":{"line":94,"column":4},"end":{"line":94,"column":null}},"43":{"start":{"line":97,"column":2},"end":{"line":97,"column":null}},"44":{"start":{"line":97,"column":32},"end":{"line":97,"column":67}},"45":{"start":{"line":99,"column":2},"end":{"line":99,"column":null}},"46":{"start":{"line":99,"column":31},"end":{"line":99,"column":69}},"47":{"start":{"line":101,"column":2},"end":{"line":125,"column":null}},"48":{"start":{"line":102,"column":17},"end":{"line":102,"column":37}},"49":{"start":{"line":104,"column":17},"end":{"line":104,"column":43}},"50":{"start":{"line":105,"column":25},"end":{"line":105,"column":40}},"51":{"start":{"line":107,"column":4},"end":{"line":107,"column":null}},"52":{"start":{"line":108,"column":16},"end":{"line":108,"column":29}},"53":{"start":{"line":109,"column":4},"end":{"line":112,"column":null}},"54":{"start":{"line":110,"column":6},"end":{"line":110,"column":null}},"55":{"start":{"line":111,"column":6},"end":{"line":111,"column":null}},"56":{"start":{"line":114,"column":4},"end":{"line":122,"column":null}},"57":{"start":{"line":115,"column":6},"end":{"line":119,"column":null}},"58":{"start":{"line":121,"column":6},"end":{"line":121,"column":null}},"59":{"start":{"line":124,"column":4},"end":{"line":124,"column":null}},"60":{"start":{"line":127,"column":2},"end":{"line":143,"column":null}},"61":{"start":{"line":128,"column":19},"end":{"line":128,"column":39}},"62":{"start":{"line":129,"column":25},"end":{"line":129,"column":51}},"63":{"start":{"line":130,"column":4},"end":{"line":130,"column":null}},"64":{"start":{"line":131,"column":4},"end":{"line":131,"column":null}},"65":{"start":{"line":133,"column":4},"end":{"line":140,"column":null}},"66":{"start":{"line":134,"column":6},"end":{"line":137,"column":null}},"67":{"start":{"line":139,"column":6},"end":{"line":139,"column":null}},"68":{"start":{"line":142,"column":4},"end":{"line":142,"column":null}},"69":{"start":{"line":145,"column":2},"end":{"line":162,"column":null}},"70":{"start":{"line":146,"column":18},"end":{"line":146,"column":86}},"71":{"start":{"line":147,"column":24},"end":{"line":147,"column":50}},"72":{"start":{"line":148,"column":4},"end":{"line":148,"column":null}},"73":{"start":{"line":149,"column":4},"end":{"line":149,"column":null}},"74":{"start":{"line":150,"column":4},"end":{"line":150,"column":null}},"75":{"start":{"line":152,"column":4},"end":{"line":159,"column":null}},"76":{"start":{"line":153,"column":6},"end":{"line":156,"column":null}},"77":{"start":{"line":158,"column":6},"end":{"line":158,"column":null}},"78":{"start":{"line":161,"column":4},"end":{"line":161,"column":null}},"79":{"start":{"line":163,"column":0},"end":{"line":163,"column":null}}},"fnMap":{"0":{"name":"(anonymous_0)","decl":{"start":{"line":23,"column":0},"end":{"line":23,"column":null}},"loc":{"start":{"line":23,"column":0},"end":{"line":163,"column":null}}},"1":{"name":"CalendarProvider","decl":{"start":{"line":30,"column":2},"end":{"line":30,"column":15}},"loc":{"start":{"line":30,"column":41},"end":{"line":41,"column":3}}},"2":{"name":"(anonymous_2)","decl":{"start":{"line":28,"column":43},"end":{"line":28,"column":50}},"loc":{"start":{"line":28,"column":43},"end":{"line":28,"column":51}}},"3":{"name":"(anonymous_3)","decl":{"start":{"line":51,"column":21},"end":{"line":51,"column":null}},"loc":{"start":{"line":51,"column":21},"end":{"line":54,"column":3}}},"4":{"name":"(anonymous_4)","decl":{"start":{"line":56,"column":21},"end":{"line":56,"column":null}},"loc":{"start":{"line":56,"column":21},"end":{"line":59,"column":3}}},"5":{"name":"(anonymous_5)","decl":{"start":{"line":61,"column":20},"end":{"line":61,"column":null}},"loc":{"start":{"line":61,"column":20},"end":{"line":64,"column":3}}},"6":{"name":"(anonymous_6)","decl":{"start":{"line":66,"column":20},"end":{"line":66,"column":null}},"loc":{"start":{"line":66,"column":20},"end":{"line":69,"column":3}}},"7":{"name":"(anonymous_7)","decl":{"start":{"line":71,"column":21},"end":{"line":71,"column":null}},"loc":{"start":{"line":71,"column":21},"end":{"line":75,"column":3}}},"8":{"name":"(anonymous_8)","decl":{"start":{"line":77,"column":21},"end":{"line":77,"column":null}},"loc":{"start":{"line":77,"column":21},"end":{"line":81,"column":3}}},"9":{"name":"(anonymous_9)","decl":{"start":{"line":88,"column":16},"end":{"line":88,"column":17}},"loc":{"start":{"line":88,"column":27},"end":{"line":91,"column":3}}},"10":{"name":"(anonymous_10)","decl":{"start":{"line":43,"column":2},"end":{"line":43,"column":13}},"loc":{"start":{"line":43,"column":2},"end":{"line":45,"column":3}}},"11":{"name":"(anonymous_11)","decl":{"start":{"line":47,"column":2},"end":{"line":47,"column":13}},"loc":{"start":{"line":47,"column":2},"end":{"line":49,"column":3}}},"12":{"name":"(anonymous_12)","decl":{"start":{"line":83,"column":2},"end":{"line":83,"column":9}},"loc":{"start":{"line":83,"column":2},"end":{"line":86,"column":3}}},"13":{"name":"(anonymous_13)","decl":{"start":{"line":93,"column":2},"end":{"line":93,"column":13}},"loc":{"start":{"line":93,"column":2},"end":{"line":95,"column":3}}},"14":{"name":"(anonymous_14)","decl":{"start":{"line":97,"column":2},"end":{"line":97,"column":13}},"loc":{"start":{"line":97,"column":2},"end":{"line":97,"column":68}}},"15":{"name":"(anonymous_15)","decl":{"start":{"line":99,"column":2},"end":{"line":99,"column":13}},"loc":{"start":{"line":99,"column":2},"end":{"line":99,"column":70}}},"16":{"name":"(anonymous_16)","decl":{"start":{"line":101,"column":2},"end":{"line":101,"column":13}},"loc":{"start":{"line":101,"column":2},"end":{"line":125,"column":3}}},"17":{"name":"(anonymous_17)","decl":{"start":{"line":127,"column":2},"end":{"line":127,"column":13}},"loc":{"start":{"line":127,"column":2},"end":{"line":143,"column":3}}},"18":{"name":"(anonymous_18)","decl":{"start":{"line":145,"column":2},"end":{"line":145,"column":13}},"loc":{"start":{"line":145,"column":2},"end":{"line":162,"column":3}}}},"branchMap":{"0":{"loc":{"start":{"line":31,"column":10},"end":{"line":31,"column":null}},"type":"binary-expr","locations":[{"start":{"line":31,"column":10},"end":{"line":31,"column":null}},{"start":{"line":31,"column":10},"end":{"line":31,"column":null}}]},"1":{"loc":{"start":{"line":32,"column":6},"end":{"line":32,"column":23}},"type":"cond-expr","locations":[{"start":{"line":32,"column":6},"end":{"line":32,"column":23}},{"start":{"line":32,"column":6},"end":{"line":32,"column":23}}]},"2":{"loc":{"start":{"line":33,"column":6},"end":{"line":33,"column":23}},"type":"cond-expr","locations":[{"start":{"line":33,"column":6},"end":{"line":33,"column":23}},{"start":{"line":33,"column":6},"end":{"line":33,"column":23}}]},"3":{"loc":{"start":{"line":34,"column":6},"end":{"line":34,"column":22}},"type":"cond-expr","locations":[{"start":{"line":34,"column":6},"end":{"line":34,"column":22}},{"start":{"line":34,"column":6},"end":{"line":34,"column":22}}]},"4":{"loc":{"start":{"line":109,"column":4},"end":{"line":112,"column":null}},"type":"if","locations":[{"start":{"line":109,"column":4},"end":{"line":112,"column":null}},{"start":{"line":109,"column":4},"end":{"line":112,"column":null}}]}},"s":{"0":1,"1":19,"2":19,"3":19,"4":1,"5":1,"6":19,"7":13,"8":13,"9":19,"10":1,"11":1,"12":19,"13":0,"14":0,"15":19,"16":1,"17":1,"18":1,"19":19,"20":0,"21":0,"22":0,"23":19,"24":0,"25":0,"26":19,"27":38,"28":38,"29":38,"30":19,"31":19,"32":19,"33":19,"34":1,"35":0,"36":1,"37":0,"38":1,"39":0,"40":0,"41":1,"42":0,"43":1,"44":46,"45":1,"46":53,"47":1,"48":46,"49":46,"50":46,"51":46,"52":46,"53":46,"54":25,"55":25,"56":46,"57":1932,"58":1932,"59":46,"60":1,"61":7,"62":7,"63":7,"64":7,"65":7,"66":84,"67":84,"68":7,"69":1,"70":8,"71":8,"72":8,"73":8,"74":8,"75":8,"76":128,"77":128,"78":8,"79":1},"f":{"0":1,"1":19,"2":0,"3":1,"4":13,"5":1,"6":0,"7":1,"8":0,"9":0,"10":0,"11":0,"12":0,"13":0,"14":46,"15":53,"16":46,"17":7,"18":8},"b":{"0":[19,0],"1":[6,13],"2":[19,0],"3":[19,0],"4":[25,21]}}
,"C:\\Users\\Maycon\\Documents\\GitHub\\calendar\\packages\\react-calendar\\context.ts": {"path":"C:\\Users\\Maycon\\Documents\\GitHub\\calendar\\packages\\react-calendar\\context.ts","statementMap":{"0":{"start":{"line":1,"column":0},"end":{"line":1,"column":37}},"1":{"start":{"line":4,"column":13},"end":{"line":4,"column":null}}},"fnMap":{},"branchMap":{},"s":{"0":1,"1":1},"f":{},"b":{}}
,"C:\\Users\\Maycon\\Documents\\GitHub\\calendar\\packages\\react-calendar\\dispatcher-factory.ts": {"path":"C:\\Users\\Maycon\\Documents\\GitHub\\calendar\\packages\\react-calendar\\dispatcher-factory.ts","statementMap":{"0":{"start":{"line":4,"column":0},"end":{"line":4,"column":41}},"1":{"start":{"line":5,"column":0},"end":{"line":5,"column":41}},"2":{"start":{"line":6,"column":0},"end":{"line":6,"column":52}},"3":{"start":{"line":7,"column":0},"end":{"line":7,"column":54}},"4":{"start":{"line":8,"column":0},"end":{"line":8,"column":49}},"5":{"start":{"line":31,"column":4},"end":{"line":31,"column":20}},"6":{"start":{"line":32,"column":4},"end":{"line":32,"column":20}},"7":{"start":{"line":33,"column":4},"end":{"line":33,"column":17}},"8":{"start":{"line":34,"column":4},"end":{"line":34,"column":null}},"9":{"start":{"line":35,"column":6},"end":{"line":35,"column":11}},"10":{"start":{"line":36,"column":6},"end":{"line":36,"column":12}},"11":{"start":{"line":37,"column":6},"end":{"line":37,"column":11}},"12":{"start":{"line":38,"column":6},"end":{"line":38,"column":null}},"13":{"start":{"line":39,"column":8},"end":{"line":39,"column":28}},"14":{"start":{"line":40,"column":8},"end":{"line":40,"column":null}},"15":{"start":{"line":46,"column":4},"end":{"line":46,"column":null}},"16":{"start":{"line":50,"column":4},"end":{"line":50,"column":null}},"17":{"start":{"line":54,"column":22},"end":{"line":54,"column":64}},"18":{"start":{"line":55,"column":26},"end":{"line":55,"column":63}},"19":{"start":{"line":57,"column":4},"end":{"line":59,"column":null}},"20":{"start":{"line":58,"column":6},"end":{"line":58,"column":null}},"21":{"start":{"line":63,"column":26},"end":{"line":63,"column":63}},"22":{"start":{"line":64,"column":22},"end":{"line":64,"column":64}},"23":{"start":{"line":66,"column":4},"end":{"line":84,"column":null}},"24":{"start":{"line":68,"column":8},"end":{"line":68,"column":null}},"25":{"start":{"line":69,"column":8},"end":{"line":69,"column":13}},"26":{"start":{"line":72,"column":26},"end":{"line":72,"column":59}},"27":{"start":{"line":73,"column":29},"end":{"line":73,"column":48}},"28":{"start":{"line":74,"column":27},"end":{"line":74,"column":65}},"29":{"start":{"line":75,"column":24},"end":{"line":76,"column":null}},"30":{"start":{"line":76,"column":36},"end":{"line":76,"column":61}},"31":{"start":{"line":79,"column":8},"end":{"line":82,"column":null}},"32":{"start":{"line":80,"column":10},"end":{"line":80,"column":null}},"33":{"start":{"line":81,"column":10},"end":{"line":81,"column":15}},"34":{"start":{"line":88,"column":17},"end":{"line":88,"column":49}},"35":{"start":{"line":89,"column":20},"end":{"line":93,"column":null}},"36":{"start":{"line":95,"column":4},"end":{"line":95,"column":null}},"37":{"start":{"line":99,"column":17},"end":{"line":99,"column":49}},"38":{"start":{"line":101,"column":4},"end":{"line":111,"column":null}},"39":{"start":{"line":102,"column":6},"end":{"line":102,"column":null}},"40":{"start":{"line":104,"column":28},"end":{"line":104,"column":65}},"41":{"start":{"line":105,"column":31},"end":{"line":105,"column":52}},"42":{"start":{"line":106,"column":29},"end":{"line":106,"column":75}},"43":{"start":{"line":106,"column":52},"end":{"line":106,"column":75}},"44":{"start":{"line":108,"column":6},"end":{"line":108,"column":null}},"45":{"start":{"line":110,"column":6},"end":{"line":110,"column":null}},"46":{"start":{"line":115,"column":4},"end":{"line":139,"column":null}},"47":{"start":{"line":116,"column":6},"end":{"line":116,"column":68}},"48":{"start":{"line":116,"column":62},"end":{"line":116,"column":68}},"49":{"start":{"line":117,"column":14},"end":{"line":117,"column":34}},"50":{"start":{"line":118,"column":14},"end":{"line":118,"column":27}},"51":{"start":{"line":118,"column":29},"end":{"line":118,"column":41}},"52":{"start":{"line":119,"column":19},"end":{"line":119,"column":60}},"53":{"start":{"line":121,"column":6},"end":{"line":124,"column":null}},"54":{"start":{"line":122,"column":8},"end":{"line":122,"column":null}},"55":{"start":{"line":123,"column":8},"end":{"line":123,"column":null}},"56":{"start":{"line":126,"column":6},"end":{"line":129,"column":null}},"57":{"start":{"line":127,"column":8},"end":{"line":127,"column":null}},"58":{"start":{"line":128,"column":8},"end":{"line":128,"column":null}},"59":{"start":{"line":131,"column":6},"end":{"line":138,"column":null}},"60":{"start":{"line":132,"column":22},"end":{"line":132,"column":48}},"61":{"start":{"line":133,"column":8},"end":{"line":136,"column":null}},"62":{"start":{"line":137,"column":8},"end":{"line":137,"column":null}},"63":{"start":{"line":141,"column":4},"end":{"line":141,"column":null}},"64":{"start":{"line":144,"column":25},"end":{"line":156,"column":null}},"65":{"start":{"line":158,"column":2},"end":{"line":158,"column":null}},"66":{"start":{"line":158,"column":21},"end":{"line":158,"column":34}},"67":{"start":{"line":158,"column":39},"end":{"line":158,"column":71}},"68":{"start":{"line":29,"column":0},"end":{"line":29,"column":24}}},"fnMap":{"0":{"name":"dispatcherFactory","decl":{"start":{"line":29,"column":24},"end":{"line":29,"column":41}},"loc":{"start":{"line":29,"column":70},"end":{"line":159,"column":1}}},"1":{"name":"emitSelectedDateEvent","decl":{"start":{"line":45,"column":11},"end":{"line":45,"column":32}},"loc":{"start":{"line":45,"column":60},"end":{"line":47,"column":3}}},"2":{"name":"setSingleDate","decl":{"start":{"line":49,"column":11},"end":{"line":49,"column":24}},"loc":{"start":{"line":49,"column":37},"end":{"line":51,"column":3}}},"3":{"name":"setMultipleDate","decl":{"start":{"line":53,"column":11},"end":{"line":53,"column":26}},"loc":{"start":{"line":53,"column":39},"end":{"line":60,"column":3}}},"4":{"name":"setRangeDate","decl":{"start":{"line":62,"column":11},"end":{"line":62,"column":23}},"loc":{"start":{"line":62,"column":36},"end":{"line":85,"column":3}}},"5":{"name":"(anonymous_7)","decl":{"start":{"line":76,"column":28},"end":{"line":76,"column":32}},"loc":{"start":{"line":76,"column":32},"end":{"line":76,"column":54}}},"6":{"name":"addSelectedDateHandler","decl":{"start":{"line":87,"column":11},"end":{"line":87,"column":33}},"loc":{"start":{"line":87,"column":45},"end":{"line":96,"column":3}}},"7":{"name":"removeSelectedDate","decl":{"start":{"line":98,"column":11},"end":{"line":98,"column":29}},"loc":{"start":{"line":98,"column":42},"end":{"line":112,"column":3}}},"8":{"name":"(anonymous_10)","decl":{"start":{"line":106,"column":47},"end":{"line":106,"column":48}},"loc":{"start":{"line":106,"column":48},"end":{"line":106,"column":53}}},"9":{"name":"setDataToViewHandler","decl":{"start":{"line":114,"column":11},"end":{"line":114,"column":31}},"loc":{"start":{"line":114,"column":50},"end":{"line":142,"column":3}}},"10":{"name":"(anonymous_12)","decl":{"start":{"line":158,"column":9},"end":{"line":158,"column":10}},"loc":{"start":{"line":158,"column":19},"end":{"line":158,"column":45}}}},"branchMap":{"0":{"loc":{"start":{"line":46,"column":11},"end":{"line":46,"column":31}},"type":"binary-expr","locations":[{"start":{"line":46,"column":11},"end":{"line":46,"column":31}},{"start":{"line":46,"column":35},"end":{"line":46,"column":61}}]},"1":{"loc":{"start":{"line":54,"column":22},"end":{"line":54,"column":38}},"type":"binary-expr","locations":[{"start":{"line":54,"column":22},"end":{"line":54,"column":38}},{"start":{"line":54,"column":42},"end":{"line":54,"column":64}}]},"2":{"loc":{"start":{"line":54,"column":27},"end":{"line":54,"column":29}},"type":"cond-expr","locations":[{"start":{"line":54,"column":27},"end":{"line":54,"column":29}},{"start":{"line":54,"column":22},"end":{"line":54,"column":38}}]},"3":{"loc":{"start":{"line":54,"column":22},"end":{"line":54,"column":29}},"type":"binary-expr","locations":[{"start":{"line":54,"column":22},"end":{"line":54,"column":29}},{"start":{"line":54,"column":22},"end":{"line":54,"column":29}}]},"4":{"loc":{"start":{"line":55,"column":48},"end":{"line":55,"column":50}},"type":"cond-expr","locations":[{"start":{"line":55,"column":48},"end":{"line":55,"column":50}},{"start":{"line":55,"column":43},"end":{"line":55,"column":62}}]},"5":{"loc":{"start":{"line":55,"column":43},"end":{"line":55,"column":50}},"type":"binary-expr","locations":[{"start":{"line":55,"column":43},"end":{"line":55,"column":50}},{"start":{"line":55,"column":43},"end":{"line":55,"column":50}}]},"6":{"loc":{"start":{"line":57,"column":4},"end":{"line":59,"column":null}},"type":"if","locations":[{"start":{"line":57,"column":4},"end":{"line":59,"column":null}},{"start":{"line":57,"column":4},"end":{"line":59,"column":null}}]},"7":{"loc":{"start":{"line":63,"column":48},"end":{"line":63,"column":50}},"type":"cond-expr","locations":[{"start":{"line":63,"column":48},"end":{"line":63,"column":50}},{"start":{"line":63,"column":43},"end":{"line":63,"column":62}}]},"8":{"loc":{"start":{"line":63,"column":43},"end":{"line":63,"column":50}},"type":"binary-expr","locations":[{"start":{"line":63,"column":43},"end":{"line":63,"column":50}},{"start":{"line":63,"column":43},"end":{"line":63,"column":50}}]},"9":{"loc":{"start":{"line":64,"column":22},"end":{"line":64,"column":38}},"type":"binary-expr","locations":[{"start":{"line":64,"column":22},"end":{"line":64,"column":38}},{"start":{"line":64,"column":42},"end":{"line":64,"column":64}}]},"10":{"loc":{"start":{"line":64,"column":27},"end":{"line":64,"column":29}},"type":"cond-expr","locations":[{"start":{"line":64,"column":27},"end":{"line":64,"column":29}},{"start":{"line":64,"column":22},"end":{"line":64,"column":38}}]},"11":{"loc":{"start":{"line":64,"column":22},"end":{"line":64,"column":29}},"type":"binary-expr","locations":[{"start":{"line":64,"column":22},"end":{"line":64,"column":29}},{"start":{"line":64,"column":22},"end":{"line":64,"column":29}}]},"12":{"loc":{"start":{"line":67,"column":6},"end":{"line":70,"column":null}},"type":"switch","locations":[{"start":{"line":67,"column":6},"end":{"line":70,"column":null}},{"start":{"line":71,"column":6},"end":{"line":83,"column":null}}]},"13":{"loc":{"start":{"line":75,"column":24},"end":{"line":75,"column":43}},"type":"binary-expr","locations":[{"start":{"line":75,"column":24},"end":{"line":75,"column":43}},{"start":{"line":76,"column":10},"end":{"line":76,"column":74}}]},"14":{"loc":{"start":{"line":79,"column":8},"end":{"line":82,"column":null}},"type":"if","locations":[{"start":{"line":79,"column":8},"end":{"line":82,"column":null}},{"start":{"line":79,"column":8},"end":{"line":82,"column":null}}]},"15":{"loc":{"start":{"line":79,"column":12},"end":{"line":79,"column":19}},"type":"binary-expr","locations":[{"start":{"line":79,"column":12},"end":{"line":79,"column":19}},{"start":{"line":79,"column":24},"end":{"line":79,"column":53}},{"start":{"line":79,"column":57},"end":{"line":79,"column":86}}]},"16":{"loc":{"start":{"line":88,"column":17},"end":{"line":88,"column":28}},"type":"binary-expr","locations":[{"start":{"line":88,"column":17},"end":{"line":88,"column":28}},{"start":{"line":88,"column":32},"end":{"line":88,"column":49}}]},"17":{"loc":{"start":{"line":88,"column":22},"end":{"line":88,"column":24}},"type":"cond-expr","locations":[{"start":{"line":88,"column":22},"end":{"line":88,"column":24}},{"start":{"line":88,"column":17},"end":{"line":88,"column":28}}]},"18":{"loc":{"start":{"line":88,"column":17},"end":{"line":88,"column":24}},"type":"binary-expr","locations":[{"start":{"line":88,"column":17},"end":{"line":88,"column":24}},{"start":{"line":88,"column":17},"end":{"line":88,"column":24}}]},"19":{"loc":{"start":{"line":99,"column":17},"end":{"line":99,"column":28}},"type":"binary-expr","locations":[{"start":{"line":99,"column":17},"end":{"line":99,"column":28}},{"start":{"line":99,"column":32},"end":{"line":99,"column":49}}]},"20":{"loc":{"start":{"line":99,"column":22},"end":{"line":99,"column":24}},"type":"cond-expr","locations":[{"start":{"line":99,"column":22},"end":{"line":99,"column":24}},{"start":{"line":99,"column":17},"end":{"line":99,"column":28}}]},"21":{"loc":{"start":{"line":99,"column":17},"end":{"line":99,"column":24}},"type":"binary-expr","locations":[{"start":{"line":99,"column":17},"end":{"line":99,"column":24}},{"start":{"line":99,"column":17},"end":{"line":99,"column":24}}]},"22":{"loc":{"start":{"line":101,"column":4},"end":{"line":111,"column":null}},"type":"if","locations":[{"start":{"line":101,"column":4},"end":{"line":111,"column":null}},{"start":{"line":101,"column":4},"end":{"line":111,"column":null}}]},"23":{"loc":{"start":{"line":104,"column":50},"end":{"line":104,"column":52}},"type":"cond-expr","locations":[{"start":{"line":104,"column":50},"end":{"line":104,"column":52}},{"start":{"line":104,"column":45},"end":{"line":104,"column":64}}]},"24":{"loc":{"start":{"line":104,"column":45},"end":{"line":104,"column":52}},"type":"binary-expr","locations":[{"start":{"line":104,"column":45},"end":{"line":104,"column":52}},{"start":{"line":104,"column":45},"end":{"line":104,"column":52}}]},"25":{"loc":{"start":{"line":115,"column":4},"end":{"line":139,"column":null}},"type":"if","locations":[{"start":{"line":115,"column":4},"end":{"line":139,"column":null}},{"start":{"line":115,"column":4},"end":{"line":139,"column":null}}]},"26":{"loc":{"start":{"line":116,"column":6},"end":{"line":116,"column":68}},"type":"if","locations":[{"start":{"line":116,"column":6},"end":{"line":116,"column":68}},{"start":{"line":116,"column":6},"end":{"line":116,"column":68}}]},"27":{"loc":{"start":{"line":116,"column":10},"end":{"line":116,"column":17}},"type":"binary-expr","locations":[{"start":{"line":116,"column":10},"end":{"line":116,"column":17}},{"start":{"line":116,"column":21},"end":{"line":116,"column":27}},{"start":{"line":116,"column":31},"end":{"line":116,"column":62}}]},"28":{"loc":{"start":{"line":116,"column":38},"end":{"line":116,"column":40}},"type":"cond-expr","locations":[{"start":{"line":116,"column":38},"end":{"line":116,"column":40}},{"start":{"line":116,"column":32},"end":{"line":116,"column":60}}]},"29":{"loc":{"start":{"line":116,"column":32},"end":{"line":116,"column":40}},"type":"binary-expr","locations":[{"start":{"line":116,"column":32},"end":{"line":116,"column":40}},{"start":{"line":116,"column":32},"end":{"line":116,"column":40}}]},"30":{"loc":{"start":{"line":121,"column":6},"end":{"line":124,"column":null}},"type":"if","locations":[{"start":{"line":121,"column":6},"end":{"line":124,"column":null}},{"start":{"line":121,"column":6},"end":{"line":124,"column":null}}]},"31":{"loc":{"start":{"line":126,"column":6},"end":{"line":129,"column":null}},"type":"if","locations":[{"start":{"line":126,"column":6},"end":{"line":129,"column":null}},{"start":{"line":126,"column":6},"end":{"line":129,"column":null}}]},"32":{"loc":{"start":{"line":131,"column":6},"end":{"line":138,"column":null}},"type":"if","locations":[{"start":{"line":131,"column":6},"end":{"line":138,"column":null}},{"start":{"line":131,"column":6},"end":{"line":138,"column":null}}]}},"s":{"0":1,"1":1,"2":1,"3":1,"4":1,"5":19,"6":19,"7":19,"8":19,"9":19,"10":19,"11":19,"12":19,"13":19,"14":19,"15":12,"16":1,"17":6,"18":6,"19":6,"20":5,"21":8,"22":8,"23":8,"24":4,"25":4,"26":4,"27":4,"28":4,"29":4,"30":3,"31":4,"32":2,"33":2,"34":15,"35":15,"36":15,"37":0,"38":0,"39":0,"40":0,"41":0,"42":0,"43":0,"44":0,"45":0,"46":9,"47":0,"48":0,"49":0,"50":0,"51":0,"52":0,"53":0,"54":0,"55":0,"56":0,"57":0,"58":0,"59":0,"60":0,"61":0,"62":0,"63":9,"64":19,"65":19,"66":107,"67":41,"68":1},"f":{"0":19,"1":12,"2":1,"3":6,"4":8,"5":3,"6":15,"7":0,"8":0,"9":9,"10":41},"b":{"0":[12,12],"1":[6,0],"2":[0,6],"3":[6,6],"4":[0,6],"5":[6,6],"6":[5,1],"7":[0,8],"8":[8,8],"9":[8,0],"10":[0,8],"11":[8,8],"12":[4,4],"13":[4,1],"14":[2,2],"15":[4,3,2],"16":[15,0],"17":[0,15],"18":[15,15],"19":[0,0],"20":[0,0],"21":[0,0],"22":[0,0],"23":[0,0],"24":[0,0],"25":[0,9],"26":[0,0],"27":[0,0,0],"28":[0,0],"29":[0,0],"30":[0,0],"31":[0,0],"32":[0,0]}}
,"C:\\Users\\Maycon\\Documents\\GitHub\\calendar\\packages\\react-calendar\\react-calendar.tsx": {"path":"C:\\Users\\Maycon\\Documents\\GitHub\\calendar\\packages\\react-calendar\\react-calendar.tsx","statementMap":{"0":{"start":{"line":1,"column":0},"end":{"line":1,"column":48}},"1":{"start":{"line":2,"column":0},"end":{"line":2,"column":69}},"2":{"start":{"line":3,"column":0},"end":{"line":3,"column":36}},"3":{"start":{"line":4,"column":0},"end":{"line":4,"column":40}},"4":{"start":{"line":5,"column":0},"end":{"line":5,"column":43}},"5":{"start":{"line":6,"column":0},"end":{"line":6,"column":55}},"6":{"start":{"line":7,"column":0},"end":{"line":7,"column":50}},"7":{"start":{"line":8,"column":0},"end":{"line":8,"column":53}},"8":{"start":{"line":9,"column":0},"end":{"line":9,"column":49}},"9":{"start":{"line":12,"column":0},"end":{"line":60,"column":null}},"10":{"start":{"line":14,"column":4},"end":{"line":14,"column":14}},"11":{"start":{"line":15,"column":4},"end":{"line":15,"column":13}},"12":{"start":{"line":18,"column":8},"end":{"line":18,"column":9}},"13":{"start":{"line":18,"column":9},"end":{"line":18,"column":19}},"14":{"start":{"line":18,"column":21},"end":{"line":18,"column":66}},"15":{"start":{"line":19,"column":8},"end":{"line":19,"column":9}},"16":{"start":{"line":19,"column":9},"end":{"line":19,"column":22}},"17":{"start":{"line":19,"column":24},"end":{"line":19,"column":71}},"18":{"start":{"line":20,"column":27},"end":{"line":20,"column":87}},"19":{"start":{"line":20,"column":41},"end":{"line":20,"column":84}},"20":{"start":{"line":21,"column":15},"end":{"line":27,"column":4}},"21":{"start":{"line":29,"column":21},"end":{"line":34,"column":4}},"22":{"start":{"line":36,"column":37},"end":{"line":39,"column":3}},"23":{"start":{"line":36,"column":44},"end":{"line":36,"column":53}},"24":{"start":{"line":37,"column":24},"end":{"line":37,"column":64}},"25":{"start":{"line":38,"column":4},"end":{"line":38,"column":null}},"26":{"start":{"line":38,"column":38},"end":{"line":38,"column":65}},"27":{"start":{"line":41,"column":2},"end":{"line":41,"column":null}},"28":{"start":{"line":41,"column":21},"end":{"line":41,"column":75}},"29":{"start":{"line":43,"column":2},"end":{"line":43,"column":null}},"30":{"start":{"line":45,"column":2},"end":{"line":59,"column":null}}},"fnMap":{"0":{"name":"(anonymous_3)","decl":{"start":{"line":12,"column":15},"end":{"line":12,"column":16}},"loc":{"start":{"line":12,"column":36},"end":{"line":60,"column":1}}},"1":{"name":"(anonymous_4)","decl":{"start":{"line":20,"column":35},"end":{"line":20,"column":41}},"loc":{"start":{"line":20,"column":35},"end":{"line":20,"column":45}}},"2":{"name":"(anonymous_5)","decl":{"start":{"line":36,"column":37},"end":{"line":36,"column":38}},"loc":{"start":{"line":36,"column":42},"end":{"line":39,"column":3}}},"3":{"name":"(anonymous_6)","decl":{"start":{"line":38,"column":24},"end":{"line":38,"column":34}},"loc":{"start":{"line":38,"column":34},"end":{"line":38,"column":48}}},"4":{"name":"(anonymous_7)","decl":{"start":{"line":41,"column":15},"end":{"line":41,"column":21}},"loc":{"start":{"line":41,"column":15},"end":{"line":41,"column":25}}}},"branchMap":{"0":{"loc":{"start":{"line":37,"column":24},"end":{"line":37,"column":48}},"type":"binary-expr","locations":[{"start":{"line":37,"column":24},"end":{"line":37,"column":48}},{"start":{"line":37,"column":52},"end":{"line":37,"column":64}}]},"1":{"loc":{"start":{"line":37,"column":35},"end":{"line":37,"column":37}},"type":"cond-expr","locations":[{"start":{"line":37,"column":35},"end":{"line":37,"column":37}},{"start":{"line":37,"column":35},"end":{"line":37,"column":48}}]},"2":{"loc":{"start":{"line":37,"column":24},"end":{"line":37,"column":37}},"type":"binary-expr","locations":[{"start":{"line":37,"column":24},"end":{"line":37,"column":37}},{"start":{"line":37,"column":35},"end":{"line":37,"column":37}}]},"3":{"loc":{"start":{"line":41,"column":21},"end":{"line":41,"column":31}},"type":"binary-expr","locations":[{"start":{"line":41,"column":21},"end":{"line":41,"column":31}},{"start":{"line":41,"column":35},"end":{"line":41,"column":74}}]},"4":{"loc":{"start":{"line":54,"column":32},"end":{"line":54,"column":34}},"type":"cond-expr","locations":[{"start":{"line":54,"column":32},"end":{"line":54,"column":34}},{"start":{"line":54,"column":22},"end":{"line":54,"column":43}}]},"5":{"loc":{"start":{"line":54,"column":22},"end":{"line":54,"column":34}},"type":"binary-expr","locations":[{"start":{"line":54,"column":22},"end":{"line":54,"column":34}},{"start":{"line":54,"column":22},"end":{"line":54,"column":34}}]}},"s":{"0":1,"1":1,"2":1,"3":1,"4":1,"5":1,"6":1,"7":1,"8":1,"9":1,"10":57,"11":57,"12":57,"13":57,"14":57,"15":57,"16":57,"17":57,"18":57,"19":19,"20":57,"21":57,"22":57,"23":107,"24":41,"25":41,"26":41,"27":57,"28":19,"29":57,"30":57},"f":{"0":57,"1":19,"2":41,"3":41,"4":19},"b":{"0":[41,41],"1":[41,0],"2":[41,41],"3":[19,0],"4":[0,57],"5":[57,57]}}
,"C:\\Users\\Maycon\\Documents\\GitHub\\calendar\\packages\\react-calendar\\__tests__\\classNames.ts": {"path":"C:\\Users\\Maycon\\Documents\\GitHub\\calendar\\packages\\react-calendar\\__tests__\\classNames.ts","statementMap":{"0":{"start":{"line":1,"column":0},"end":{"line":34,"column":null}}},"fnMap":{},"branchMap":{},"s":{"0":1},"f":{},"b":{}}
,"C:\\Users\\Maycon\\Documents\\GitHub\\calendar\\packages\\react-calendar\\components\\header.tsx": {"path":"C:\\Users\\Maycon\\Documents\\GitHub\\calendar\\packages\\react-calendar\\components\\header.tsx","statementMap":{"0":{"start":{"line":1,"column":0},"end":{"line":1,"column":41}},"1":{"start":{"line":2,"column":0},"end":{"line":2,"column":44}},"2":{"start":{"line":3,"column":0},"end":{"line":3,"column":41}},"3":{"start":{"line":4,"column":0},"end":{"line":4,"column":57}},"4":{"start":{"line":5,"column":0},"end":{"line":5,"column":52}},"5":{"start":{"line":17,"column":10},"end":{"line":17,"column":17}},"6":{"start":{"line":19,"column":8},"end":{"line":19,"column":null}},"7":{"start":{"line":20,"column":4},"end":{"line":20,"column":14}},"8":{"start":{"line":21,"column":4},"end":{"line":21,"column":null}},"9":{"start":{"line":24,"column":2},"end":{"line":34,"column":null}},"10":{"start":{"line":38,"column":10},"end":{"line":38,"column":17}},"11":{"start":{"line":40,"column":8},"end":{"line":40,"column":null}},"12":{"start":{"line":41,"column":4},"end":{"line":41,"column":14}},"13":{"start":{"line":42,"column":4},"end":{"line":42,"column":null}},"14":{"start":{"line":45,"column":2},"end":{"line":55,"column":null}},"15":{"start":{"line":59,"column":10},"end":{"line":59,"column":18}},"16":{"start":{"line":59,"column":20},"end":{"line":59,"column":27}},"17":{"start":{"line":61,"column":8},"end":{"line":61,"column":null}},"18":{"start":{"line":62,"column":4},"end":{"line":62,"column":14}},"19":{"start":{"line":63,"column":4},"end":{"line":63,"column":null}},"20":{"start":{"line":66,"column":2},"end":{"line":78,"column":null}},"21":{"start":{"line":82,"column":8},"end":{"line":82,"column":null}},"22":{"start":{"line":83,"column":4},"end":{"line":83,"column":13}},"23":{"start":{"line":84,"column":4},"end":{"line":84,"column":null}},"24":{"start":{"line":88,"column":4},"end":{"line":88,"column":20}},"25":{"start":{"line":91,"column":2},"end":{"line":99,"column":null}},"26":{"start":{"line":93,"column":33},"end":{"line":93,"column":68}},"27":{"start":{"line":94,"column":33},"end":{"line":94,"column":null}},"28":{"start":{"line":97,"column":33},"end":{"line":97,"column":68}},"29":{"start":{"line":103,"column":8},"end":{"line":103,"column":null}},"30":{"start":{"line":104,"column":4},"end":{"line":104,"column":13}},"31":{"start":{"line":105,"column":4},"end":{"line":105,"column":null}},"32":{"start":{"line":107,"column":2},"end":{"line":113,"column":null}},"33":{"start":{"line":109,"column":33},"end":{"line":109,"column":67}},"34":{"start":{"line":110,"column":33},"end":{"line":110,"column":71}},"35":{"start":{"line":111,"column":33},"end":{"line":111,"column":67}},"36":{"start":{"line":117,"column":8},"end":{"line":117,"column":null}},"37":{"start":{"line":118,"column":4},"end":{"line":118,"column":20}},"38":{"start":{"line":119,"column":4},"end":{"line":119,"column":null}},"39":{"start":{"line":121,"column":10},"end":{"line":121,"column":15}},"40":{"start":{"line":122,"column":2},"end":{"line":128,"column":null}},"41":{"start":{"line":124,"column":33},"end":{"line":124,"column":68}},"42":{"start":{"line":126,"column":33},"end":{"line":126,"column":68}},"43":{"start":{"line":133,"column":4},"end":{"line":133,"column":14}},"44":{"start":{"line":136,"column":8},"end":{"line":136,"column":null}},"45":{"start":{"line":137,"column":4},"end":{"line":137,"column":14}},"46":{"start":{"line":138,"column":4},"end":{"line":138,"column":null}},"47":{"start":{"line":141,"column":2},"end":{"line":156,"column":null}},"48":{"start":{"line":131,"column":0},"end":{"line":131,"column":24}}},"fnMap":{"0":{"name":"PrevButton","decl":{"start":{"line":16,"column":9},"end":{"line":16,"column":19}},"loc":{"start":{"line":16,"column":39},"end":{"line":35,"column":1}}},"1":{"name":"NextButton","decl":{"start":{"line":37,"column":9},"end":{"line":37,"column":19}},"loc":{"start":{"line":37,"column":39},"end":{"line":56,"column":1}}},"2":{"name":"HeaderText","decl":{"start":{"line":58,"column":9},"end":{"line":58,"column":19}},"loc":{"start":{"line":58,"column":43},"end":{"line":79,"column":1}}},"3":{"name":"Month","decl":{"start":{"line":81,"column":9},"end":{"line":81,"column":14}},"loc":{"start":{"line":81,"column":14},"end":{"line":100,"column":1}}},"4":{"name":"(anonymous_8)","decl":{"start":{"line":93,"column":27},"end":{"line":93,"column":33}},"loc":{"start":{"line":93,"column":27},"end":{"line":93,"column":42}}},"5":{"name":"(anonymous_9)","decl":{"start":{"line":94,"column":27},"end":{"line":94,"column":33}},"loc":{"start":{"line":94,"column":27},"end":{"line":94,"column":42}}},"6":{"name":"(anonymous_10)","decl":{"start":{"line":97,"column":27},"end":{"line":97,"column":33}},"loc":{"start":{"line":97,"column":27},"end":{"line":97,"column":42}}},"7":{"name":"Year","decl":{"start":{"line":102,"column":9},"end":{"line":102,"column":13}},"loc":{"start":{"line":102,"column":13},"end":{"line":114,"column":1}}},"8":{"name":"(anonymous_12)","decl":{"start":{"line":109,"column":27},"end":{"line":109,"column":33}},"loc":{"start":{"line":109,"column":27},"end":{"line":109,"column":42}}},"9":{"name":"(anonymous_13)","decl":{"start":{"line":110,"column":27},"end":{"line":110,"column":33}},"loc":{"start":{"line":110,"column":27},"end":{"line":110,"column":42}}},"10":{"name":"(anonymous_14)","decl":{"start":{"line":111,"column":27},"end":{"line":111,"column":33}},"loc":{"start":{"line":111,"column":27},"end":{"line":111,"column":42}}},"11":{"name":"YearsRange","decl":{"start":{"line":116,"column":9},"end":{"line":116,"column":19}},"loc":{"start":{"line":116,"column":19},"end":{"line":129,"column":1}}},"12":{"name":"(anonymous_16)","decl":{"start":{"line":124,"column":27},"end":{"line":124,"column":33}},"loc":{"start":{"line":124,"column":27},"end":{"line":124,"column":42}}},"13":{"name":"(anonymous_17)","decl":{"start":{"line":126,"column":27},"end":{"line":126,"column":33}},"loc":{"start":{"line":126,"column":27},"end":{"line":126,"column":42}}},"14":{"name":"Header","decl":{"start":{"line":131,"column":24},"end":{"line":131,"column":30}},"loc":{"start":{"line":131,"column":30},"end":{"line":157,"column":1}}}},"branchMap":{"0":{"loc":{"start":{"line":28,"column":53},"end":{"line":28,"column":55}},"type":"cond-expr","locations":[{"start":{"line":28,"column":53},"end":{"line":28,"column":55}},{"start":{"line":28,"column":38},"end":{"line":28,"column":62}}]},"1":{"loc":{"start":{"line":28,"column":38},"end":{"line":28,"column":55}},"type":"binary-expr","locations":[{"start":{"line":28,"column":38},"end":{"line":28,"column":55}},{"start":{"line":28,"column":38},"end":{"line":28,"column":55}}]},"2":{"loc":{"start":{"line":30,"column":23},"end":{"line":30,"column":25}},"type":"cond-expr","locations":[{"start":{"line":30,"column":23},"end":{"line":30,"column":25}},{"start":{"line":30,"column":8},"end":{"line":30,"column":34}}]},"3":{"loc":{"start":{"line":30,"column":8},"end":{"line":30,"column":25}},"type":"binary-expr","locations":[{"start":{"line":30,"column":8},"end":{"line":30,"column":25}},{"start":{"line":30,"column":8},"end":{"line":30,"column":25}}]},"4":{"loc":{"start":{"line":31,"column":18},"end":{"line":31,"column":20}},"type":"cond-expr","locations":[{"start":{"line":31,"column":18},"end":{"line":31,"column":20}},{"start":{"line":31,"column":8},"end":{"line":31,"column":30}}]},"5":{"loc":{"start":{"line":31,"column":8},"end":{"line":31,"column":20}},"type":"binary-expr","locations":[{"start":{"line":31,"column":8},"end":{"line":31,"column":20}},{"start":{"line":31,"column":8},"end":{"line":31,"column":20}}]},"6":{"loc":{"start":{"line":49,"column":53},"end":{"line":49,"column":55}},"type":"cond-expr","locations":[{"start":{"line":49,"column":53},"end":{"line":49,"column":55}},{"start":{"line":49,"column":38},"end":{"line":49,"column":62}}]},"7":{"loc":{"start":{"line":49,"column":38},"end":{"line":49,"column":55}},"type":"binary-expr","locations":[{"start":{"line":49,"column":38},"end":{"line":49,"column":55}},{"start":{"line":49,"column":38},"end":{"line":49,"column":55}}]},"8":{"loc":{"start":{"line":51,"column":23},"end":{"line":51,"column":25}},"type":"cond-expr","locations":[{"start":{"line":51,"column":23},"end":{"line":51,"column":25}},{"start":{"line":51,"column":8},"end":{"line":51,"column":34}}]},"9":{"loc":{"start":{"line":51,"column":8},"end":{"line":51,"column":25}},"type":"binary-expr","locations":[{"start":{"line":51,"column":8},"end":{"line":51,"column":25}},{"start":{"line":51,"column":8},"end":{"line":51,"column":25}}]},"10":{"loc":{"start":{"line":52,"column":18},"end":{"line":52,"column":20}},"type":"cond-expr","locations":[{"start":{"line":52,"column":18},"end":{"line":52,"column":20}},{"start":{"line":52,"column":8},"end":{"line":52,"column":30}}]},"11":{"loc":{"start":{"line":52,"column":8},"end":{"line":52,"column":20}},"type":"binary-expr","locations":[{"start":{"line":52,"column":8},"end":{"line":52,"column":20}},{"start":{"line":52,"column":8},"end":{"line":52,"column":20}}]},"12":{"loc":{"start":{"line":70,"column":53},"end":{"line":70,"column":55}},"type":"cond-expr","locations":[{"start":{"line":70,"column":53},"end":{"line":70,"column":55}},{"start":{"line":70,"column":38},"end":{"line":70,"column":62}}]},"13":{"loc":{"start":{"line":70,"column":38},"end":{"line":70,"column":55}},"type":"binary-expr","locations":[{"start":{"line":70,"column":38},"end":{"line":70,"column":55}},{"start":{"line":70,"column":38},"end":{"line":70,"column":55}}]},"14":{"loc":{"start":{"line":72,"column":23},"end":{"line":72,"column":25}},"type":"cond-expr","locations":[{"start":{"line":72,"column":23},"end":{"line":72,"column":25}},{"start":{"line":72,"column":8},"end":{"line":72,"column":34}}]},"15":{"loc":{"start":{"line":72,"column":8},"end":{"line":72,"column":25}},"type":"binary-expr","locations":[{"start":{"line":72,"column":8},"end":{"line":72,"column":25}},{"start":{"line":72,"column":8},"end":{"line":72,"column":25}}]},"16":{"loc":{"start":{"line":73,"column":18},"end":{"line":73,"column":20}},"type":"cond-expr","locations":[{"start":{"line":73,"column":18},"end":{"line":73,"column":20}},{"start":{"line":73,"column":8},"end":{"line":73,"column":30}}]},"17":{"loc":{"start":{"line":73,"column":8},"end":{"line":73,"column":20}},"type":"binary-expr","locations":[{"start":{"line":73,"column":8},"end":{"line":73,"column":20}},{"start":{"line":73,"column":8},"end":{"line":73,"column":20}}]},"18":{"loc":{"start":{"line":144,"column":19},"end":{"line":144,"column":21}},"type":"cond-expr","locations":[{"start":{"line":144,"column":19},"end":{"line":144,"column":21}},{"start":{"line":144,"column":8},"end":{"line":144,"column":30}}]},"19":{"loc":{"start":{"line":144,"column":8},"end":{"line":144,"column":21}},"type":"binary-expr","locations":[{"start":{"line":144,"column":8},"end":{"line":144,"column":21}},{"start":{"line":144,"column":8},"end":{"line":144,"column":21}}]},"20":{"loc":{"start":{"line":145,"column":18},"end":{"line":145,"column":20}},"type":"cond-expr","locations":[{"start":{"line":145,"column":18},"end":{"line":145,"column":20}},{"start":{"line":145,"column":8},"end":{"line":145,"column":26}}]},"21":{"loc":{"start":{"line":145,"column":8},"end":{"line":145,"column":20}},"type":"binary-expr","locations":[{"start":{"line":145,"column":8},"end":{"line":145,"column":20}},{"start":{"line":145,"column":8},"end":{"line":145,"column":20}}]},"22":{"loc":{"start":{"line":146,"column":8},"end":{"line":146,"column":29}},"type":"binary-expr","locations":[{"start":{"line":146,"column":8},"end":{"line":146,"column":29}},{"start":{"line":146,"column":33},"end":{"line":146,"column":56}}]},"23":{"loc":{"start":{"line":146,"column":43},"end":{"line":146,"column":45}},"type":"cond-expr","locations":[{"start":{"line":146,"column":43},"end":{"line":146,"column":45}},{"start":{"line":146,"column":33},"end":{"line":146,"column":56}}]},"24":{"loc":{"start":{"line":146,"column":33},"end":{"line":146,"column":45}},"type":"binary-expr","locations":[{"start":{"line":146,"column":33},"end":{"line":146,"column":45}},{"start":{"line":146,"column":33},"end":{"line":146,"column":45}}]},"25":{"loc":{"start":{"line":147,"column":8},"end":{"line":147,"column":31}},"type":"binary-expr","locations":[{"start":{"line":147,"column":8},"end":{"line":147,"column":31}},{"start":{"line":147,"column":35},"end":{"line":147,"column":57}}]},"26":{"loc":{"start":{"line":147,"column":45},"end":{"line":147,"column":47}},"type":"cond-expr","locations":[{"start":{"line":147,"column":45},"end":{"line":147,"column":47}},{"start":{"line":147,"column":35},"end":{"line":147,"column":57}}]},"27":{"loc":{"start":{"line":147,"column":35},"end":{"line":147,"column":47}},"type":"binary-expr","locations":[{"start":{"line":147,"column":35},"end":{"line":147,"column":47}},{"start":{"line":147,"column":35},"end":{"line":147,"column":47}}]},"28":{"loc":{"start":{"line":148,"column":8},"end":{"line":148,"column":30}},"type":"binary-expr","locations":[{"start":{"line":148,"column":8},"end":{"line":148,"column":30}},{"start":{"line":148,"column":34},"end":{"line":148,"column":62}}]},"29":{"loc":{"start":{"line":148,"column":44},"end":{"line":148,"column":46}},"type":"cond-expr","locations":[{"start":{"line":148,"column":44},"end":{"line":148,"column":46}},{"start":{"line":148,"column":34},"end":{"line":148,"column":62}}]},"30":{"loc":{"start":{"line":148,"column":34},"end":{"line":148,"column":46}},"type":"binary-expr","locations":[{"start":{"line":148,"column":34},"end":{"line":148,"column":46}},{"start":{"line":148,"column":34},"end":{"line":148,"column":46}}]},"31":{"loc":{"start":{"line":152,"column":7},"end":{"line":152,"column":28}},"type":"binary-expr","locations":[{"start":{"line":152,"column":7},"end":{"line":152,"column":28}},{"start":{"line":152,"column":32},"end":{"line":152,"column":41}}]},"32":{"loc":{"start":{"line":153,"column":7},"end":{"line":153,"column":30}},"type":"binary-expr","locations":[{"start":{"line":153,"column":7},"end":{"line":153,"column":30}},{"start":{"line":153,"column":34},"end":{"line":153,"column":42}}]},"33":{"loc":{"start":{"line":154,"column":7},"end":{"line":154,"column":29}},"type":"binary-expr","locations":[{"start":{"line":154,"column":7},"end":{"line":154,"column":29}},{"start":{"line":154,"column":33},"end":{"line":154,"column":47}}]}},"s":{"0":1,"1":1,"2":1,"3":1,"4":1,"5":57,"6":57,"7":57,"8":57,"9":57,"10":57,"11":57,"12":57,"13":57,"14":57,"15":57,"16":57,"17":57,"18":57,"19":57,"20":57,"21":46,"22":46,"23":46,"24":46,"25":46,"26":1,"27":6,"28":13,"29":7,"30":7,"31":7,"32":7,"33":1,"34":3,"35":0,"36":4,"37":4,"38":4,"39":4,"40":4,"41":1,"42":0,"43":57,"44":57,"45":57,"46":57,"47":57,"48":1},"f":{"0":57,"1":57,"2":57,"3":46,"4":1,"5":6,"6":13,"7":7,"8":1,"9":3,"10":0,"11":4,"12":1,"13":0,"14":57},"b":{"0":[48,9],"1":[57,57],"2":[48,9],"3":[57,57],"4":[0,57],"5":[57,57],"6":[37,20],"7":[57,57],"8":[37,20],"9":[57,57],"10":[0,57],"11":[57,57],"12":[40,17],"13":[57,57],"14":[40,17],"15":[57,57],"16":[0,57],"17":[57,57],"18":[57,0],"19":[57,57],"20":[0,57],"21":[57,57],"22":[57,46],"23":[0,46],"24":[46,46],"25":[57,7],"26":[0,7],"27":[7,7],"28":[57,4],"29":[0,4],"30":[4,4],"31":[57,46],"32":[57,7],"33":[57,4]}}
,"C:\\Users\\Maycon\\Documents\\GitHub\\calendar\\packages\\react-calendar\\components\\body\\body.tsx": {"path":"C:\\Users\\Maycon\\Documents\\GitHub\\calendar\\packages\\react-calendar\\components\\body\\body.tsx","statementMap":{"0":{"start":{"line":1,"column":0},"end":{"line":1,"column":41}},"1":{"start":{"line":2,"column":0},"end":{"line":2,"column":47}},"2":{"start":{"line":3,"column":0},"end":{"line":3,"column":44}},"3":{"start":{"line":4,"column":0},"end":{"line":4,"column":60}},"4":{"start":{"line":5,"column":0},"end":{"line":5,"column":52}},"5":{"start":{"line":6,"column":0},"end":{"line":6,"column":52}},"6":{"start":{"line":7,"column":0},"end":{"line":7,"column":55}},"7":{"start":{"line":8,"column":0},"end":{"line":8,"column":57}},"8":{"start":{"line":9,"column":0},"end":{"line":9,"column":60}},"9":{"start":{"line":12,"column":8},"end":{"line":12,"column":null}},"10":{"start":{"line":13,"column":4},"end":{"line":13,"column":20}},"11":{"start":{"line":14,"column":4},"end":{"line":14,"column":17}},"12":{"start":{"line":15,"column":4},"end":{"line":15,"column":null}},"13":{"start":{"line":18,"column":8},"end":{"line":18,"column":null}},"14":{"start":{"line":19,"column":4},"end":{"line":19,"column":8}},"15":{"start":{"line":20,"column":4},"end":{"line":20,"column":16}},"16":{"start":{"line":21,"column":4},"end":{"line":21,"column":22}},"17":{"start":{"line":22,"column":4},"end":{"line":22,"column":13}},"18":{"start":{"line":23,"column":4},"end":{"line":23,"column":14}},"19":{"start":{"line":24,"column":4},"end":{"line":24,"column":null}},"20":{"start":{"line":27,"column":10},"end":{"line":27,"column":14}},"21":{"start":{"line":28,"column":24},"end":{"line":28,"column":54}},"22":{"start":{"line":30,"column":2},"end":{"line":94,"column":null}},"23":{"start":{"line":32,"column":19},"end":{"line":32,"column":23}},"24":{"start":{"line":32,"column":25},"end":{"line":32,"column":28}},"25":{"start":{"line":32,"column":30},"end":{"line":32,"column":48}},"26":{"start":{"line":33,"column":30},"end":{"line":33,"column":60}},"27":{"start":{"line":34,"column":31},"end":{"line":34,"column":64}},"28":{"start":{"line":35,"column":30},"end":{"line":35,"column":83}},"29":{"start":{"line":36,"column":28},"end":{"line":36,"column":44}},"30":{"start":{"line":38,"column":36},"end":{"line":45,"column":15}},"31":{"start":{"line":47,"column":29},"end":{"line":56,"column":9}},"32":{"start":{"line":48,"column":10},"end":{"line":55,"column":null}},"33":{"start":{"line":49,"column":12},"end":{"line":49,"column":null}},"34":{"start":{"line":50,"column":12},"end":{"line":52,"column":null}},"35":{"start":{"line":51,"column":14},"end":{"line":51,"column":null}},"36":{"start":{"line":53,"column":17},"end":{"line":55,"column":null}},"37":{"start":{"line":54,"column":12},"end":{"line":54,"column":null}},"38":{"start":{"line":58,"column":34},"end":{"line":62,"column":9}},"39":{"start":{"line":59,"column":10},"end":{"line":61,"column":null}},"40":{"start":{"line":60,"column":12},"end":{"line":60,"column":null}},"41":{"start":{"line":64,"column":34},"end":{"line":68,"column":9}},"42":{"start":{"line":65,"column":10},"end":{"line":67,"column":null}},"43":{"start":{"line":66,"column":12},"end":{"line":66,"column":null}},"44":{"start":{"line":70,"column":8},"end":{"line":91,"column":null}},"45":{"start":{"line":98,"column":8},"end":{"line":98,"column":null}},"46":{"start":{"line":99,"column":4},"end":{"line":99,"column":20}},"47":{"start":{"line":100,"column":4},"end":{"line":100,"column":13}},"48":{"start":{"line":102,"column":6},"end":{"line":102,"column":null}},"49":{"start":{"line":106,"column":8},"end":{"line":106,"column":null}},"50":{"start":{"line":107,"column":4},"end":{"line":107,"column":14}},"51":{"start":{"line":108,"column":4},"end":{"line":108,"column":20}},"52":{"start":{"line":109,"column":4},"end":{"line":109,"column":16}},"53":{"start":{"line":110,"column":4},"end":{"line":110,"column":null}},"54":{"start":{"line":113,"column":10},"end":{"line":113,"column":16}},"55":{"start":{"line":114,"column":24},"end":{"line":114,"column":54}},"56":{"start":{"line":116,"column":2},"end":{"line":155,"column":null}},"57":{"start":{"line":118,"column":21},"end":{"line":118,"column":25}},"58":{"start":{"line":118,"column":27},"end":{"line":118,"column":32}},"59":{"start":{"line":119,"column":28},"end":{"line":119,"column":38}},"60":{"start":{"line":120,"column":27},"end":{"line":120,"column":68}},"61":{"start":{"line":121,"column":34},"end":{"line":121,"column":89}},"62":{"start":{"line":123,"column":36},"end":{"line":127,"column":10}},"63":{"start":{"line":124,"column":29},"end":{"line":124,"column":44}},"64":{"start":{"line":125,"column":10},"end":{"line":125,"column":null}},"65":{"start":{"line":126,"column":10},"end":{"line":126,"column":null}},"66":{"start":{"line":129,"column":29},"end":{"line":134,"column":9}},"67":{"start":{"line":130,"column":29},"end":{"line":130,"column":43}},"68":{"start":{"line":131,"column":10},"end":{"line":131,"column":null}},"69":{"start":{"line":132,"column":10},"end":{"line":132,"column":null}},"70":{"start":{"line":133,"column":10},"end":{"line":133,"column":null}},"71":{"start":{"line":136,"column":8},"end":{"line":152,"column":null}},"72":{"start":{"line":159,"column":8},"end":{"line":159,"column":null}},"73":{"start":{"line":160,"column":4},"end":{"line":160,"column":20}},"74":{"start":{"line":161,"column":4},"end":{"line":161,"column":13}},"75":{"start":{"line":163,"column":6},"end":{"line":163,"column":null}},"76":{"start":{"line":167,"column":8},"end":{"line":167,"column":null}},"77":{"start":{"line":168,"column":4},"end":{"line":168,"column":14}},"78":{"start":{"line":169,"column":4},"end":{"line":169,"column":16}},"79":{"start":{"line":170,"column":4},"end":{"line":170,"column":null}},"80":{"start":{"line":173,"column":10},"end":{"line":173,"column":15}},"81":{"start":{"line":174,"column":24},"end":{"line":174,"column":54}},"82":{"start":{"line":176,"column":2},"end":{"line":213,"column":null}},"83":{"start":{"line":178,"column":20},"end":{"line":178,"column":24}},"84":{"start":{"line":178,"column":26},"end":{"line":178,"column":30}},"85":{"start":{"line":179,"column":28},"end":{"line":179,"column":38}},"86":{"start":{"line":181,"column":36},"end":{"line":186,"column":10}},"87":{"start":{"line":182,"column":29},"end":{"line":182,"column":44}},"88":{"start":{"line":183,"column":10},"end":{"line":183,"column":null}},"89":{"start":{"line":184,"column":10},"end":{"line":184,"column":null}},"90":{"start":{"line":185,"column":10},"end":{"line":185,"column":null}},"91":{"start":{"line":188,"column":29},"end":{"line":193,"column":9}},"92":{"start":{"line":189,"column":29},"end":{"line":189,"column":43}},"93":{"start":{"line":190,"column":10},"end":{"line":190,"column":null}},"94":{"start":{"line":191,"column":10},"end":{"line":191,"column":null}},"95":{"start":{"line":192,"column":10},"end":{"line":192,"column":null}},"96":{"start":{"line":195,"column":8},"end":{"line":210,"column":null}},"97":{"start":{"line":218,"column":4},"end":{"line":218,"column":14}},"98":{"start":{"line":221,"column":8},"end":{"line":221,"column":null}},"99":{"start":{"line":222,"column":4},"end":{"line":222,"column":14}},"100":{"start":{"line":223,"column":4},"end":{"line":223,"column":13}},"101":{"start":{"line":224,"column":4},"end":{"line":224,"column":13}},"102":{"start":{"line":225,"column":4},"end":{"line":225,"column":12}},"103":{"start":{"line":226,"column":4},"end":{"line":226,"column":14}},"104":{"start":{"line":227,"column":4},"end":{"line":227,"column":null}},"105":{"start":{"line":230,"column":2},"end":{"line":275,"column":null}},"106":{"start":{"line":249,"column":42},"end":{"line":260,"column":12}},"107":{"start":{"line":216,"column":0},"end":{"line":216,"column":24}}},"fnMap":{"0":{"name":"Days","decl":{"start":{"line":11,"column":9},"end":{"line":11,"column":13}},"loc":{"start":{"line":11,"column":13},"end":{"line":95,"column":1}}},"1":{"name":"(anonymous_6)","decl":{"start":{"line":32,"column":16},"end":{"line":32,"column":17}},"loc":{"start":{"line":32,"column":50},"end":{"line":92,"column":7}}},"2":{"name":"(anonymous_7)","decl":{"start":{"line":47,"column":29},"end":{"line":47,"column":null}},"loc":{"start":{"line":47,"column":29},"end":{"line":56,"column":9}}},"3":{"name":"(anonymous_8)","decl":{"start":{"line":58,"column":34},"end":{"line":58,"column":null}},"loc":{"start":{"line":58,"column":34},"end":{"line":62,"column":9}}},"4":{"name":"(anonymous_9)","decl":{"start":{"line":64,"column":34},"end":{"line":64,"column":null}},"loc":{"start":{"line":64,"column":34},"end":{"line":68,"column":9}}},"5":{"name":"Months","decl":{"start":{"line":97,"column":9},"end":{"line":97,"column":15}},"loc":{"start":{"line":97,"column":15},"end":{"line":156,"column":1}}},"6":{"name":"(anonymous_11)","decl":{"start":{"line":118,"column":18},"end":{"line":118,"column":19}},"loc":{"start":{"line":118,"column":34},"end":{"line":153,"column":7}}},"7":{"name":"(anonymous_12)","decl":{"start":{"line":123,"column":54},"end":{"line":123,"column":59}},"loc":{"start":{"line":123,"column":59},"end":{"line":127,"column":9}}},"8":{"name":"(anonymous_13)","decl":{"start":{"line":129,"column":29},"end":{"line":129,"column":null}},"loc":{"start":{"line":129,"column":29},"end":{"line":134,"column":9}}},"9":{"name":"Years","decl":{"start":{"line":158,"column":9},"end":{"line":158,"column":14}},"loc":{"start":{"line":158,"column":14},"end":{"line":214,"column":1}}},"10":{"name":"(anonymous_15)","decl":{"start":{"line":178,"column":17},"end":{"line":178,"column":18}},"loc":{"start":{"line":178,"column":32},"end":{"line":211,"column":7}}},"11":{"name":"(anonymous_16)","decl":{"start":{"line":181,"column":54},"end":{"line":181,"column":59}},"loc":{"start":{"line":181,"column":59},"end":{"line":186,"column":9}}},"12":{"name":"(anonymous_17)","decl":{"start":{"line":188,"column":29},"end":{"line":188,"column":null}},"loc":{"start":{"line":188,"column":29},"end":{"line":193,"column":9}}},"13":{"name":"Body","decl":{"start":{"line":216,"column":24},"end":{"line":216,"column":28}},"loc":{"start":{"line":216,"column":28},"end":{"line":276,"column":1}}},"14":{"name":"(anonymous_19)","decl":{"start":{"line":249,"column":30},"end":{"line":249,"column":31}},"loc":{"start":{"line":249,"column":37},"end":{"line":249,"column":null}}}},"branchMap":{"0":{"loc":{"start":{"line":35,"column":51},"end":{"line":35,"column":75}},"type":"cond-expr","locations":[{"start":{"line":35,"column":51},"end":{"line":35,"column":75}},{"start":{"line":35,"column":78},"end":{"line":35,"column":83}}]},"1":{"loc":{"start":{"line":38,"column":50},"end":{"line":45,"column":10}},"type":"cond-expr","locations":[{"start":{"line":38,"column":50},"end":{"line":45,"column":10}},{"start":{"line":45,"column":13},"end":{"line":45,"column":15}}]},"2":{"loc":{"start":{"line":48,"column":10},"end":{"line":55,"column":null}},"type":"if","locations":[{"start":{"line":48,"column":10},"end":{"line":55,"column":null}},{"start":{"line":48,"column":10},"end":{"line":55,"column":null}}]},"3":{"loc":{"start":{"line":50,"column":12},"end":{"line":52,"column":null}},"type":"if","locations":[{"start":{"line":50,"column":12},"end":{"line":52,"column":null}},{"start":{"line":50,"column":12},"end":{"line":52,"column":null}}]},"4":{"loc":{"start":{"line":53,"column":17},"end":{"line":55,"column":null}},"type":"if","locations":[{"start":{"line":53,"column":17},"end":{"line":55,"column":null}},{"start":{"line":53,"column":17},"end":{"line":55,"column":null}}]},"5":{"loc":{"start":{"line":53,"column":21},"end":{"line":53,"column":39}},"type":"binary-expr","locations":[{"start":{"line":53,"column":21},"end":{"line":53,"column":39}},{"start":{"line":53,"column":43},"end":{"line":53,"column":57}}]},"6":{"loc":{"start":{"line":59,"column":10},"end":{"line":61,"column":null}},"type":"if","locations":[{"start":{"line":59,"column":10},"end":{"line":61,"column":null}},{"start":{"line":59,"column":10},"end":{"line":61,"column":null}}]},"7":{"loc":{"start":{"line":59,"column":14},"end":{"line":59,"column":25}},"type":"binary-expr","locations":[{"start":{"line":59,"column":14},"end":{"line":59,"column":25}},{"start":{"line":59,"column":29},"end":{"line":59,"column":47}},{"start":{"line":59,"column":51},"end":{"line":59,"column":77}}]},"8":{"loc":{"start":{"line":65,"column":10},"end":{"line":67,"column":null}},"type":"if","locations":[{"start":{"line":65,"column":10},"end":{"line":67,"column":null}},{"start":{"line":65,"column":10},"end":{"line":67,"column":null}}]},"9":{"loc":{"start":{"line":76,"column":23},"end":{"line":76,"column":25}},"type":"cond-expr","locations":[{"start":{"line":76,"column":23},"end":{"line":76,"column":25}},{"start":{"line":76,"column":14},"end":{"line":76,"column":34}}]},"10":{"loc":{"start":{"line":76,"column":14},"end":{"line":76,"column":25}},"type":"binary-expr","locations":[{"start":{"line":76,"column":14},"end":{"line":76,"column":25}},{"start":{"line":76,"column":14},"end":{"line":76,"column":25}}]},"11":{"loc":{"start":{"line":77,"column":24},"end":{"line":77,"column":26}},"type":"cond-expr","locations":[{"start":{"line":77,"column":24},"end":{"line":77,"column":26}},{"start":{"line":77,"column":14},"end":{"line":77,"column":30}}]},"12":{"loc":{"start":{"line":77,"column":14},"end":{"line":77,"column":26}},"type":"binary-expr","locations":[{"start":{"line":77,"column":14},"end":{"line":77,"column":26}},{"start":{"line":77,"column":14},"end":{"line":77,"column":26}}]},"13":{"loc":{"start":{"line":78,"column":24},"end":{"line":78,"column":26}},"type":"cond-expr","locations":[{"start":{"line":78,"column":24},"end":{"line":78,"column":26}},{"start":{"line":78,"column":14},"end":{"line":78,"column":33}}]},"14":{"loc":{"start":{"line":78,"column":14},"end":{"line":78,"column":26}},"type":"binary-expr","locations":[{"start":{"line":78,"column":14},"end":{"line":78,"column":26}},{"start":{"line":78,"column":14},"end":{"line":78,"column":26}}]},"15":{"loc":{"start":{"line":79,"column":30},"end":{"line":79,"column":53}},"type":"cond-expr","locations":[{"start":{"line":79,"column":30},"end":{"line":79,"column":53}},{"start":{"line":79,"column":56},"end":{"line":79,"column":77}}]},"16":{"loc":{"start":{"line":79,"column":40},"end":{"line":79,"column":42}},"type":"cond-expr","locations":[{"start":{"line":79,"column":40},"end":{"line":79,"column":42}},{"start":{"line":79,"column":30},"end":{"line":79,"column":53}}]},"17":{"loc":{"start":{"line":79,"column":30},"end":{"line":79,"column":42}},"type":"binary-expr","locations":[{"start":{"line":79,"column":30},"end":{"line":79,"column":42}},{"start":{"line":79,"column":30},"end":{"line":79,"column":42}}]},"18":{"loc":{"start":{"line":79,"column":66},"end":{"line":79,"column":68}},"type":"cond-expr","locations":[{"start":{"line":79,"column":66},"end":{"line":79,"column":68}},{"start":{"line":79,"column":56},"end":{"line":79,"column":77}}]},"19":{"loc":{"start":{"line":79,"column":56},"end":{"line":79,"column":68}},"type":"binary-expr","locations":[{"start":{"line":79,"column":56},"end":{"line":79,"column":68}},{"start":{"line":79,"column":56},"end":{"line":79,"column":68}}]},"20":{"loc":{"start":{"line":80,"column":14},"end":{"line":80,"column":32}},"type":"binary-expr","locations":[{"start":{"line":80,"column":14},"end":{"line":80,"column":32}},{"start":{"line":80,"column":36},"end":{"line":80,"column":69}}]},"21":{"loc":{"start":{"line":80,"column":46},"end":{"line":80,"column":48}},"type":"cond-expr","locations":[{"start":{"line":80,"column":46},"end":{"line":80,"column":48}},{"start":{"line":80,"column":36},"end":{"line":80,"column":69}}]},"22":{"loc":{"start":{"line":80,"column":36},"end":{"line":80,"column":48}},"type":"binary-expr","locations":[{"start":{"line":80,"column":36},"end":{"line":80,"column":48}},{"start":{"line":80,"column":36},"end":{"line":80,"column":48}}]},"23":{"loc":{"start":{"line":81,"column":14},"end":{"line":81,"column":27}},"type":"binary-expr","locations":[{"start":{"line":81,"column":14},"end":{"line":81,"column":27}},{"start":{"line":81,"column":36},"end":{"line":81,"column":59}}]},"24":{"loc":{"start":{"line":81,"column":46},"end":{"line":81,"column":48}},"type":"cond-expr","locations":[{"start":{"line":81,"column":46},"end":{"line":81,"column":48}},{"start":{"line":81,"column":36},"end":{"line":81,"column":59}}]},"25":{"loc":{"start":{"line":81,"column":36},"end":{"line":81,"column":48}},"type":"binary-expr","locations":[{"start":{"line":81,"column":36},"end":{"line":81,"column":48}},{"start":{"line":81,"column":36},"end":{"line":81,"column":48}}]},"26":{"loc":{"start":{"line":82,"column":14},"end":{"line":82,"column":28}},"type":"binary-expr","locations":[{"start":{"line":82,"column":14},"end":{"line":82,"column":28}},{"start":{"line":82,"column":36},"end":{"line":82,"column":60}}]},"27":{"loc":{"start":{"line":82,"column":46},"end":{"line":82,"column":48}},"type":"cond-expr","locations":[{"start":{"line":82,"column":46},"end":{"line":82,"column":48}},{"start":{"line":82,"column":36},"end":{"line":82,"column":60}}]},"28":{"loc":{"start":{"line":82,"column":36},"end":{"line":82,"column":48}},"type":"binary-expr","locations":[{"start":{"line":82,"column":36},"end":{"line":82,"column":48}},{"start":{"line":82,"column":36},"end":{"line":82,"column":48}}]},"29":{"loc":{"start":{"line":85,"column":58},"end":{"line":85,"column":60}},"type":"cond-expr","locations":[{"start":{"line":85,"column":58},"end":{"line":85,"column":60}},{"start":{"line":85,"column":49},"end":{"line":85,"column":67}}]},"30":{"loc":{"start":{"line":85,"column":49},"end":{"line":85,"column":60}},"type":"binary-expr","locations":[{"start":{"line":85,"column":49},"end":{"line":85,"column":60}},{"start":{"line":85,"column":49},"end":{"line":85,"column":60}}]},"31":{"loc":{"start":{"line":86,"column":68},"end":{"line":86,"column":70}},"type":"cond-expr","locations":[{"start":{"line":86,"column":68},"end":{"line":86,"column":70}},{"start":{"line":86,"column":59},"end":{"line":86,"column":77}}]},"32":{"loc":{"start":{"line":86,"column":59},"end":{"line":86,"column":70}},"type":"binary-expr","locations":[{"start":{"line":86,"column":59},"end":{"line":86,"column":70}},{"start":{"line":86,"column":59},"end":{"line":86,"column":70}}]},"33":{"loc":{"start":{"line":87,"column":68},"end":{"line":87,"column":70}},"type":"cond-expr","locations":[{"start":{"line":87,"column":68},"end":{"line":87,"column":70}},{"start":{"line":87,"column":59},"end":{"line":87,"column":77}}]},"34":{"loc":{"start":{"line":87,"column":59},"end":{"line":87,"column":70}},"type":"binary-expr","locations":[{"start":{"line":87,"column":59},"end":{"line":87,"column":70}},{"start":{"line":87,"column":59},"end":{"line":87,"column":70}}]},"35":{"loc":{"start":{"line":142,"column":24},"end":{"line":142,"column":26}},"type":"cond-expr","locations":[{"start":{"line":142,"column":24},"end":{"line":142,"column":26}},{"start":{"line":142,"column":14},"end":{"line":142,"column":35}}]},"36":{"loc":{"start":{"line":142,"column":14},"end":{"line":142,"column":26}},"type":"binary-expr","locations":[{"start":{"line":142,"column":14},"end":{"line":142,"column":26}},{"start":{"line":142,"column":14},"end":{"line":142,"column":26}}]},"37":{"loc":{"start":{"line":143,"column":24},"end":{"line":143,"column":26}},"type":"cond-expr","locations":[{"start":{"line":143,"column":24},"end":{"line":143,"column":26}},{"start":{"line":143,"column":14},"end":{"line":143,"column":30}}]},"38":{"loc":{"start":{"line":143,"column":14},"end":{"line":143,"column":26}},"type":"binary-expr","locations":[{"start":{"line":143,"column":14},"end":{"line":143,"column":26}},{"start":{"line":143,"column":14},"end":{"line":143,"column":26}}]},"39":{"loc":{"start":{"line":144,"column":24},"end":{"line":144,"column":26}},"type":"cond-expr","locations":[{"start":{"line":144,"column":24},"end":{"line":144,"column":26}},{"start":{"line":144,"column":14},"end":{"line":144,"column":35}}]},"40":{"loc":{"start":{"line":144,"column":14},"end":{"line":144,"column":26}},"type":"binary-expr","locations":[{"start":{"line":144,"column":14},"end":{"line":144,"column":26}},{"start":{"line":144,"column":14},"end":{"line":144,"column":26}}]},"41":{"loc":{"start":{"line":145,"column":14},"end":{"line":145,"column":46}},"type":"binary-expr","locations":[{"start":{"line":145,"column":14},"end":{"line":145,"column":46}},{"start":{"line":145,"column":50},"end":{"line":145,"column":73}}]},"42":{"loc":{"start":{"line":145,"column":60},"end":{"line":145,"column":62}},"type":"cond-expr","locations":[{"start":{"line":145,"column":60},"end":{"line":145,"column":62}},{"start":{"line":145,"column":50},"end":{"line":145,"column":73}}]},"43":{"loc":{"start":{"line":145,"column":50},"end":{"line":145,"column":62}},"type":"binary-expr","locations":[{"start":{"line":145,"column":50},"end":{"line":145,"column":62}},{"start":{"line":145,"column":50},"end":{"line":145,"column":62}}]},"44":{"loc":{"start":{"line":146,"column":14},"end":{"line":146,"column":53}},"type":"binary-expr","locations":[{"start":{"line":146,"column":14},"end":{"line":146,"column":53}},{"start":{"line":146,"column":57},"end":{"line":146,"column":81}}]},"45":{"loc":{"start":{"line":146,"column":67},"end":{"line":146,"column":69}},"type":"cond-expr","locations":[{"start":{"line":146,"column":67},"end":{"line":146,"column":69}},{"start":{"line":146,"column":57},"end":{"line":146,"column":81}}]},"46":{"loc":{"start":{"line":146,"column":57},"end":{"line":146,"column":69}},"type":"binary-expr","locations":[{"start":{"line":146,"column":57},"end":{"line":146,"column":69}},{"start":{"line":146,"column":57},"end":{"line":146,"column":69}}]},"47":{"loc":{"start":{"line":148,"column":59},"end":{"line":148,"column":61}},"type":"cond-expr","locations":[{"start":{"line":148,"column":59},"end":{"line":148,"column":61}},{"start":{"line":148,"column":49},"end":{"line":148,"column":68}}]},"48":{"loc":{"start":{"line":148,"column":49},"end":{"line":148,"column":61}},"type":"binary-expr","locations":[{"start":{"line":148,"column":49},"end":{"line":148,"column":61}},{"start":{"line":148,"column":49},"end":{"line":148,"column":61}}]},"49":{"loc":{"start":{"line":200,"column":23},"end":{"line":200,"column":25}},"type":"cond-expr","locations":[{"start":{"line":200,"column":23},"end":{"line":200,"column":25}},{"start":{"line":200,"column":14},"end":{"line":200,"column":34}}]},"50":{"loc":{"start":{"line":200,"column":14},"end":{"line":200,"column":25}},"type":"binary-expr","locations":[{"start":{"line":200,"column":14},"end":{"line":200,"column":25}},{"start":{"line":200,"column":14},"end":{"line":200,"column":25}}]},"51":{"loc":{"start":{"line":201,"column":24},"end":{"line":201,"column":26}},"type":"cond-expr","locations":[{"start":{"line":201,"column":24},"end":{"line":201,"column":26}},{"start":{"line":201,"column":14},"end":{"line":201,"column":30}}]},"52":{"loc":{"start":{"line":201,"column":14},"end":{"line":201,"column":26}},"type":"binary-expr","locations":[{"start":{"line":201,"column":14},"end":{"line":201,"column":26}},{"start":{"line":201,"column":14},"end":{"line":201,"column":26}}]},"53":{"loc":{"start":{"line":202,"column":24},"end":{"line":202,"column":26}},"type":"cond-expr","locations":[{"start":{"line":202,"column":24},"end":{"line":202,"column":26}},{"start":{"line":202,"column":14},"end":{"line":202,"column":34}}]},"54":{"loc":{"start":{"line":202,"column":14},"end":{"line":202,"column":26}},"type":"binary-expr","locations":[{"start":{"line":202,"column":14},"end":{"line":202,"column":26}},{"start":{"line":202,"column":14},"end":{"line":202,"column":26}}]},"55":{"loc":{"start":{"line":203,"column":14},"end":{"line":203,"column":62}},"type":"binary-expr","locations":[{"start":{"line":203,"column":14},"end":{"line":203,"column":62}},{"start":{"line":203,"column":66},"end":{"line":203,"column":89}}]},"56":{"loc":{"start":{"line":203,"column":76},"end":{"line":203,"column":78}},"type":"cond-expr","locations":[{"start":{"line":203,"column":76},"end":{"line":203,"column":78}},{"start":{"line":203,"column":66},"end":{"line":203,"column":89}}]},"57":{"loc":{"start":{"line":203,"column":66},"end":{"line":203,"column":78}},"type":"binary-expr","locations":[{"start":{"line":203,"column":66},"end":{"line":203,"column":78}},{"start":{"line":203,"column":66},"end":{"line":203,"column":78}}]},"58":{"loc":{"start":{"line":204,"column":14},"end":{"line":204,"column":53}},"type":"binary-expr","locations":[{"start":{"line":204,"column":14},"end":{"line":204,"column":53}},{"start":{"line":204,"column":57},"end":{"line":204,"column":81}}]},"59":{"loc":{"start":{"line":204,"column":67},"end":{"line":204,"column":69}},"type":"cond-expr","locations":[{"start":{"line":204,"column":67},"end":{"line":204,"column":69}},{"start":{"line":204,"column":57},"end":{"line":204,"column":81}}]},"60":{"loc":{"start":{"line":204,"column":57},"end":{"line":204,"column":69}},"type":"binary-expr","locations":[{"start":{"line":204,"column":57},"end":{"line":204,"column":69}},{"start":{"line":204,"column":57},"end":{"line":204,"column":69}}]},"61":{"loc":{"start":{"line":206,"column":58},"end":{"line":206,"column":60}},"type":"cond-expr","locations":[{"start":{"line":206,"column":58},"end":{"line":206,"column":60}},{"start":{"line":206,"column":49},"end":{"line":206,"column":67}}]},"62":{"loc":{"start":{"line":206,"column":49},"end":{"line":206,"column":60}},"type":"binary-expr","locations":[{"start":{"line":206,"column":49},"end":{"line":206,"column":60}},{"start":{"line":206,"column":49},"end":{"line":206,"column":60}}]},"63":{"loc":{"start":{"line":234,"column":17},"end":{"line":234,"column":19}},"type":"cond-expr","locations":[{"start":{"line":234,"column":17},"end":{"line":234,"column":19}},{"start":{"line":234,"column":8},"end":{"line":234,"column":28}}]},"64":{"loc":{"start":{"line":234,"column":8},"end":{"line":234,"column":19}},"type":"binary-expr","locations":[{"start":{"line":234,"column":8},"end":{"line":234,"column":19}},{"start":{"line":234,"column":8},"end":{"line":234,"column":19}}]},"65":{"loc":{"start":{"line":235,"column":18},"end":{"line":235,"column":20}},"type":"cond-expr","locations":[{"start":{"line":235,"column":18},"end":{"line":235,"column":20}},{"start":{"line":235,"column":8},"end":{"line":235,"column":24}}]},"66":{"loc":{"start":{"line":235,"column":8},"end":{"line":235,"column":20}},"type":"binary-expr","locations":[{"start":{"line":235,"column":8},"end":{"line":235,"column":20}},{"start":{"line":235,"column":8},"end":{"line":235,"column":20}}]},"67":{"loc":{"start":{"line":236,"column":8},"end":{"line":236,"column":29}},"type":"binary-expr","locations":[{"start":{"line":236,"column":8},"end":{"line":236,"column":29}},{"start":{"line":236,"column":33},"end":{"line":236,"column":53}}]},"68":{"loc":{"start":{"line":236,"column":43},"end":{"line":236,"column":45}},"type":"cond-expr","locations":[{"start":{"line":236,"column":43},"end":{"line":236,"column":45}},{"start":{"line":236,"column":33},"end":{"line":236,"column":53}}]},"69":{"loc":{"start":{"line":236,"column":33},"end":{"line":236,"column":45}},"type":"binary-expr","locations":[{"start":{"line":236,"column":33},"end":{"line":236,"column":45}},{"start":{"line":236,"column":33},"end":{"line":236,"column":45}}]},"70":{"loc":{"start":{"line":237,"column":8},"end":{"line":237,"column":31}},"type":"binary-expr","locations":[{"start":{"line":237,"column":8},"end":{"line":237,"column":31}},{"start":{"line":237,"column":35},"end":{"line":237,"column":57}}]},"71":{"loc":{"start":{"line":237,"column":45},"end":{"line":237,"column":47}},"type":"cond-expr","locations":[{"start":{"line":237,"column":45},"end":{"line":237,"column":47}},{"start":{"line":237,"column":35},"end":{"line":237,"column":57}}]},"72":{"loc":{"start":{"line":237,"column":35},"end":{"line":237,"column":47}},"type":"binary-expr","locations":[{"start":{"line":237,"column":35},"end":{"line":237,"column":47}},{"start":{"line":237,"column":35},"end":{"line":237,"column":47}}]},"73":{"loc":{"start":{"line":238,"column":8},"end":{"line":238,"column":30}},"type":"binary-expr","locations":[{"start":{"line":238,"column":8},"end":{"line":238,"column":30}},{"start":{"line":238,"column":34},"end":{"line":238,"column":55}}]},"74":{"loc":{"start":{"line":238,"column":44},"end":{"line":238,"column":46}},"type":"cond-expr","locations":[{"start":{"line":238,"column":44},"end":{"line":238,"column":46}},{"start":{"line":238,"column":34},"end":{"line":238,"column":55}}]},"75":{"loc":{"start":{"line":238,"column":34},"end":{"line":238,"column":46}},"type":"binary-expr","locations":[{"start":{"line":238,"column":34},"end":{"line":238,"column":46}},{"start":{"line":238,"column":34},"end":{"line":238,"column":46}}]},"76":{"loc":{"start":{"line":241,"column":7},"end":{"line":241,"column":28}},"type":"binary-expr","locations":[{"start":{"line":241,"column":7},"end":{"line":241,"column":28}},{"start":{"line":242,"column":8},"end":{"line":260,"column":null}}]},"77":{"loc":{"start":{"line":245,"column":21},"end":{"line":245,"column":23}},"type":"cond-expr","locations":[{"start":{"line":245,"column":21},"end":{"line":245,"column":23}},{"start":{"line":245,"column":12},"end":{"line":245,"column":32}}]},"78":{"loc":{"start":{"line":245,"column":12},"end":{"line":245,"column":23}},"type":"binary-expr","locations":[{"start":{"line":245,"column":12},"end":{"line":245,"column":23}},{"start":{"line":245,"column":12},"end":{"line":245,"column":23}}]},"79":{"loc":{"start":{"line":246,"column":22},"end":{"line":246,"column":24}},"type":"cond-expr","locations":[{"start":{"line":246,"column":22},"end":{"line":246,"column":24}},{"start":{"line":246,"column":12},"end":{"line":246,"column":28}}]},"80":{"loc":{"start":{"line":246,"column":12},"end":{"line":246,"column":24}},"type":"binary-expr","locations":[{"start":{"line":246,"column":12},"end":{"line":246,"column":24}},{"start":{"line":246,"column":12},"end":{"line":246,"column":24}}]},"81":{"loc":{"start":{"line":254,"column":24},"end":{"line":254,"column":26}},"type":"cond-expr","locations":[{"start":{"line":254,"column":24},"end":{"line":254,"column":26}},{"start":{"line":254,"column":16},"end":{"line":254,"column":35}}]},"82":{"loc":{"start":{"line":254,"column":16},"end":{"line":254,"column":26}},"type":"binary-expr","locations":[{"start":{"line":254,"column":16},"end":{"line":254,"column":26}},{"start":{"line":254,"column":16},"end":{"line":254,"column":26}}]},"83":{"loc":{"start":{"line":255,"column":26},"end":{"line":255,"column":28}},"type":"cond-expr","locations":[{"start":{"line":255,"column":26},"end":{"line":255,"column":28}},{"start":{"line":255,"column":16},"end":{"line":255,"column":31}}]},"84":{"loc":{"start":{"line":255,"column":16},"end":{"line":255,"column":28}},"type":"binary-expr","locations":[{"start":{"line":255,"column":16},"end":{"line":255,"column":28}},{"start":{"line":255,"column":16},"end":{"line":255,"column":28}}]},"85":{"loc":{"start":{"line":266,"column":20},"end":{"line":266,"column":22}},"type":"cond-expr","locations":[{"start":{"line":266,"column":20},"end":{"line":266,"column":22}},{"start":{"line":266,"column":10},"end":{"line":266,"column":31}}]},"86":{"loc":{"start":{"line":266,"column":10},"end":{"line":266,"column":22}},"type":"binary-expr","locations":[{"start":{"line":266,"column":10},"end":{"line":266,"column":22}},{"start":{"line":266,"column":10},"end":{"line":266,"column":22}}]},"87":{"loc":{"start":{"line":267,"column":20},"end":{"line":267,"column":22}},"type":"cond-expr","locations":[{"start":{"line":267,"column":20},"end":{"line":267,"column":22}},{"start":{"line":267,"column":10},"end":{"line":267,"column":27}}]},"88":{"loc":{"start":{"line":267,"column":10},"end":{"line":267,"column":22}},"type":"binary-expr","locations":[{"start":{"line":267,"column":10},"end":{"line":267,"
[...]
,"C:\\Users\\Maycon\\Documents\\GitHub\\calendar\\packages\\react-calendar\\hooks\\use-props.ts": {"path":"C:\\Users\\Maycon\\Documents\\GitHub\\calendar\\packages\\react-calendar\\hooks\\use-props.ts","statementMap":{"0":{"start":{"line":1,"column":0},"end":{"line":1,"column":34}},"1":{"start":{"line":2,"column":0},"end":{"line":2,"column":44}},"2":{"start":{"line":13,"column":13},"end":{"line":22,"column":null}},"3":{"start":{"line":27,"column":6},"end":{"line":27,"column":11}},"4":{"start":{"line":31,"column":2},"end":{"line":35,"column":null}},"5":{"start":{"line":32,"column":4},"end":{"line":34,"column":null}},"6":{"start":{"line":33,"column":6},"end":{"line":33,"column":null}},"7":{"start":{"line":37,"column":2},"end":{"line":37,"column":null}},"8":{"start":{"line":24,"column":0},"end":{"line":24,"column":24}}},"fnMap":{"0":{"name":"useProps","decl":{"start":{"line":24,"column":24},"end":{"line":24,"column":32}},"loc":{"start":{"line":24,"column":32},"end":{"line":38,"column":1}}},"1":{"name":"(anonymous_1)","decl":{"start":{"line":31,"column":36},"end":{"line":31,"column":39}},"loc":{"start":{"line":31,"column":39},"end":{"line":35,"column":3}}}},"branchMap":{"0":{"loc":{"start":{"line":32,"column":4},"end":{"line":34,"column":null}},"type":"if","locations":[{"start":{"line":32,"column":4},"end":{"line":34,"column":null}},{"start":{"line":32,"column":4},"end":{"line":34,"column":null}}]},"1":{"loc":{"start":{"line":32,"column":8},"end":{"line":32,"column":25}},"type":"binary-expr","locations":[{"start":{"line":32,"column":8},"end":{"line":32,"column":25}},{"start":{"line":32,"column":29},"end":{"line":32,"column":40}}]}},"s":{"0":1,"1":1,"2":1,"3":388,"4":388,"5":1940,"6":84,"7":388,"8":1},"f":{"0":388,"1":1940},"b":{"0":[84,1856],"1":[1940,1940]}}
,"C:\\Users\\Maycon\\Documents\\GitHub\\calendar\\packages\\react-calendar\\hooks\\use-will-mount.ts": {"path":"C:\\Users\\Maycon\\Documents\\GitHub\\calendar\\packages\\react-calendar\\hooks\\use-will-mount.ts","statementMap":{"0":{"start":{"line":1,"column":0},"end":{"line":1,"column":31}},"1":{"start":{"line":3,"column":26},"end":{"line":3,"column":28}},"2":{"start":{"line":6,"column":24},"end":{"line":6,"column":60}},"3":{"start":{"line":6,"column":38},"end":{"line":6,"column":57}},"4":{"start":{"line":8,"column":2},"end":{"line":11,"column":null}},"5":{"start":{"line":9,"column":4},"end":{"line":9,"column":null}},"6":{"start":{"line":10,"column":4},"end":{"line":10,"column":null}},"7":{"start":{"line":5,"column":0},"end":{"line":5,"column":24}}},"fnMap":{"0":{"name":"useWillMount","decl":{"start":{"line":5,"column":24},"end":{"line":5,"column":36}},"loc":{"start":{"line":5,"column":58},"end":{"line":12,"column":1}}},"1":{"name":"(anonymous_1)","decl":{"start":{"line":6,"column":32},"end":{"line":6,"column":38}},"loc":{"start":{"line":6,"column":32},"end":{"line":6,"column":44}}}},"branchMap":{"0":{"loc":{"start":{"line":8,"column":2},"end":{"line":11,"column":null}},"type":"if","locations":[{"start":{"line":8,"column":2},"end":{"line":11,"column":null}},{"start":{"line":8,"column":2},"end":{"line":11,"column":null}}]}},"s":{"0":1,"1":1,"2":57,"3":19,"4":57,"5":19,"6":19,"7":1},"f":{"0":57,"1":19},"b":{"0":[19,38]}}
,"C:\\Users\\Maycon\\Documents\\GitHub\\calendar\\packages\\react-calendar\\utils\\classname-resolve.ts": {"path":"C:\\Users\\Maycon\\Documents\\GitHub\\calendar\\packages\\react-calendar\\utils\\classname-resolve.ts","statementMap":{"0":{"start":{"line":1,"column":42},"end":{"line":1,"column":62}},"1":{"start":{"line":2,"column":2},"end":{"line":2,"column":null}},"2":{"start":{"line":1,"column":0},"end":{"line":1,"column":24}}},"fnMap":{"0":{"name":"classNameResolve","decl":{"start":{"line":1,"column":24},"end":{"line":1,"column":40}},"loc":{"start":{"line":1,"column":40},"end":{"line":3,"column":1}}}},"branchMap":{},"s":{"0":25302,"1":2790,"2":1},"f":{"0":2790},"b":{}}
,"C:\\Users\\Maycon\\Documents\\GitHub\\calendar\\packages\\react-calendar\\utils\\compare-dates.ts": {"path":"C:\\Users\\Maycon\\Documents\\GitHub\\calendar\\packages\\react-calendar\\utils\\compare-dates.ts","statementMap":{"0":{"start":{"line":1,"column":38},"end":{"line":1,"column":66}},"1":{"start":{"line":2,"column":19},"end":{"line":2,"column":73}},"2":{"start":{"line":2,"column":41},"end":{"line":2,"column":71}},"3":{"start":{"line":3,"column":2},"end":{"line":3,"column":null}},"4":{"start":{"line":1,"column":0},"end":{"line":1,"column":24}}},"fnMap":{"0":{"name":"compareDates","decl":{"start":{"line":1,"column":24},"end":{"line":1,"column":36}},"loc":{"start":{"line":1,"column":36},"end":{"line":4,"column":1}}},"1":{"name":"(anonymous_1)","decl":{"start":{"line":2,"column":37},"end":{"line":2,"column":41}},"loc":{"start":{"line":2,"column":41},"end":{"line":2,"column":71}}}},"branchMap":{"0":{"loc":{"start":{"line":2,"column":49},"end":{"line":2,"column":51}},"type":"cond-expr","locations":[{"start":{"line":2,"column":49},"end":{"line":2,"column":51}},{"start":{"line":2,"column":45},"end":{"line":2,"column":71}}]},"1":{"loc":{"start":{"line":2,"column":45},"end":{"line":2,"column":51}},"type":"binary-expr","locations":[{"start":{"line":2,"column":45},"end":{"line":2,"column":51}},{"start":{"line":2,"column":45},"end":{"line":2,"column":51}}]}},"s":{"0":7728,"1":1932,"2":3864,"3":1932,"4":1},"f":{"0":1932,"1":3864},"b":{"0":[0,3864],"1":[3864,3864]}}
,"C:\\Users\\Maycon\\Documents\\GitHub\\calendar\\packages\\react-calendar\\utils\\date-between-range.ts": {"path":"C:\\Users\\Maycon\\Documents\\GitHub\\calendar\\packages\\react-calendar\\utils\\date-between-range.ts","statementMap":{"0":{"start":{"line":2,"column":2},"end":{"line":2,"column":null}},"1":{"start":{"line":2,"column":43},"end":{"line":2,"column":null}},"2":{"start":{"line":4,"column":20},"end":{"line":4,"column":40}},"3":{"start":{"line":5,"column":18},"end":{"line":5,"column":36}},"4":{"start":{"line":6,"column":19},"end":{"line":6,"column":38}},"5":{"start":{"line":8,"column":2},"end":{"line":10,"column":null}},"6":{"start":{"line":9,"column":4},"end":{"line":9,"column":null}},"7":{"start":{"line":12,"column":2},"end":{"line":14,"column":null}},"8":{"start":{"line":13,"column":4},"end":{"line":13,"column":null}},"9":{"start":{"line":16,"column":2},"end":{"line":16,"column":null}},"10":{"start":{"line":1,"column":0},"end":{"line":1,"column":24}}},"fnMap":{"0":{"name":"dateBetweenRange","decl":{"start":{"line":1,"column":24},"end":{"line":1,"column":40}},"loc":{"start":{"line":1,"column":105},"end":{"line":17,"column":1}}}},"branchMap":{"0":{"loc":{"start":{"line":2,"column":2},"end":{"line":2,"column":null}},"type":"if","locations":[{"start":{"line":2,"column":2},"end":{"line":2,"column":null}},{"start":{"line":2,"column":2},"end":{"line":2,"column":null}}]},"1":{"loc":{"start":{"line":2,"column":6},"end":{"line":2,"column":16}},"type":"binary-expr","locations":[{"start":{"line":2,"column":6},"end":{"line":2,"column":16}},{"start":{"line":2,"column":20},"end":{"line":2,"column":28}},{"start":{"line":2,"column":32},"end":{"line":2,"column":41}}]},"2":{"loc":{"start":{"line":4,"column":29},"end":{"line":4,"column":31}},"type":"cond-expr","locations":[{"start":{"line":4,"column":29},"end":{"line":4,"column":31}},{"start":{"line":4,"column":20},"end":{"line":4,"column":40}}]},"3":{"loc":{"start":{"line":4,"column":20},"end":{"line":4,"column":31}},"type":"binary-expr","locations":[{"start":{"line":4,"column":20},"end":{"line":4,"column":31}},{"start":{"line":4,"column":20},"end":{"line":4,"column":31}}]},"4":{"loc":{"start":{"line":5,"column":25},"end":{"line":5,"column":27}},"type":"cond-expr","locations":[{"start":{"line":5,"column":25},"end":{"line":5,"column":27}},{"start":{"line":5,"column":18},"end":{"line":5,"column":36}}]},"5":{"loc":{"start":{"line":5,"column":18},"end":{"line":5,"column":27}},"type":"binary-expr","locations":[{"start":{"line":5,"column":18},"end":{"line":5,"column":27}},{"start":{"line":5,"column":18},"end":{"line":5,"column":27}}]},"6":{"loc":{"start":{"line":6,"column":27},"end":{"line":6,"column":29}},"type":"cond-expr","locations":[{"start":{"line":6,"column":27},"end":{"line":6,"column":29}},{"start":{"line":6,"column":19},"end":{"line":6,"column":38}}]},"7":{"loc":{"start":{"line":6,"column":19},"end":{"line":6,"column":29}},"type":"binary-expr","locations":[{"start":{"line":6,"column":19},"end":{"line":6,"column":29}},{"start":{"line":6,"column":19},"end":{"line":6,"column":29}}]},"8":{"loc":{"start":{"line":8,"column":2},"end":{"line":10,"column":null}},"type":"if","locations":[{"start":{"line":8,"column":2},"end":{"line":10,"column":null}},{"start":{"line":8,"column":2},"end":{"line":10,"column":null}}]},"9":{"loc":{"start":{"line":8,"column":6},"end":{"line":8,"column":28}},"type":"binary-expr","locations":[{"start":{"line":8,"column":6},"end":{"line":8,"column":28}},{"start":{"line":8,"column":32},"end":{"line":8,"column":52}}]},"10":{"loc":{"start":{"line":12,"column":2},"end":{"line":14,"column":null}},"type":"if","locations":[{"start":{"line":12,"column":2},"end":{"line":14,"column":null}},{"start":{"line":12,"column":2},"end":{"line":14,"column":null}}]},"11":{"loc":{"start":{"line":12,"column":7},"end":{"line":12,"column":27}},"type":"binary-expr","locations":[{"start":{"line":12,"column":7},"end":{"line":12,"column":27}},{"start":{"line":12,"column":31},"end":{"line":12,"column":49}},{"start":{"line":12,"column":55},"end":{"line":12,"column":75}},{"start":{"line":12,"column":79},"end":{"line":12,"column":97}}]}},"s":{"0":378,"1":252,"2":126,"3":126,"4":126,"5":126,"6":6,"7":120,"8":12,"9":108,"10":1},"f":{"0":378},"b":{"0":[252,126],"1":[378,378,378],"2":[0,126],"3":[126,126],"4":[0,126],"5":[126,126],"6":[0,126],"7":[126,126],"8":[6,120],"9":[126,123],"10":[12,108],"11":[120,78,108,42]}}
,"C:\\Users\\Maycon\\Documents\\GitHub\\calendar\\packages\\react-calendar\\utils\\date-diff.ts": {"path":"C:\\Users\\Maycon\\Documents\\GitHub\\calendar\\packages\\react-calendar\\utils\\date-diff.ts","statementMap":{"0":{"start":{"line":1,"column":0},"end":{"line":5,"column":null}},"1":{"start":{"line":2,"column":19},"end":{"line":2,"column":83}},"2":{"start":{"line":3,"column":19},"end":{"line":3,"column":83}},"3":{"start":{"line":4,"column":2},"end":{"line":4,"column":null}}},"fnMap":{"0":{"name":"(anonymous_0)","decl":{"start":{"line":1,"column":15},"end":{"line":1,"column":16}},"loc":{"start":{"line":1,"column":40},"end":{"line":5,"column":1}}}},"branchMap":{},"s":{"0":1,"1":344,"2":344,"3":344},"f":{"0":344},"b":{}}
,"C:\\Users\\Maycon\\Documents\\GitHub\\calendar\\packages\\react-calendar\\utils\\date-includes.ts": {"path":"C:\\Users\\Maycon\\Documents\\GitHub\\calendar\\packages\\react-calendar\\utils\\date-includes.ts","statementMap":{"0":{"start":{"line":2,"column":21},"end":{"line":2,"column":46}},"1":{"start":{"line":3,"column":2},"end":{"line":7,"column":null}},"2":{"start":{"line":3,"column":22},"end":{"line":3,"column":25}},"3":{"start":{"line":3,"column":18},"end":{"line":3,"column":22}},"4":{"start":{"line":4,"column":4},"end":{"line":6,"column":null}},"5":{"start":{"line":5,"column":6},"end":{"line":5,"column":null}},"6":{"start":{"line":9,"column":2},"end":{"line":9,"column":null}},"7":{"start":{"line":1,"column":0},"end":{"line":1,"column":24}}},"fnMap":{"0":{"name":"dateIncludes","decl":{"start":{"line":1,"column":24},"end":{"line":1,"column":36}},"loc":{"start":{"line":1,"column":61},"end":{"line":10,"column":1}}}},"branchMap":{"0":{"loc":{"start":{"line":4,"column":4},"end":{"line":6,"column":null}},"type":"if","locations":[{"start":{"line":4,"column":4},"end":{"line":6,"column":null}},{"start":{"line":4,"column":4},"end":{"line":6,"column":null}}]}},"s":{"0":2080,"1":2080,"2":4160,"3":791,"4":791,"5":19,"6":2061,"7":1},"f":{"0":2080},"b":{"0":[19,772]}}
,"C:\\Users\\Maycon\\Documents\\GitHub\\calendar\\packages\\react-calendar\\utils\\date-sort.ts": {"path":"C:\\Users\\Maycon\\Documents\\GitHub\\calendar\\packages\\react-calendar\\utils\\date-sort.ts","statementMap":{"0":{"start":{"line":1,"column":0},"end":{"line":4,"column":null}},"1":{"start":{"line":1,"column":16},"end":{"line":1,"column":52}},"2":{"start":{"line":2,"column":28},"end":{"line":2,"column":62}},"3":{"start":{"line":3,"column":2},"end":{"line":3,"column":null}},"4":{"start":{"line":3,"column":42},"end":{"line":3,"column":68}}},"fnMap":{"0":{"name":"(anonymous_0)","decl":{"start":{"line":1,"column":15},"end":{"line":1,"column":16}},"loc":{"start":{"line":1,"column":15},"end":{"line":4,"column":1}}},"1":{"name":"(anonymous_1)","decl":{"start":{"line":3,"column":32},"end":{"line":3,"column":33}},"loc":{"start":{"line":3,"column":37},"end":{"line":3,"column":43}}}},"branchMap":{},"s":{"0":1,"1":1371,"2":469,"3":469,"4":132},"f":{"0":469,"1":132},"b":{}}
,"C:\\Users\\Maycon\\Documents\\GitHub\\calendar\\packages\\react-calendar\\utils\\exclude-equal-dates.ts": {"path":"C:\\Users\\Maycon\\Documents\\GitHub\\calendar\\packages\\react-calendar\\utils\\exclude-equal-dates.ts","statementMap":{"0":{"start":{"line":1,"column":0},"end":{"line":7,"column":null}},"1":{"start":{"line":1,"column":16},"end":{"line":1,"column":59}},"2":{"start":{"line":2,"column":28},"end":{"line":2,"column":62}},"3":{"start":{"line":3,"column":2},"end":{"line":6,"column":null}},"4":{"start":{"line":4,"column":17},"end":{"line":4,"column":32}},"5":{"start":{"line":5,"column":30},"end":{"line":5,"column":54}},"6":{"start":{"line":6,"column":17},"end":{"line":6,"column":32}}},"fnMap":{"0":{"name":"(anonymous_0)","decl":{"start":{"line":1,"column":15},"end":{"line":1,"column":16}},"loc":{"start":{"line":1,"column":15},"end":{"line":7,"column":1}}},"1":{"name":"(anonymous_1)","decl":{"start":{"line":4,"column":9},"end":{"line":4,"column":13}},"loc":{"start":{"line":4,"column":13},"end":{"line":4,"column":21}}},"2":{"name":"(anonymous_2)","decl":{"start":{"line":5,"column":12},"end":{"line":5,"column":13}},"loc":{"start":{"line":5,"column":25},"end":{"line":5,"column":33}}},"3":{"name":"(anonymous_3)","decl":{"start":{"line":6,"column":9},"end":{"line":6,"column":13}},"loc":{"start":{"line":6,"column":13},"end":{"line":6,"column":21}}}},"branchMap":{},"s":{"0":1,"1":4872,"2":1218,"3":1218,"4":1176,"5":1176,"6":1176},"f":{"0":1218,"1":1176,"2":1176,"3":1176},"b":{}}
,"C:\\Users\\Maycon\\Documents\\GitHub\\calendar\\packages\\react-calendar\\utils\\get-dates-range.ts": {"path":"C:\\Users\\Maycon\\Documents\\GitHub\\calendar\\packages\\react-calendar\\utils\\get-dates-range.ts","statementMap":{"0":{"start":{"line":1,"column":0},"end":{"line":1,"column":34}},"1":{"start":{"line":4,"column":20},"end":{"line":4,"column":42}},"2":{"start":{"line":5,"column":23},"end":{"line":5,"column":42}},"3":{"start":{"line":6,"column":15},"end":{"line":6,"column":30}},"4":{"start":{"line":7,"column":24},"end":{"line":7,"column":40}},"5":{"start":{"line":9,"column":2},"end":{"line":12,"column":null}},"6":{"start":{"line":9,"column":15},"end":{"line":9,"column":16}},"7":{"start":{"line":10,"column":4},"end":{"line":10,"column":null}},"8":{"start":{"line":11,"column":4},"end":{"line":11,"column":null}},"9":{"start":{"line":14,"column":2},"end":{"line":14,"column":null}},"10":{"start":{"line":3,"column":0},"end":{"line":3,"column":24}}},"fnMap":{"0":{"name":"getDatesRange","decl":{"start":{"line":3,"column":24},"end":{"line":3,"column":37}},"loc":{"start":{"line":3,"column":63},"end":{"line":15,"column":1}}}},"branchMap":{},"s":{"0":1,"1":4,"2":4,"3":4,"4":4,"5":4,"6":4,"7":14,"8":14,"9":4,"10":1},"f":{"0":4},"b":{}}
,"C:\\Users\\Maycon\\Documents\\GitHub\\calendar\\packages\\react-calendar\\utils\\onclick-handler.ts": {"path":"C:\\Users\\Maycon\\Documents\\GitHub\\calendar\\packages\\react-calendar\\utils\\onclick-handler.ts","statementMap":{"0":{"start":{"line":4,"column":2},"end":{"line":15,"column":null}},"1":{"start":{"line":5,"column":4},"end":{"line":14,"column":null}},"2":{"start":{"line":6,"column":6},"end":{"line":9,"column":null}},"3":{"start":{"line":8,"column":31},"end":{"line":8,"column":null}},"4":{"start":{"line":10,"column":11},"end":{"line":14,"column":null}},"5":{"start":{"line":11,"column":6},"end":{"line":11,"column":null}},"6":{"start":{"line":12,"column":11},"end":{"line":14,"column":null}},"7":{"start":{"line":13,"column":6},"end":{"line":13,"column":null}},"8":{"start":{"line":3,"column":0},"end":{"line":3,"column":24}}},"fnMap":{"0":{"name":"customOnClick","decl":{"start":{"line":3,"column":24},"end":{"line":3,"column":37}},"loc":{"start":{"line":3,"column":145},"end":{"line":16,"column":1}}},"1":{"name":"(anonymous_1)","decl":{"start":{"line":4,"column":9},"end":{"line":4,"column":10}},"loc":{"start":{"line":4,"column":58},"end":{"line":15,"column":3}}},"2":{"name":"(anonymous_2)","decl":{"start":{"line":8,"column":25},"end":{"line":8,"column":31}},"loc":{"start":{"line":8,"column":25},"end":{"line":8,"column":39}}}},"branchMap":{"0":{"loc":{"start":{"line":5,"column":4},"end":{"line":14,"column":null}},"type":"if","locations":[{"start":{"line":5,"column":4},"end":{"line":14,"column":null}},{"start":{"line":5,"column":4},"end":{"line":14,"column":null}}]},"1":{"loc":{"start":{"line":5,"column":8},"end":{"line":5,"column":16}},"type":"binary-expr","locations":[{"start":{"line":5,"column":8},"end":{"line":5,"column":16}},{"start":{"line":5,"column":20},"end":{"line":5,"column":30}}]},"2":{"loc":{"start":{"line":8,"column":31},"end":{"line":8,"column":39}},"type":"binary-expr","locations":[{"start":{"line":8,"column":31},"end":{"line":8,"column":39}},{"start":{"line":8,"column":43},"end":{"line":8,"column":58}}]},"3":{"loc":{"start":{"line":10,"column":11},"end":{"line":14,"column":null}},"type":"if","locations":[{"start":{"line":10,"column":11},"end":{"line":14,"column":null}},{"start":{"line":10,"column":11},"end":{"line":14,"column":null}}]},"4":{"loc":{"start":{"line":12,"column":11},"end":{"line":14,"column":null}},"type":"if","locations":[{"start":{"line":12,"column":11},"end":{"line":14,"column":null}},{"start":{"line":12,"column":11},"end":{"line":14,"column":null}}]}},"s":{"0":6115,"1":43,"2":0,"3":0,"4":43,"5":0,"6":43,"7":43,"8":1},"f":{"0":6115,"1":43,"2":0},"b":{"0":[0,43],"1":[43,43],"2":[0,0],"3":[0,43],"4":[43,0]}}
,"C:\\Users\\Maycon\\Documents\\GitHub\\calendar\\packages\\react-calendar\\utils\\selected-dates.ts": {"path":"C:\\Users\\Maycon\\Documents\\GitHub\\calendar\\packages\\react-calendar\\utils\\selected-dates.ts","statementMap":{"0":{"start":{"line":2,"column":2},"end":{"line":6,"column":null}},"1":{"start":{"line":3,"column":4},"end":{"line":3,"column":null}},"2":{"start":{"line":4,"column":9},"end":{"line":6,"column":null}},"3":{"start":{"line":5,"column":4},"end":{"line":5,"column":null}},"4":{"start":{"line":8,"column":2},"end":{"line":8,"column":null}},"5":{"start":{"line":1,"column":0},"end":{"line":1,"column":24}}},"fnMap":{"0":{"name":"getSelectedDates","decl":{"start":{"line":1,"column":24},"end":{"line":1,"column":40}},"loc":{"start":{"line":1,"column":88},"end":{"line":9,"column":1}}}},"branchMap":{"0":{"loc":{"start":{"line":2,"column":2},"end":{"line":6,"column":null}},"type":"if","locations":[{"start":{"line":2,"column":2},"end":{"line":6,"column":null}},{"start":{"line":2,"column":2},"end":{"line":6,"column":null}}]},"1":{"loc":{"start":{"line":3,"column":11},"end":{"line":3,"column":23}},"type":"binary-expr","locations":[{"start":{"line":3,"column":11},"end":{"line":3,"column":23}},{"start":{"line":3,"column":27},"end":{"line":3,"column":29}}]},"2":{"loc":{"start":{"line":4,"column":9},"end":{"line":6,"column":null}},"type":"if","locations":[{"start":{"line":4,"column":9},"end":{"line":6,"column":null}},{"start":{"line":4,"column":9},"end":{"line":6,"column":null}}]}},"s":{"0":71,"1":20,"2":51,"3":1,"4":50,"5":1},"f":{"0":71},"b":{"0":[20,51],"1":[20,0],"2":[1,50]}}
}
