TN:
SF:packages\calendar-provider\src\calendar-provider.ts
FN:23,(anonymous_0)
FN:30,CalendarProvider
FN:28,(anonymous_2)
FN:48,(anonymous_3)
FN:53,(anonymous_4)
FN:58,(anonymous_5)
FN:63,(anonymous_6)
FN:68,(anonymous_7)
FN:76,(anonymous_8)
FN:89,(anonymous_9)
FN:40,(anonymous_10)
FN:44,(anonymous_11)
FN:84,(anonymous_12)
FN:94,(anonymous_13)
FN:98,(anonymous_14)
FN:102,(anonymous_15)
FN:106,(anonymous_16)
FN:132,(anonymous_17)
FN:150,(anonymous_18)
FNF:19
FNH:14
FNDA:2,(anonymous_0)
FNDA:28,CalendarProvider
FNDA:6,(anonymous_2)
FNDA:2,(anonymous_3)
FNDA:14,(anonymous_4)
FNDA:2,(anonymous_5)
FNDA:1,(anonymous_6)
FNDA:2,(anonymous_7)
FNDA:1,(anonymous_8)
FNDA:0,(anonymous_9)
FNDA:0,(anonymous_10)
FNDA:0,(anonymous_11)
FNDA:0,(anonymous_12)
FNDA:0,(anonymous_13)
FNDA:46,(anonymous_14)
FNDA:53,(anonymous_15)
FNDA:49,(anonymous_16)
FNDA:11,(anonymous_17)
FNDA:10,(anonymous_18)
DA:23,2
DA:28,28
DA:30,28
DA:31,56
DA:34,28
DA:35,28
DA:36,28
DA:37,28
DA:40,2
DA:41,0
DA:44,2
DA:45,0
DA:48,28
DA:49,2
DA:50,2
DA:53,28
DA:54,14
DA:55,14
DA:58,28
DA:59,2
DA:60,2
DA:63,28
DA:64,1
DA:65,1
DA:68,28
DA:70,2
DA:72,2
DA:73,2
DA:76,28
DA:78,1
DA:80,1
DA:81,1
DA:84,2
DA:85,0
DA:86,0
DA:89,28
DA:90,0
DA:91,0
DA:94,2
DA:95,0
DA:98,2
DA:99,46
DA:102,2
DA:103,53
DA:106,2
DA:107,49
DA:109,49
DA:110,49
DA:112,49
DA:113,49
DA:114,49
DA:115,28
DA:116,28
DA:119,49
DA:120,2058
DA:126,2058
DA:129,49
DA:132,2
DA:133,11
DA:134,11
DA:135,11
DA:136,11
DA:138,11
DA:139,132
DA:144,132
DA:147,11
DA:150,2
DA:151,10
DA:154,10
DA:155,10
DA:156,10
DA:157,10
DA:159,10
DA:160,160
DA:165,160
DA:168,10
DA:170,2
LF:77
LH:70
BRDA:31,0,0,28
BRDA:31,0,1,0
BRDA:31,1,0,6
BRDA:31,1,1,22
BRDA:31,2,0,19
BRDA:31,2,1,9
BRDA:31,3,0,19
BRDA:31,3,1,9
BRDA:114,4,0,28
BRDA:114,4,1,21
BRF:10
BRH:9
end_of_record
TN:
SF:packages\react-nice-calendar\src\context.ts
FNF:0
FNH:0
DA:1,1
DA:4,1
LF:2
LH:2
BRF:0
BRH:0
end_of_record
TN:
SF:packages\react-nice-calendar\src\dispatcher-factory.ts
FN:29,dispatcherFactory
FN:44,emitSelectedDateEvent
FN:48,setSingleDate
FN:52,setMultipleDate
FN:61,setRangeDate
FN:76,(anonymous_7)
FN:90,addSelectedDateHandler
FN:101,removeSelectedDate
FN:109,(anonymous_10)
FN:120,setDataToViewHandler
FN:164,(anonymous_12)
FNF:11
FNH:9
FNDA:19,dispatcherFactory
FNDA:12,emitSelectedDateEvent
FNDA:1,setSingleDate
FNDA:6,setMultipleDate
FNDA:8,setRangeDate
FNDA:3,(anonymous_7)
FNDA:15,addSelectedDateHandler
FNDA:0,removeSelectedDate
FNDA:0,(anonymous_10)
FNDA:9,setDataToViewHandler
FNDA:41,(anonymous_12)
DA:4,1
DA:5,1
DA:6,1
DA:7,1
DA:8,1
DA:29,1
DA:33,19
DA:34,19
DA:35,19
DA:36,19
DA:37,19
DA:38,19
DA:39,19
DA:40,19
DA:45,12
DA:49,1
DA:53,6
DA:54,6
DA:56,6
DA:57,5
DA:62,8
DA:63,8
DA:65,8
DA:67,4
DA:68,4
DA:71,4
DA:72,4
DA:73,4
DA:75,4
DA:76,3
DA:78,4
DA:83,2
DA:84,2
DA:91,15
DA:92,15
DA:98,15
DA:102,0
DA:104,0
DA:105,0
DA:107,0
DA:108,0
DA:109,0
DA:111,0
DA:116,0
DA:121,9
DA:122,0
DA:123,0
DA:124,0
DA:125,0
DA:127,0
DA:128,0
DA:129,0
DA:132,0
DA:133,0
DA:134,0
DA:137,0
DA:138,0
DA:139,0
DA:143,0
DA:147,9
DA:150,19
DA:164,107
LF:62
LH:40
BRDA:45,0,0,12
BRDA:45,0,1,12
BRDA:53,1,0,6
BRDA:53,1,1,0
BRDA:53,2,0,0
BRDA:53,2,1,6
BRDA:53,3,0,6
BRDA:53,3,1,6
BRDA:54,4,0,0
BRDA:54,4,1,6
BRDA:54,5,0,6
BRDA:54,5,1,6
BRDA:56,6,0,5
BRDA:56,6,1,1
BRDA:62,7,0,0
BRDA:62,7,1,8
BRDA:62,8,0,8
BRDA:62,8,1,8
BRDA:63,9,0,8
BRDA:63,9,1,0
BRDA:63,10,0,0
BRDA:63,10,1,8
BRDA:63,11,0,8
BRDA:63,11,1,8
BRDA:66,12,0,4
BRDA:66,12,1,4
BRDA:75,13,0,4
BRDA:75,13,1,1
BRDA:78,14,0,2
BRDA:78,14,1,2
BRDA:79,15,0,4
BRDA:79,15,1,3
BRDA:79,15,2,2
BRDA:91,16,0,15
BRDA:91,16,1,0
BRDA:91,17,0,0
BRDA:91,17,1,15
BRDA:91,18,0,15
BRDA:91,18,1,15
BRDA:102,19,0,0
BRDA:102,19,1,0
BRDA:102,20,0,0
BRDA:102,20,1,0
BRDA:102,21,0,0
BRDA:102,21,1,0
BRDA:104,22,0,0
BRDA:104,22,1,0
BRDA:107,23,0,0
BRDA:107,23,1,0
BRDA:107,24,0,0
BRDA:107,24,1,0
BRDA:121,25,0,0
BRDA:121,25,1,9
BRDA:122,26,0,0
BRDA:122,26,1,0
BRDA:122,27,0,0
BRDA:122,27,1,0
BRDA:122,27,2,0
BRDA:122,28,0,0
BRDA:122,28,1,0
BRDA:122,29,0,0
BRDA:122,29,1,0
BRDA:127,30,0,0
BRDA:127,30,1,0
BRDA:132,31,0,0
BRDA:132,31,1,0
BRDA:137,32,0,0
BRDA:137,32,1,0
BRF:68
BRH:32
end_of_record
TN:
SF:packages\react-nice-calendar\src\react-calendar.tsx
FN:12,(anonymous_3)
FN:18,(anonymous_4)
FN:36,(anonymous_5)
FN:38,(anonymous_6)
FN:41,(anonymous_7)
FNF:5
FNH:5
FNDA:57,(anonymous_3)
FNDA:19,(anonymous_4)
FNDA:41,(anonymous_5)
FNDA:41,(anonymous_6)
FNDA:19,(anonymous_7)
DA:1,1
DA:2,1
DA:3,1
DA:4,1
DA:5,1
DA:6,1
DA:7,1
DA:8,1
DA:9,1
DA:12,1
DA:13,57
DA:15,57
DA:16,57
DA:17,57
DA:18,19
DA:21,57
DA:29,57
DA:36,107
DA:37,41
DA:38,41
DA:41,57
DA:43,57
DA:45,57
LF:23
LH:23
BRDA:37,0,0,41
BRDA:37,0,1,41
BRDA:37,1,0,41
BRDA:37,1,1,0
BRDA:37,2,0,41
BRDA:37,2,1,41
BRDA:41,3,0,19
BRDA:41,3,1,0
BRDA:55,4,0,0
BRDA:55,4,1,57
BRDA:55,5,0,57
BRDA:55,5,1,57
BRF:12
BRH:9
end_of_record
TN:
SF:packages\react-nice-calendar\src\__tests__\classNames.ts
FNF:0
FNH:0
DA:1,1
LF:1
LH:1
BRF:0
BRH:0
end_of_record
TN:
SF:packages\react-nice-calendar\src\components\header.tsx
FN:16,PrevButton
FN:34,NextButton
FN:52,HeaderText
FN:72,Month
FN:79,(anonymous_8)
FN:80,(anonymous_9)
FN:83,(anonymous_10)
FN:88,Year
FN:92,(anonymous_12)
FN:93,(anonymous_13)
FN:96,(anonymous_14)
FN:101,YearsRange
FN:106,(anonymous_16)
FN:110,(anonymous_17)
FN:115,Header
FNF:15
FNH:13
FNDA:57,PrevButton
FNDA:57,NextButton
FNDA:57,HeaderText
FNDA:46,Month
FNDA:1,(anonymous_8)
FNDA:6,(anonymous_9)
FNDA:13,(anonymous_10)
FNDA:7,Year
FNDA:1,(anonymous_12)
FNDA:3,(anonymous_13)
FNDA:0,(anonymous_14)
FNDA:4,YearsRange
FNDA:1,(anonymous_16)
FNDA:0,(anonymous_17)
FNDA:57,Header
DA:1,1
DA:2,1
DA:3,1
DA:4,1
DA:5,1
DA:17,57
DA:19,57
DA:21,57
DA:35,57
DA:37,57
DA:39,57
DA:53,57
DA:55,57
DA:57,57
DA:73,46
DA:75,46
DA:77,46
DA:79,1
DA:80,6
DA:83,13
DA:89,7
DA:90,7
DA:92,1
DA:93,3
DA:96,0
DA:102,4
DA:103,4
DA:104,4
DA:106,1
DA:110,0
DA:115,1
DA:116,57
DA:118,57
DA:120,57
LF:34
LH:32
BRDA:25,0,0,48
BRDA:25,0,1,9
BRDA:25,1,0,57
BRDA:25,1,1,57
BRDA:27,2,0,48
BRDA:27,2,1,9
BRDA:27,3,0,57
BRDA:27,3,1,57
BRDA:28,4,0,0
BRDA:28,4,1,57
BRDA:28,5,0,57
BRDA:28,5,1,57
BRDA:43,6,0,37
BRDA:43,6,1,20
BRDA:43,7,0,57
BRDA:43,7,1,57
BRDA:45,8,0,37
BRDA:45,8,1,20
BRDA:45,9,0,57
BRDA:45,9,1,57
BRDA:46,10,0,0
BRDA:46,10,1,57
BRDA:46,11,0,57
BRDA:46,11,1,57
BRDA:61,12,0,40
BRDA:61,12,1,17
BRDA:61,13,0,57
BRDA:61,13,1,57
BRDA:63,14,0,40
BRDA:63,14,1,17
BRDA:63,15,0,57
BRDA:63,15,1,57
BRDA:64,16,0,0
BRDA:64,16,1,57
BRDA:64,17,0,57
BRDA:64,17,1,57
BRDA:123,18,0,57
BRDA:123,18,1,0
BRDA:123,19,0,57
BRDA:123,19,1,57
BRDA:124,20,0,0
BRDA:124,20,1,57
BRDA:124,21,0,57
BRDA:124,21,1,57
BRDA:125,22,0,57
BRDA:125,22,1,46
BRDA:125,23,0,0
BRDA:125,23,1,46
BRDA:125,24,0,46
BRDA:125,24,1,46
BRDA:126,25,0,57
BRDA:126,25,1,7
BRDA:126,26,0,0
BRDA:126,26,1,7
BRDA:126,27,0,7
BRDA:126,27,1,7
BRDA:127,28,0,57
BRDA:127,28,1,4
BRDA:127,29,0,0
BRDA:127,29,1,4
BRDA:127,30,0,4
BRDA:127,30,1,4
BRDA:131,31,0,57
BRDA:131,31,1,46
BRDA:132,32,0,57
BRDA:132,32,1,7
BRDA:133,33,0,57
BRDA:133,33,1,4
BRF:68
BRH:60
end_of_record
TN:
SF:packages\react-nice-calendar\src\components\body\body.tsx
FN:11,Days
FN:30,(anonymous_6)
FN:49,(anonymous_7)
FN:60,(anonymous_8)
FN:66,(anonymous_9)
FN:99,Months
FN:113,(anonymous_11)
FN:118,(anonymous_12)
FN:124,(anonymous_13)
FN:154,Years
FN:168,(anonymous_15)
FN:171,(anonymous_16)
FN:178,(anonymous_17)
FN:208,Body
FN:236,(anonymous_19)
FNF:15
FNH:10
FNDA:46,Days
FNDA:1932,(anonymous_6)
FNDA:17,(anonymous_7)
FNDA:1,(anonymous_8)
FNDA:0,(anonymous_9)
FNDA:7,Months
FNDA:84,(anonymous_11)
FNDA:0,(anonymous_12)
FNDA:0,(anonymous_13)
FNDA:4,Years
FNDA:64,(anonymous_15)
FNDA:0,(anonymous_16)
FNDA:0,(anonymous_17)
FNDA:57,Body
FNDA:322,(anonymous_19)
DA:1,1
DA:2,1
DA:3,1
DA:4,1
DA:5,1
DA:6,1
DA:7,1
DA:8,1
DA:9,1
DA:12,46
DA:16,46
DA:17,46
DA:18,46
DA:19,46
DA:20,46
DA:21,46
DA:22,46
DA:25,46
DA:26,46
DA:28,46
DA:30,1932
DA:31,1932
DA:32,1932
DA:33,1932
DA:36,1932
DA:38,1932
DA:49,1932
DA:50,17
DA:51,0
DA:52,0
DA:53,0
DA:55,17
DA:56,15
DA:60,1932
DA:61,1
DA:62,1
DA:66,1932
DA:67,0
DA:68,0
DA:72,1932
DA:100,7
DA:101,7
DA:102,7
DA:103,7
DA:106,7
DA:108,7
DA:109,7
DA:111,7
DA:113,84
DA:114,84
DA:115,84
DA:116,84
DA:118,84
DA:119,0
DA:120,0
DA:121,0
DA:124,84
DA:125,0
DA:126,0
DA:127,0
DA:128,0
DA:131,84
DA:155,4
DA:156,4
DA:157,4
DA:158,4
DA:161,4
DA:163,4
DA:164,4
DA:166,4
DA:168,64
DA:169,64
DA:171,64
DA:172,0
DA:173,0
DA:174,0
DA:175,0
DA:178,64
DA:179,0
DA:180,0
DA:181,0
DA:182,0
DA:185,64
DA:208,1
DA:209,57
DA:211,57
DA:212,57
DA:213,57
DA:214,57
DA:215,57
DA:216,57
DA:217,57
DA:220,57
DA:236,322
LF:94
LH:74
BRDA:34,0,0,168
BRDA:34,0,1,1764
BRDA:39,1,0,462
BRDA:39,1,1,1470
BRDA:50,2,0,0
BRDA:50,2,1,17
BRDA:52,3,0,0
BRDA:52,3,1,0
BRDA:55,4,0,15
BRDA:55,4,1,2
BRDA:55,5,0,17
BRDA:55,5,1,17
BRDA:61,6,0,1
BRDA:61,6,1,0
BRDA:61,7,0,1
BRDA:61,7,1,1
BRDA:61,7,2,1
BRDA:67,8,0,0
BRDA:67,8,1,0
BRDA:78,9,0,1932
BRDA:78,9,1,0
BRDA:78,10,0,1932
BRDA:78,10,1,1932
BRDA:79,11,0,0
BRDA:79,11,1,1932
BRDA:79,12,0,1932
BRDA:79,12,1,1932
BRDA:80,13,0,0
BRDA:80,13,1,1932
BRDA:80,14,0,1932
BRDA:80,14,1,1932
BRDA:81,15,0,4
BRDA:81,15,1,1928
BRDA:81,16,0,0
BRDA:81,16,1,4
BRDA:81,17,0,4
BRDA:81,17,1,4
BRDA:81,18,0,0
BRDA:81,18,1,1928
BRDA:81,19,0,1928
BRDA:81,19,1,1928
BRDA:82,20,0,1932
BRDA:82,20,1,1407
BRDA:82,21,0,0
BRDA:82,21,1,1407
BRDA:82,22,0,1407
BRDA:82,22,1,1407
BRDA:83,23,0,1932
BRDA:83,23,1,18
BRDA:83,24,0,0
BRDA:83,24,1,18
BRDA:83,25,0,18
BRDA:83,25,1,18
BRDA:84,26,0,1932
BRDA:84,26,1,19
BRDA:84,27,0,0
BRDA:84,27,1,19
BRDA:84,28,0,19
BRDA:84,28,1,19
BRDA:87,29,0,1932
BRDA:87,29,1,0
BRDA:87,30,0,1932
BRDA:87,30,1,1932
BRDA:88,31,0,1932
BRDA:88,31,1,0
BRDA:88,32,0,1932
BRDA:88,32,1,1932
BRDA:89,33,0,1932
BRDA:89,33,1,0
BRDA:89,34,0,1932
BRDA:89,34,1,1932
BRDA:137,35,0,84
BRDA:137,35,1,0
BRDA:137,36,0,84
BRDA:137,36,1,84
BRDA:138,37,0,0
BRDA:138,37,1,84
BRDA:138,38,0,84
BRDA:138,38,1,84
BRDA:139,39,0,0
BRDA:139,39,1,84
BRDA:139,40,0,84
BRDA:139,40,1,84
BRDA:140,41,0,84
BRDA:140,41,1,0
BRDA:140,42,0,0
BRDA:140,42,1,0
BRDA:140,43,0,0
BRDA:140,43,1,0
BRDA:141,44,0,84
BRDA:141,44,1,0
BRDA:142,45,0,0
BRDA:142,45,1,0
BRDA:142,46,0,0
BRDA:142,46,1,0
BRDA:144,47,0,84
BRDA:144,47,1,0
BRDA:144,48,0,84
BRDA:144,48,1,84
BRDA:190,49,0,64
BRDA:190,49,1,0
BRDA:190,50,0,64
BRDA:190,50,1,64
BRDA:191,51,0,0
BRDA:191,51,1,64
BRDA:191,52,0,64
BRDA:191,52,1,64
BRDA:192,53,0,0
BRDA:192,53,1,64
BRDA:192,54,0,64
BRDA:192,54,1,64
BRDA:193,55,0,64
BRDA:193,55,1,0
BRDA:194,56,0,0
BRDA:194,56,1,0
BRDA:194,57,0,0
BRDA:194,57,1,0
BRDA:195,58,0,64
BRDA:195,58,1,0
BRDA:196,59,0,0
BRDA:196,59,1,0
BRDA:196,60,0,0
BRDA:196,60,1,0
BRDA:198,61,0,64
BRDA:198,61,1,0
BRDA:198,62,0,64
BRDA:198,62,1,64
BRDA:224,63,0,57
BRDA:224,63,1,0
BRDA:224,64,0,57
BRDA:224,64,1,57
BRDA:225,65,0,0
BRDA:225,65,1,57
BRDA:225,66,0,57
BRDA:225,66,1,57
BRDA:226,67,0,57
BRDA:226,67,1,46
BRDA:226,68,0,0
BRDA:226,68,1,46
BRDA:226,69,0,46
BRDA:226,69,1,46
BRDA:227,70,0,57
BRDA:227,70,1,7
BRDA:227,71,0,0
BRDA:227,71,1,7
BRDA:227,72,0,7
BRDA:227,72,1,7
BRDA:228,73,0,57
BRDA:228,73,1,4
BRDA:228,74,0,0
BRDA:228,74,1,4
BRDA:228,75,0,4
BRDA:228,75,1,4
BRDA:231,76,0,57
BRDA:231,76,1,46
BRDA:234,77,0,46
BRDA:234,77,1,0
BRDA:234,78,0,46
BRDA:234,78,1,46
BRDA:234,79,0,0
BRDA:234,79,1,46
BRDA:234,80,0,46
BRDA:234,80,1,46
BRDA:240,81,0,322
BRDA:240,81,1,0
BRDA:240,82,0,322
BRDA:240,82,1,322
BRDA:240,83,0,0
BRDA:240,83,1,322
BRDA:240,84,0,322
BRDA:240,84,1,322
BRDA:249,85,0,57
BRDA:249,85,1,0
BRDA:249,86,0,57
BRDA:249,86,1,57
BRDA:249,87,0,0
BRDA:249,87,1,57
BRDA:249,88,0,57
BRDA:249,88,1,57
BRDA:251,89,0,57
BRDA:251,89,1,46
BRDA:252,90,0,57
BRDA:252,90,1,7
BRDA:253,91,0,57
BRDA:253,91,1,4
BRF:185
BRH:129
end_of_record
TN:
SF:packages\react-nice-calendar\src\components\body\index.ts
FNF:0
FNH:0
DA:1,1
LF:1
LH:1
BRF:0
BRH:0
end_of_record
TN:
SF:packages\react-nice-calendar\src\components\body\pick-range-classnames.ts
FN:16,getPickRangeClassNames
FNF:1
FNH:1
FNDA:462,getPickRangeClassNames
DA:2,1
DA:3,1
DA:4,1
DA:5,1
DA:16,1
DA:20,462
DA:21,462
DA:22,462
DA:23,462
DA:24,462
DA:25,462
DA:28,462
DA:29,462
DA:33,462
DA:36,462
DA:42,462
DA:45,462
DA:48,462
DA:49,462
DA:53,462
DA:57,462
DA:60,462
DA:62,462
DA:65,462
DA:69,462
DA:72,462
DA:75,462
LF:27
LH:27
BRDA:31,0,0,462
BRDA:31,0,1,378
BRDA:36,1,0,462
BRDA:36,1,1,294
BRDA:42,2,0,462
BRDA:42,2,1,84
BRDA:45,3,0,462
BRDA:45,3,1,2
BRDA:45,3,2,2
BRDA:48,4,0,294
BRDA:48,4,1,168
BRDA:49,5,0,462
BRDA:49,5,1,287
BRDA:53,6,0,462
BRDA:53,6,1,294
BRDA:53,6,2,42
BRDA:57,7,0,462
BRDA:57,7,1,6
BRDA:57,7,2,0
BRDA:60,8,0,462
BRDA:60,8,1,6
BRDA:62,9,0,420
BRDA:62,9,1,42
BRDA:62,10,0,462
BRDA:62,10,1,42
BRDA:66,11,0,462
BRDA:66,11,1,378
BRDA:69,12,0,462
BRDA:69,12,1,126
BRDA:70,13,0,0
BRDA:70,13,1,126
BRDA:70,14,0,126
BRDA:70,14,1,126
BRDA:70,15,0,0
BRDA:70,15,1,126
BRDA:70,16,0,126
BRDA:70,16,1,126
BRDA:72,17,0,462
BRDA:72,17,1,126
BRDA:73,18,0,0
BRDA:73,18,1,126
BRDA:73,19,0,126
BRDA:73,19,1,126
BRDA:73,20,0,0
BRDA:73,20,1,126
BRDA:73,21,0,126
BRDA:73,21,1,126
BRDA:76,22,0,462
BRDA:76,22,1,6
BRDA:76,23,0,0
BRDA:76,23,1,6
BRDA:76,24,0,6
BRDA:76,24,1,6
BRDA:77,25,0,462
BRDA:77,25,1,12
BRDA:77,26,0,0
BRDA:77,26,1,12
BRDA:77,27,0,12
BRDA:77,27,1,12
BRDA:78,28,0,462
BRDA:78,28,1,0
BRDA:78,29,0,0
BRDA:78,29,1,0
BRDA:78,30,0,0
BRDA:78,30,1,0
BRDA:79,31,0,462
BRDA:79,31,1,0
BRDA:79,32,0,0
BRDA:79,32,1,0
BRDA:79,33,0,0
BRDA:79,33,1,0
BRDA:80,34,0,462
BRDA:80,34,1,0
BRDA:80,35,0,0
BRDA:80,35,1,0
BRDA:80,36,0,0
BRDA:80,36,1,0
BRDA:81,37,0,462
BRDA:81,37,1,3
BRDA:81,38,0,0
BRDA:81,38,1,3
BRDA:81,39,0,3
BRDA:81,39,1,3
BRDA:82,40,0,462
BRDA:82,40,1,3
BRDA:82,41,0,0
BRDA:82,41,1,3
BRDA:82,42,0,3
BRDA:82,42,1,3
BRDA:83,43,0,462
BRDA:83,43,1,1
BRDA:83,44,0,0
BRDA:83,44,1,1
BRDA:83,45,0,1
BRDA:83,45,1,1
BRF:95
BRH:70
end_of_record
TN:
SF:packages\react-nice-calendar\src\hooks\use-bind-consumer.ts
FN:9,useBindConsumer
FN:13,(anonymous_1)
FN:14,(anonymous_2)
FN:16,(anonymous_3)
FNF:4
FNH:4
FNDA:57,useBindConsumer
FNDA:19,(anonymous_1)
FNDA:19,(anonymous_2)
FNDA:19,(anonymous_3)
DA:1,1
DA:9,1
DA:10,57
DA:11,57
DA:13,57
DA:14,57
DA:16,57
DA:17,19
DA:18,0
DA:22,57
DA:24,57
DA:25,0
DA:26,0
DA:27,0
DA:28,0
DA:34,57
LF:16
LH:11
BRDA:14,0,0,19
BRDA:14,0,1,19
BRDA:14,1,0,19
BRDA:14,1,1,0
BRDA:14,2,0,19
BRDA:14,2,1,19
BRDA:17,3,0,19
BRDA:17,3,1,0
BRDA:18,4,0,0
BRDA:18,4,1,0
BRDA:18,5,0,0
BRDA:18,5,1,0
BRDA:18,6,0,0
BRDA:18,6,1,0
BRDA:22,7,0,57
BRDA:22,7,1,0
BRDA:24,8,0,0
BRDA:24,8,1,57
BRDA:24,9,0,57
BRDA:24,9,1,0
BRDA:26,10,0,0
BRDA:26,10,1,0
BRDA:37,11,0,57
BRDA:37,11,1,0
BRDA:37,12,0,57
BRDA:37,12,1,57
BRF:26
BRH:12
end_of_record
TN:
SF:packages\react-nice-calendar\src\hooks\use-dispatcher.ts
FN:5,useDispatcher
FN:12,(anonymous_2)
FNF:2
FNH:2
FNDA:57,useDispatcher
FNDA:19,(anonymous_2)
DA:1,1
DA:3,1
DA:5,1
DA:9,57
DA:12,57
DA:14,57
DA:15,0
DA:17,57
LF:8
LH:7
BRDA:14,0,0,0
BRDA:14,0,1,57
BRDA:14,1,0,57
BRDA:14,1,1,0
BRF:4
BRH:2
end_of_record
TN:
SF:packages\react-nice-calendar\src\hooks\use-force-update.ts
FN:3,useForceUpdate
FN:5,(anonymous_1)
FNF:2
FNH:2
FNDA:57,useForceUpdate
FNDA:16,(anonymous_1)
DA:1,1
DA:3,1
DA:4,57
DA:5,57
LF:4
LH:4
BRF:0
BRH:0
end_of_record
TN:
SF:packages\react-nice-calendar\src\hooks\use-props.ts
FN:37,useProps
FN:42,(anonymous_1)
FNF:2
FNH:2
FNDA:388,useProps
FNDA:1940,(anonymous_1)
DA:1,1
DA:2,1
DA:13,1
DA:37,1
DA:39,388
DA:42,388
DA:43,1940
DA:44,84
DA:48,388
LF:9
LH:9
BRDA:43,0,0,84
BRDA:43,0,1,1856
BRDA:43,1,0,1940
BRDA:43,1,1,1940
BRF:4
BRH:4
end_of_record
TN:
SF:packages\react-nice-calendar\src\hooks\use-will-mount.ts
FN:5,useWillMount
FN:6,(anonymous_1)
FNF:2
FNH:2
FNDA:57,useWillMount
FNDA:19,(anonymous_1)
DA:1,1
DA:3,1
DA:5,1
DA:6,57
DA:8,57
DA:9,19
DA:10,19
LF:7
LH:7
BRDA:8,0,0,19
BRDA:8,0,1,38
BRF:2
BRH:2
end_of_record
TN:
SF:packages\react-nice-calendar\src\utils\classname-resolve.ts
FN:1,classNameResolve
FNF:1
FNH:1
FNDA:2790,classNameResolve
DA:1,25302
DA:2,2790
LF:2
LH:2
BRF:0
BRH:0
end_of_record
TN:
SF:packages\react-nice-calendar\src\utils\compare-dates.ts
FN:1,compareDates
FN:2,(anonymous_1)
FNF:2
FNH:2
FNDA:1932,compareDates
FNDA:3864,(anonymous_1)
DA:1,7728
DA:2,3864
DA:3,1932
LF:3
LH:3
BRDA:2,0,0,0
BRDA:2,0,1,3864
BRDA:2,1,0,3864
BRDA:2,1,1,3864
BRF:4
BRH:3
end_of_record
TN:
SF:packages\react-nice-calendar\src\utils\custom-onclick.ts
FN:3,customOnClick
FN:7,(anonymous_1)
FN:11,(anonymous_2)
FNF:3
FNH:2
FNDA:6115,customOnClick
FNDA:43,(anonymous_1)
FNDA:0,(anonymous_2)
DA:3,1
DA:7,6115
DA:8,43
DA:9,0
DA:11,0
DA:13,43
DA:14,0
DA:15,43
DA:16,43
LF:9
LH:6
BRDA:8,0,0,0
BRDA:8,0,1,43
BRDA:8,1,0,43
BRDA:8,1,1,43
BRDA:11,2,0,0
BRDA:11,2,1,0
BRDA:13,3,0,0
BRDA:13,3,1,43
BRDA:15,4,0,43
BRDA:15,4,1,0
BRF:10
BRH:5
end_of_record
TN:
SF:packages\react-nice-calendar\src\utils\date-between-range.ts
FN:1,dateBetweenRange
FNF:1
FNH:1
FNDA:378,dateBetweenRange
DA:1,1
DA:6,378
DA:8,126
DA:9,126
DA:10,126
DA:12,126
DA:13,6
DA:16,120
DA:20,12
DA:23,108
LF:10
LH:10
BRDA:6,0,0,252
BRDA:6,0,1,126
BRDA:6,1,0,378
BRDA:6,1,1,378
BRDA:6,1,2,378
BRDA:8,2,0,0
BRDA:8,2,1,126
BRDA:8,3,0,126
BRDA:8,3,1,126
BRDA:9,4,0,0
BRDA:9,4,1,126
BRDA:9,5,0,126
BRDA:9,5,1,126
BRDA:10,6,0,0
BRDA:10,6,1,126
BRDA:10,7,0,126
BRDA:10,7,1,126
BRDA:12,8,0,6
BRDA:12,8,1,120
BRDA:12,9,0,126
BRDA:12,9,1,123
BRDA:16,10,0,12
BRDA:16,10,1,108
BRDA:17,11,0,120
BRDA:17,11,1,78
BRDA:17,11,2,108
BRDA:17,11,3,42
BRF:27
BRH:24
end_of_record
TN:
SF:packages\react-nice-calendar\src\utils\date-diff.ts
FN:1,(anonymous_0)
FNF:1
FNH:1
FNDA:344,(anonymous_0)
DA:1,1
DA:2,344
DA:7,344
DA:12,344
LF:4
LH:4
BRF:0
BRH:0
end_of_record
TN:
SF:packages\react-nice-calendar\src\utils\date-includes.ts
FN:1,dateIncludes
FNF:1
FNH:1
FNDA:2080,dateIncludes
DA:1,1
DA:2,2080
DA:3,4160
DA:4,791
DA:5,19
DA:9,2061
LF:6
LH:6
BRDA:4,0,0,19
BRDA:4,0,1,772
BRF:2
BRH:2
end_of_record
TN:
SF:packages\react-nice-calendar\src\utils\date-sort.ts
FN:1,(anonymous_0)
FN:3,(anonymous_1)
FNF:2
FNH:2
FNDA:469,(anonymous_0)
FNDA:132,(anonymous_1)
DA:1,1371
DA:2,469
DA:3,469
LF:3
LH:3
BRF:0
BRH:0
end_of_record
TN:
SF:packages\react-nice-calendar\src\utils\exclude-equal-dates.ts
FN:1,(anonymous_0)
FN:4,(anonymous_1)
FN:5,(anonymous_2)
FN:6,(anonymous_3)
FNF:4
FNH:4
FNDA:1218,(anonymous_0)
FNDA:1176,(anonymous_1)
FNDA:1176,(anonymous_2)
FNDA:1176,(anonymous_3)
DA:1,4872
DA:2,1218
DA:3,1218
DA:4,1176
DA:5,1176
DA:6,1176
LF:6
LH:6
BRF:0
BRH:0
end_of_record
TN:
SF:packages\react-nice-calendar\src\utils\get-dates-range.ts
FN:3,getDatesRange
FNF:1
FNH:1
FNDA:4,getDatesRange
DA:1,1
DA:3,1
DA:4,4
DA:5,4
DA:6,4
DA:7,4
DA:9,4
DA:10,14
DA:11,14
DA:14,4
LF:10
LH:10
BRF:0
BRH:0
end_of_record
TN:
SF:packages\react-nice-calendar\src\utils\selected-dates.ts
FN:1,getSelectedDates
FNF:1
FNH:1
FNDA:71,getSelectedDates
DA:1,1
DA:4,71
DA:5,20
DA:6,51
DA:7,1
DA:10,50
LF:6
LH:6
BRDA:4,0,0,20
BRDA:4,0,1,51
BRDA:5,1,0,20
BRDA:5,1,1,0
BRDA:6,2,0,1
BRDA:6,2,1,50
BRF:6
BRH:5
end_of_record
