TN:
SF:packages\calendar-provider\calendar-provider.ts
FN:23,(anonymous_0)
FN:30,CalendarProvider
FN:28,(anonymous_2)
FN:51,(anonymous_3)
FN:56,(anonymous_4)
FN:61,(anonymous_5)
FN:66,(anonymous_6)
FN:71,(anonymous_7)
FN:77,(anonymous_8)
FN:88,(anonymous_9)
FN:43,(anonymous_10)
FN:47,(anonymous_11)
FN:83,(anonymous_12)
FN:93,(anonymous_13)
FN:97,(anonymous_14)
FN:99,(anonymous_15)
FN:101,(anonymous_16)
FN:127,(anonymous_17)
FN:145,(anonymous_18)
FNF:19
FNH:11
FNDA:1,(anonymous_0)
FNDA:19,CalendarProvider
FNDA:0,(anonymous_2)
FNDA:1,(anonymous_3)
FNDA:13,(anonymous_4)
FNDA:1,(anonymous_5)
FNDA:0,(anonymous_6)
FNDA:1,(anonymous_7)
FNDA:0,(anonymous_8)
FNDA:0,(anonymous_9)
FNDA:0,(anonymous_10)
FNDA:0,(anonymous_11)
FNDA:0,(anonymous_12)
FNDA:0,(anonymous_13)
FNDA:46,(anonymous_14)
FNDA:53,(anonymous_15)
FNDA:46,(anonymous_16)
FNDA:7,(anonymous_17)
FNDA:8,(anonymous_18)
DA:23,1
DA:28,19
DA:30,19
DA:31,19
DA:32,38
DA:33,38
DA:34,38
DA:37,19
DA:38,19
DA:39,19
DA:40,19
DA:43,1
DA:44,0
DA:47,1
DA:48,0
DA:51,19
DA:52,1
DA:53,1
DA:56,19
DA:57,13
DA:58,13
DA:61,19
DA:62,1
DA:63,1
DA:66,19
DA:67,0
DA:68,0
DA:71,19
DA:72,1
DA:73,1
DA:74,1
DA:77,19
DA:78,0
DA:79,0
DA:80,0
DA:83,1
DA:84,0
DA:85,0
DA:88,19
DA:89,0
DA:90,0
DA:93,1
DA:94,0
DA:97,46
DA:99,53
DA:101,1
DA:102,46
DA:104,46
DA:105,46
DA:107,46
DA:108,46
DA:109,46
DA:110,25
DA:111,25
DA:114,46
DA:115,1932
DA:121,1932
DA:124,46
DA:127,1
DA:128,7
DA:129,7
DA:130,7
DA:131,7
DA:133,7
DA:134,84
DA:139,84
DA:142,7
DA:145,1
DA:146,8
DA:147,8
DA:148,8
DA:149,8
DA:150,8
DA:152,8
DA:153,128
DA:158,128
DA:161,8
DA:163,1
LF:78
LH:66
BRDA:31,0,0,19
BRDA:31,0,1,0
BRDA:32,1,0,6
BRDA:32,1,1,13
BRDA:33,2,0,19
BRDA:33,2,1,0
BRDA:34,3,0,19
BRDA:34,3,1,0
BRDA:109,4,0,25
BRDA:109,4,1,21
BRF:10
BRH:7
end_of_record
TN:
SF:packages\react-calendar\context.ts
FNF:0
FNH:0
DA:1,1
DA:4,1
LF:2
LH:2
BRF:0
BRH:0
end_of_record
TN:
SF:packages\react-calendar\dispatcher-factory.ts
FN:29,dispatcherFactory
FN:45,emitSelectedDateEvent
FN:49,setSingleDate
FN:53,setMultipleDate
FN:62,setRangeDate
FN:76,(anonymous_7)
FN:87,addSelectedDateHandler
FN:98,removeSelectedDate
FN:106,(anonymous_10)
FN:114,setDataToViewHandler
FN:158,(anonymous_12)
FNF:11
FNH:9
FNDA:19,dispatcherFactory
FNDA:12,emitSelectedDateEvent
FNDA:1,setSingleDate
FNDA:6,setMultipleDate
FNDA:8,setRangeDate
FNDA:3,(anonymous_7)
FNDA:15,addSelectedDateHandler
FNDA:0,removeSelectedDate
FNDA:0,(anonymous_10)
FNDA:9,setDataToViewHandler
FNDA:41,(anonymous_12)
DA:4,1
DA:5,1
DA:6,1
DA:7,1
DA:8,1
DA:29,1
DA:31,19
DA:32,19
DA:33,19
DA:34,19
DA:35,19
DA:36,19
DA:37,19
DA:38,19
DA:39,19
DA:40,19
DA:46,12
DA:50,1
DA:54,6
DA:55,6
DA:57,6
DA:58,5
DA:63,8
DA:64,8
DA:66,8
DA:68,4
DA:69,4
DA:72,4
DA:73,4
DA:74,4
DA:75,4
DA:76,3
DA:79,4
DA:80,2
DA:81,2
DA:88,15
DA:89,15
DA:95,15
DA:99,0
DA:101,0
DA:102,0
DA:104,0
DA:105,0
DA:106,0
DA:108,0
DA:110,0
DA:115,9
DA:116,0
DA:117,0
DA:118,0
DA:119,0
DA:121,0
DA:122,0
DA:123,0
DA:126,0
DA:127,0
DA:128,0
DA:131,0
DA:132,0
DA:133,0
DA:137,0
DA:141,9
DA:144,19
DA:158,107
LF:64
LH:42
BRDA:46,0,0,12
BRDA:46,0,1,12
BRDA:54,1,0,6
BRDA:54,1,1,0
BRDA:54,2,0,0
BRDA:54,2,1,6
BRDA:54,3,0,6
BRDA:54,3,1,6
BRDA:55,4,0,0
BRDA:55,4,1,6
BRDA:55,5,0,6
BRDA:55,5,1,6
BRDA:57,6,0,5
BRDA:57,6,1,1
BRDA:63,7,0,0
BRDA:63,7,1,8
BRDA:63,8,0,8
BRDA:63,8,1,8
BRDA:64,9,0,8
BRDA:64,9,1,0
BRDA:64,10,0,0
BRDA:64,10,1,8
BRDA:64,11,0,8
BRDA:64,11,1,8
BRDA:67,12,0,4
BRDA:67,12,1,4
BRDA:75,13,0,4
BRDA:75,13,1,1
BRDA:79,14,0,2
BRDA:79,14,1,2
BRDA:79,15,0,4
BRDA:79,15,1,3
BRDA:79,15,2,2
BRDA:88,16,0,15
BRDA:88,16,1,0
BRDA:88,17,0,0
BRDA:88,17,1,15
BRDA:88,18,0,15
BRDA:88,18,1,15
BRDA:99,19,0,0
BRDA:99,19,1,0
BRDA:99,20,0,0
BRDA:99,20,1,0
BRDA:99,21,0,0
BRDA:99,21,1,0
BRDA:101,22,0,0
BRDA:101,22,1,0
BRDA:104,23,0,0
BRDA:104,23,1,0
BRDA:104,24,0,0
BRDA:104,24,1,0
BRDA:115,25,0,0
BRDA:115,25,1,9
BRDA:116,26,0,0
BRDA:116,26,1,0
BRDA:116,27,0,0
BRDA:116,27,1,0
BRDA:116,27,2,0
BRDA:116,28,0,0
BRDA:116,28,1,0
BRDA:116,29,0,0
BRDA:116,29,1,0
BRDA:121,30,0,0
BRDA:121,30,1,0
BRDA:126,31,0,0
BRDA:126,31,1,0
BRDA:131,32,0,0
BRDA:131,32,1,0
BRF:68
BRH:32
end_of_record
TN:
SF:packages\react-calendar\react-calendar.tsx
FN:12,(anonymous_3)
FN:20,(anonymous_4)
FN:36,(anonymous_5)
FN:38,(anonymous_6)
FN:41,(anonymous_7)
FNF:5
FNH:5
FNDA:57,(anonymous_3)
FNDA:19,(anonymous_4)
FNDA:41,(anonymous_5)
FNDA:41,(anonymous_6)
FNDA:19,(anonymous_7)
DA:1,1
DA:2,1
DA:3,1
DA:4,1
DA:5,1
DA:6,1
DA:7,1
DA:8,1
DA:9,1
DA:12,1
DA:14,57
DA:15,57
DA:18,57
DA:19,57
DA:20,57
DA:21,57
DA:29,57
DA:36,107
DA:37,41
DA:38,41
DA:41,57
DA:43,57
DA:45,57
LF:23
LH:23
BRDA:37,0,0,41
BRDA:37,0,1,41
BRDA:37,1,0,41
BRDA:37,1,1,0
BRDA:37,2,0,41
BRDA:37,2,1,41
BRDA:41,3,0,19
BRDA:41,3,1,0
BRDA:54,4,0,0
BRDA:54,4,1,57
BRDA:54,5,0,57
BRDA:54,5,1,57
BRF:12
BRH:9
end_of_record
TN:
SF:packages\react-calendar\__tests__\classNames.ts
FNF:0
FNH:0
DA:1,1
LF:1
LH:1
BRF:0
BRH:0
end_of_record
TN:
SF:packages\react-calendar\components\header.tsx
FN:16,PrevButton
FN:37,NextButton
FN:58,HeaderText
FN:81,Month
FN:93,(anonymous_8)
FN:94,(anonymous_9)
FN:97,(anonymous_10)
FN:102,Year
FN:109,(anonymous_12)
FN:110,(anonymous_13)
FN:111,(anonymous_14)
FN:116,YearsRange
FN:124,(anonymous_16)
FN:126,(anonymous_17)
FN:131,Header
FNF:15
FNH:13
FNDA:57,PrevButton
FNDA:57,NextButton
FNDA:57,HeaderText
FNDA:46,Month
FNDA:1,(anonymous_8)
FNDA:6,(anonymous_9)
FNDA:13,(anonymous_10)
FNDA:7,Year
FNDA:1,(anonymous_12)
FNDA:3,(anonymous_13)
FNDA:0,(anonymous_14)
FNDA:4,YearsRange
FNDA:1,(anonymous_16)
FNDA:0,(anonymous_17)
FNDA:57,Header
DA:1,1
DA:2,1
DA:3,1
DA:4,1
DA:5,1
DA:17,57
DA:19,57
DA:20,57
DA:21,57
DA:24,57
DA:38,57
DA:40,57
DA:41,57
DA:42,57
DA:45,57
DA:59,57
DA:61,57
DA:62,57
DA:63,57
DA:66,57
DA:82,46
DA:83,46
DA:84,46
DA:88,46
DA:91,46
DA:93,1
DA:94,6
DA:97,13
DA:103,7
DA:104,7
DA:105,7
DA:107,7
DA:109,1
DA:110,3
DA:111,0
DA:117,4
DA:118,4
DA:119,4
DA:121,4
DA:122,4
DA:124,1
DA:126,0
DA:131,1
DA:133,57
DA:136,57
DA:137,57
DA:138,57
DA:141,57
LF:48
LH:46
BRDA:28,0,0,48
BRDA:28,0,1,9
BRDA:28,1,0,57
BRDA:28,1,1,57
BRDA:30,2,0,48
BRDA:30,2,1,9
BRDA:30,3,0,57
BRDA:30,3,1,57
BRDA:31,4,0,0
BRDA:31,4,1,57
BRDA:31,5,0,57
BRDA:31,5,1,57
BRDA:49,6,0,37
BRDA:49,6,1,20
BRDA:49,7,0,57
BRDA:49,7,1,57
BRDA:51,8,0,37
BRDA:51,8,1,20
BRDA:51,9,0,57
BRDA:51,9,1,57
BRDA:52,10,0,0
BRDA:52,10,1,57
BRDA:52,11,0,57
BRDA:52,11,1,57
BRDA:70,12,0,40
BRDA:70,12,1,17
BRDA:70,13,0,57
BRDA:70,13,1,57
BRDA:72,14,0,40
BRDA:72,14,1,17
BRDA:72,15,0,57
BRDA:72,15,1,57
BRDA:73,16,0,0
BRDA:73,16,1,57
BRDA:73,17,0,57
BRDA:73,17,1,57
BRDA:144,18,0,57
BRDA:144,18,1,0
BRDA:144,19,0,57
BRDA:144,19,1,57
BRDA:145,20,0,0
BRDA:145,20,1,57
BRDA:145,21,0,57
BRDA:145,21,1,57
BRDA:146,22,0,57
BRDA:146,22,1,46
BRDA:146,23,0,0
BRDA:146,23,1,46
BRDA:146,24,0,46
BRDA:146,24,1,46
BRDA:147,25,0,57
BRDA:147,25,1,7
BRDA:147,26,0,0
BRDA:147,26,1,7
BRDA:147,27,0,7
BRDA:147,27,1,7
BRDA:148,28,0,57
BRDA:148,28,1,4
BRDA:148,29,0,0
BRDA:148,29,1,4
BRDA:148,30,0,4
BRDA:148,30,1,4
BRDA:152,31,0,57
BRDA:152,31,1,46
BRDA:153,32,0,57
BRDA:153,32,1,7
BRDA:154,33,0,57
BRDA:154,33,1,4
BRF:68
BRH:60
end_of_record
TN:
SF:packages\react-calendar\components\body\body.tsx
FN:11,Days
FN:32,(anonymous_6)
FN:47,(anonymous_7)
FN:58,(anonymous_8)
FN:64,(anonymous_9)
FN:97,Months
FN:118,(anonymous_11)
FN:123,(anonymous_12)
FN:129,(anonymous_13)
FN:158,Years
FN:178,(anonymous_15)
FN:181,(anonymous_16)
FN:188,(anonymous_17)
FN:216,Body
FN:249,(anonymous_19)
FNF:15
FNH:10
FNDA:46,Days
FNDA:1932,(anonymous_6)
FNDA:17,(anonymous_7)
FNDA:1,(anonymous_8)
FNDA:0,(anonymous_9)
FNDA:7,Months
FNDA:84,(anonymous_11)
FNDA:0,(anonymous_12)
FNDA:0,(anonymous_13)
FNDA:4,Years
FNDA:64,(anonymous_15)
FNDA:0,(anonymous_16)
FNDA:0,(anonymous_17)
FNDA:57,Body
FNDA:322,(anonymous_19)
DA:1,1
DA:2,1
DA:3,1
DA:4,1
DA:5,1
DA:6,1
DA:7,1
DA:8,1
DA:9,1
DA:12,46
DA:13,46
DA:14,46
DA:15,46
DA:18,46
DA:19,46
DA:20,46
DA:21,46
DA:22,46
DA:23,46
DA:24,46
DA:27,46
DA:28,46
DA:30,46
DA:32,1932
DA:33,1932
DA:34,1932
DA:35,1932
DA:36,1932
DA:38,1932
DA:47,1932
DA:48,17
DA:49,0
DA:50,0
DA:51,0
DA:53,17
DA:54,15
DA:58,1932
DA:59,1
DA:60,1
DA:64,1932
DA:65,0
DA:66,0
DA:70,1932
DA:98,7
DA:99,7
DA:100,7
DA:102,7
DA:106,7
DA:107,7
DA:108,7
DA:109,7
DA:110,7
DA:113,7
DA:114,7
DA:116,7
DA:118,84
DA:119,84
DA:120,84
DA:121,84
DA:123,84
DA:124,0
DA:125,0
DA:126,0
DA:129,84
DA:130,0
DA:131,0
DA:132,0
DA:133,0
DA:136,84
DA:159,4
DA:160,4
DA:161,4
DA:163,4
DA:167,4
DA:168,4
DA:169,4
DA:170,4
DA:173,4
DA:174,4
DA:176,4
DA:178,64
DA:179,64
DA:181,64
DA:182,0
DA:183,0
DA:184,0
DA:185,0
DA:188,64
DA:189,0
DA:190,0
DA:191,0
DA:192,0
DA:195,64
DA:216,1
DA:218,57
DA:221,57
DA:222,57
DA:223,57
DA:224,57
DA:225,57
DA:226,57
DA:227,57
DA:230,57
DA:249,322
LF:104
LH:84
BRDA:35,0,0,168
BRDA:35,0,1,1764
BRDA:38,1,0,462
BRDA:38,1,1,1470
BRDA:48,2,0,0
BRDA:48,2,1,17
BRDA:50,3,0,0
BRDA:50,3,1,0
BRDA:53,4,0,15
BRDA:53,4,1,2
BRDA:53,5,0,17
BRDA:53,5,1,17
BRDA:59,6,0,1
BRDA:59,6,1,0
BRDA:59,7,0,1
BRDA:59,7,1,1
BRDA:59,7,2,1
BRDA:65,8,0,0
BRDA:65,8,1,0
BRDA:76,9,0,1932
BRDA:76,9,1,0
BRDA:76,10,0,1932
BRDA:76,10,1,1932
BRDA:77,11,0,0
BRDA:77,11,1,1932
BRDA:77,12,0,1932
BRDA:77,12,1,1932
BRDA:78,13,0,0
BRDA:78,13,1,1932
BRDA:78,14,0,1932
BRDA:78,14,1,1932
BRDA:79,15,0,4
BRDA:79,15,1,1928
BRDA:79,16,0,0
BRDA:79,16,1,4
BRDA:79,17,0,4
BRDA:79,17,1,4
BRDA:79,18,0,0
BRDA:79,18,1,1928
BRDA:79,19,0,1928
BRDA:79,19,1,1928
BRDA:80,20,0,1932
BRDA:80,20,1,1407
BRDA:80,21,0,0
BRDA:80,21,1,1407
BRDA:80,22,0,1407
BRDA:80,22,1,1407
BRDA:81,23,0,1932
BRDA:81,23,1,18
BRDA:81,24,0,0
BRDA:81,24,1,18
BRDA:81,25,0,18
BRDA:81,25,1,18
BRDA:82,26,0,1932
BRDA:82,26,1,19
BRDA:82,27,0,0
BRDA:82,27,1,19
BRDA:82,28,0,19
BRDA:82,28,1,19
BRDA:85,29,0,1932
BRDA:85,29,1,0
BRDA:85,30,0,1932
BRDA:85,30,1,1932
BRDA:86,31,0,1932
BRDA:86,31,1,0
BRDA:86,32,0,1932
BRDA:86,32,1,1932
BRDA:87,33,0,1932
BRDA:87,33,1,0
BRDA:87,34,0,1932
BRDA:87,34,1,1932
BRDA:142,35,0,84
BRDA:142,35,1,0
BRDA:142,36,0,84
BRDA:142,36,1,84
BRDA:143,37,0,0
BRDA:143,37,1,84
BRDA:143,38,0,84
BRDA:143,38,1,84
BRDA:144,39,0,0
BRDA:144,39,1,84
BRDA:144,40,0,84
BRDA:144,40,1,84
BRDA:145,41,0,84
BRDA:145,41,1,0
BRDA:145,42,0,0
BRDA:145,42,1,0
BRDA:145,43,0,0
BRDA:145,43,1,0
BRDA:146,44,0,84
BRDA:146,44,1,0
BRDA:146,45,0,0
BRDA:146,45,1,0
BRDA:146,46,0,0
BRDA:146,46,1,0
BRDA:148,47,0,84
BRDA:148,47,1,0
BRDA:148,48,0,84
BRDA:148,48,1,84
BRDA:200,49,0,64
BRDA:200,49,1,0
BRDA:200,50,0,64
BRDA:200,50,1,64
BRDA:201,51,0,0
BRDA:201,51,1,64
BRDA:201,52,0,64
BRDA:201,52,1,64
BRDA:202,53,0,0
BRDA:202,53,1,64
BRDA:202,54,0,64
BRDA:202,54,1,64
BRDA:203,55,0,64
BRDA:203,55,1,0
BRDA:203,56,0,0
BRDA:203,56,1,0
BRDA:203,57,0,0
BRDA:203,57,1,0
BRDA:204,58,0,64
BRDA:204,58,1,0
BRDA:204,59,0,0
BRDA:204,59,1,0
BRDA:204,60,0,0
BRDA:204,60,1,0
BRDA:206,61,0,64
BRDA:206,61,1,0
BRDA:206,62,0,64
BRDA:206,62,1,64
BRDA:234,63,0,57
BRDA:234,63,1,0
BRDA:234,64,0,57
BRDA:234,64,1,57
BRDA:235,65,0,0
BRDA:235,65,1,57
BRDA:235,66,0,57
BRDA:235,66,1,57
BRDA:236,67,0,57
BRDA:236,67,1,46
BRDA:236,68,0,0
BRDA:236,68,1,46
BRDA:236,69,0,46
BRDA:236,69,1,46
BRDA:237,70,0,57
BRDA:237,70,1,7
BRDA:237,71,0,0
BRDA:237,71,1,7
BRDA:237,72,0,7
BRDA:237,72,1,7
BRDA:238,73,0,57
BRDA:238,73,1,4
BRDA:238,74,0,0
BRDA:238,74,1,4
BRDA:238,75,0,4
BRDA:238,75,1,4
BRDA:241,76,0,57
BRDA:241,76,1,46
BRDA:245,77,0,46
BRDA:245,77,1,0
BRDA:245,78,0,46
BRDA:245,78,1,46
BRDA:246,79,0,0
BRDA:246,79,1,46
BRDA:246,80,0,46
BRDA:246,80,1,46
BRDA:254,81,0,322
BRDA:254,81,1,0
BRDA:254,82,0,322
BRDA:254,82,1,322
BRDA:255,83,0,0
BRDA:255,83,1,322
BRDA:255,84,0,322
BRDA:255,84,1,322
BRDA:266,85,0,57
BRDA:266,85,1,0
BRDA:266,86,0,57
BRDA:266,86,1,57
BRDA:267,87,0,0
BRDA:267,87,1,57
BRDA:267,88,0,57
BRDA:267,88,1,57
BRDA:270,89,0,57
BRDA:270,89,1,46
BRDA:271,90,0,57
BRDA:271,90,1,7
BRDA:272,91,0,57
BRDA:272,91,1,4
BRF:185
BRH:129
end_of_record
TN:
SF:packages\react-calendar\components\body\index.ts
FNF:0
FNH:0
DA:1,1
LF:1
LH:1
BRF:0
BRH:0
end_of_record
TN:
SF:packages\react-calendar\components\body\pick-range-classnames.ts
FN:16,getPickRangeClassNames
FNF:1
FNH:1
FNDA:462,getPickRangeClassNames
DA:2,1
DA:3,1
DA:4,1
DA:5,1
DA:16,1
DA:18,462
DA:19,462
DA:20,462
DA:21,462
DA:22,462
DA:23,462
DA:26,462
DA:27,462
DA:28,462
DA:30,462
DA:31,462
DA:32,462
DA:35,462
DA:36,462
DA:39,462
DA:40,462
DA:43,462
DA:44,462
DA:47,462
DA:48,462
DA:49,462
DA:51,462
LF:27
LH:27
BRDA:27,0,0,462
BRDA:27,0,1,378
BRDA:30,1,0,462
BRDA:30,1,1,294
BRDA:31,2,0,462
BRDA:31,2,1,84
BRDA:32,3,0,462
BRDA:32,3,1,2
BRDA:32,3,2,2
BRDA:35,4,0,294
BRDA:35,4,1,168
BRDA:36,5,0,462
BRDA:36,5,1,287
BRDA:39,6,0,462
BRDA:39,6,1,294
BRDA:39,6,2,42
BRDA:40,7,0,462
BRDA:40,7,1,6
BRDA:40,7,2,0
BRDA:43,8,0,462
BRDA:43,8,1,6
BRDA:44,9,0,420
BRDA:44,9,1,42
BRDA:44,10,0,462
BRDA:44,10,1,42
BRDA:47,11,0,462
BRDA:47,11,1,378
BRDA:48,12,0,462
BRDA:48,12,1,126
BRDA:48,13,0,0
BRDA:48,13,1,126
BRDA:48,14,0,126
BRDA:48,14,1,126
BRDA:48,15,0,0
BRDA:48,15,1,126
BRDA:48,16,0,126
BRDA:48,16,1,126
BRDA:49,17,0,462
BRDA:49,17,1,126
BRDA:49,18,0,0
BRDA:49,18,1,126
BRDA:49,19,0,126
BRDA:49,19,1,126
BRDA:49,20,0,0
BRDA:49,20,1,126
BRDA:49,21,0,126
BRDA:49,21,1,126
BRDA:52,22,0,462
BRDA:52,22,1,6
BRDA:52,23,0,0
BRDA:52,23,1,6
BRDA:52,24,0,6
BRDA:52,24,1,6
BRDA:53,25,0,462
BRDA:53,25,1,12
BRDA:53,26,0,0
BRDA:53,26,1,12
BRDA:53,27,0,12
BRDA:53,27,1,12
BRDA:54,28,0,462
BRDA:54,28,1,0
BRDA:54,29,0,0
BRDA:54,29,1,0
BRDA:54,30,0,0
BRDA:54,30,1,0
BRDA:55,31,0,462
BRDA:55,31,1,0
BRDA:55,32,0,0
BRDA:55,32,1,0
BRDA:55,33,0,0
BRDA:55,33,1,0
BRDA:56,34,0,462
BRDA:56,34,1,0
BRDA:56,35,0,0
BRDA:56,35,1,0
BRDA:56,36,0,0
BRDA:56,36,1,0
BRDA:57,37,0,462
BRDA:57,37,1,3
BRDA:57,38,0,0
BRDA:57,38,1,3
BRDA:57,39,0,3
BRDA:57,39,1,3
BRDA:58,40,0,462
BRDA:58,40,1,3
BRDA:58,41,0,0
BRDA:58,41,1,3
BRDA:58,42,0,3
BRDA:58,42,1,3
BRDA:59,43,0,462
BRDA:59,43,1,1
BRDA:59,44,0,0
BRDA:59,44,1,1
BRDA:59,45,0,1
BRDA:59,45,1,1
BRF:95
BRH:70
end_of_record
TN:
SF:packages\react-calendar\hooks\use-bind-consumer.ts
FN:9,useBindConsumer
FN:13,(anonymous_1)
FN:14,(anonymous_2)
FN:16,(anonymous_3)
FNF:4
FNH:4
FNDA:57,useBindConsumer
FNDA:19,(anonymous_1)
FNDA:19,(anonymous_2)
FNDA:19,(anonymous_3)
DA:1,1
DA:9,1
DA:10,57
DA:11,57
DA:13,57
DA:14,57
DA:16,57
DA:17,19
DA:18,0
DA:22,57
DA:24,57
DA:25,0
DA:26,0
DA:27,0
DA:28,0
DA:34,57
LF:16
LH:11
BRDA:14,0,0,19
BRDA:14,0,1,19
BRDA:14,1,0,19
BRDA:14,1,1,0
BRDA:14,2,0,19
BRDA:14,2,1,19
BRDA:17,3,0,19
BRDA:17,3,1,0
BRDA:18,4,0,0
BRDA:18,4,1,0
BRDA:18,5,0,0
BRDA:18,5,1,0
BRDA:18,6,0,0
BRDA:18,6,1,0
BRDA:22,7,0,57
BRDA:22,7,1,0
BRDA:24,8,0,0
BRDA:24,8,1,57
BRDA:24,9,0,57
BRDA:24,9,1,0
BRDA:26,10,0,0
BRDA:26,10,1,0
BRDA:37,11,0,57
BRDA:37,11,1,0
BRDA:37,12,0,57
BRDA:37,12,1,57
BRF:26
BRH:12
end_of_record
TN:
SF:packages\react-calendar\hooks\use-dispatcher.ts
FN:5,useDispatcher
FN:13,(anonymous_2)
FNF:2
FNH:2
FNDA:57,useDispatcher
FNDA:19,(anonymous_2)
DA:1,1
DA:3,1
DA:5,1
DA:7,57
DA:8,57
DA:9,57
DA:13,57
DA:15,57
DA:17,57
LF:9
LH:9
BRDA:15,0,0,0
BRDA:15,0,1,57
BRDA:15,1,0,57
BRDA:15,1,1,0
BRF:4
BRH:2
end_of_record
TN:
SF:packages\react-calendar\hooks\use-force-update.ts
FN:3,useForceUpdate
FN:5,(anonymous_1)
FNF:2
FNH:2
FNDA:57,useForceUpdate
FNDA:16,(anonymous_1)
DA:1,1
DA:3,1
DA:4,57
DA:5,57
LF:4
LH:4
BRF:0
BRH:0
end_of_record
TN:
SF:packages\react-calendar\hooks\use-props.ts
FN:24,useProps
FN:31,(anonymous_1)
FNF:2
FNH:2
FNDA:388,useProps
FNDA:1940,(anonymous_1)
DA:1,1
DA:2,1
DA:13,1
DA:24,1
DA:27,388
DA:31,388
DA:32,1940
DA:33,84
DA:37,388
LF:9
LH:9
BRDA:32,0,0,84
BRDA:32,0,1,1856
BRDA:32,1,0,1940
BRDA:32,1,1,1940
BRF:4
BRH:4
end_of_record
TN:
SF:packages\react-calendar\hooks\use-will-mount.ts
FN:5,useWillMount
FN:6,(anonymous_1)
FNF:2
FNH:2
FNDA:57,useWillMount
FNDA:19,(anonymous_1)
DA:1,1
DA:3,1
DA:5,1
DA:6,57
DA:8,57
DA:9,19
DA:10,19
LF:7
LH:7
BRDA:8,0,0,19
BRDA:8,0,1,38
BRF:2
BRH:2
end_of_record
TN:
SF:packages\react-calendar\utils\classname-resolve.ts
FN:1,classNameResolve
FNF:1
FNH:1
FNDA:2790,classNameResolve
DA:1,25302
DA:2,2790
LF:2
LH:2
BRF:0
BRH:0
end_of_record
TN:
SF:packages\react-calendar\utils\compare-dates.ts
FN:1,compareDates
FN:2,(anonymous_1)
FNF:2
FNH:2
FNDA:1932,compareDates
FNDA:3864,(anonymous_1)
DA:1,7728
DA:2,3864
DA:3,1932
LF:3
LH:3
BRDA:2,0,0,0
BRDA:2,0,1,3864
BRDA:2,1,0,3864
BRDA:2,1,1,3864
BRF:4
BRH:3
end_of_record
TN:
SF:packages\react-calendar\utils\date-between-range.ts
FN:1,dateBetweenRange
FNF:1
FNH:1
FNDA:378,dateBetweenRange
DA:1,1
DA:2,378
DA:4,126
DA:5,126
DA:6,126
DA:8,126
DA:9,6
DA:12,120
DA:13,12
DA:16,108
LF:10
LH:10
BRDA:2,0,0,252
BRDA:2,0,1,126
BRDA:2,1,0,378
BRDA:2,1,1,378
BRDA:2,1,2,378
BRDA:4,2,0,0
BRDA:4,2,1,126
BRDA:4,3,0,126
BRDA:4,3,1,126
BRDA:5,4,0,0
BRDA:5,4,1,126
BRDA:5,5,0,126
BRDA:5,5,1,126
BRDA:6,6,0,0
BRDA:6,6,1,126
BRDA:6,7,0,126
BRDA:6,7,1,126
BRDA:8,8,0,6
BRDA:8,8,1,120
BRDA:8,9,0,126
BRDA:8,9,1,123
BRDA:12,10,0,12
BRDA:12,10,1,108
BRDA:12,11,0,120
BRDA:12,11,1,78
BRDA:12,11,2,108
BRDA:12,11,3,42
BRF:27
BRH:24
end_of_record
TN:
SF:packages\react-calendar\utils\date-diff.ts
FN:1,(anonymous_0)
FNF:1
FNH:1
FNDA:344,(anonymous_0)
DA:1,1
DA:2,344
DA:3,344
DA:4,344
LF:4
LH:4
BRF:0
BRH:0
end_of_record
TN:
SF:packages\react-calendar\utils\date-includes.ts
FN:1,dateIncludes
FNF:1
FNH:1
FNDA:2080,dateIncludes
DA:1,1
DA:2,2080
DA:3,4160
DA:4,791
DA:5,19
DA:9,2061
LF:6
LH:6
BRDA:4,0,0,19
BRDA:4,0,1,772
BRF:2
BRH:2
end_of_record
TN:
SF:packages\react-calendar\utils\date-sort.ts
FN:1,(anonymous_0)
FN:3,(anonymous_1)
FNF:2
FNH:2
FNDA:469,(anonymous_0)
FNDA:132,(anonymous_1)
DA:1,1371
DA:2,469
DA:3,469
LF:3
LH:3
BRF:0
BRH:0
end_of_record
TN:
SF:packages\react-calendar\utils\exclude-equal-dates.ts
FN:1,(anonymous_0)
FN:4,(anonymous_1)
FN:5,(anonymous_2)
FN:6,(anonymous_3)
FNF:4
FNH:4
FNDA:1218,(anonymous_0)
FNDA:1176,(anonymous_1)
FNDA:1176,(anonymous_2)
FNDA:1176,(anonymous_3)
DA:1,4872
DA:2,1218
DA:3,1218
DA:4,1176
DA:5,1176
DA:6,1176
LF:6
LH:6
BRF:0
BRH:0
end_of_record
TN:
SF:packages\react-calendar\utils\get-dates-range.ts
FN:3,getDatesRange
FNF:1
FNH:1
FNDA:4,getDatesRange
DA:1,1
DA:3,1
DA:4,4
DA:5,4
DA:6,4
DA:7,4
DA:9,4
DA:10,14
DA:11,14
DA:14,4
LF:10
LH:10
BRF:0
BRH:0
end_of_record
TN:
SF:packages\react-calendar\utils\onclick-handler.ts
FN:3,customOnClick
FN:4,(anonymous_1)
FN:8,(anonymous_2)
FNF:3
FNH:2
FNDA:6115,customOnClick
FNDA:43,(anonymous_1)
FNDA:0,(anonymous_2)
DA:3,1
DA:4,6115
DA:5,43
DA:6,0
DA:8,0
DA:10,43
DA:11,0
DA:12,43
DA:13,43
LF:9
LH:6
BRDA:5,0,0,0
BRDA:5,0,1,43
BRDA:5,1,0,43
BRDA:5,1,1,43
BRDA:8,2,0,0
BRDA:8,2,1,0
BRDA:10,3,0,0
BRDA:10,3,1,43
BRDA:12,4,0,43
BRDA:12,4,1,0
BRF:10
BRH:5
end_of_record
TN:
SF:packages\react-calendar\utils\selected-dates.ts
FN:1,getSelectedDates
FNF:1
FNH:1
FNDA:71,getSelectedDates
DA:1,1
DA:2,71
DA:3,20
DA:4,51
DA:5,1
DA:8,50
LF:6
LH:6
BRDA:2,0,0,20
BRDA:2,0,1,51
BRDA:3,1,0,20
BRDA:3,1,1,0
BRDA:4,2,0,1
BRDA:4,2,1,50
BRF:6
BRH:5
end_of_record
